<?xml version="1.0" encoding="UTF-8"?>
<!-- Generated by org.testng.reporters.JUnitXMLReporter -->
<testsuite ignored="0" hostname="DESKTOP-2PIKAKN" failures="1" tests="1" name="Default test" time="9.608" errors="0" timestamp="16 Sep 2023 18:32:25 GMT">
  <testcase classname="com.framework.testng.api.base.ProjectHooks" name="@AfterMethod postCondition" time="0.0">
    <failure type="java.lang.RuntimeException" message="See the reporter for details.">
      <![CDATA[java.lang.RuntimeException: See the reporter for details.
	at com.framework.utils.ExtentReporter.reportStep(ExtentReporter.java:94)
	at com.framework.selenium.api.base.SeleniumBase.close(SeleniumBase.java:856)
	at com.framework.testng.api.base.ProjectHooks.postCondition(ProjectHooks.java:27)
	at java.base/jdk.internal.reflect.NativeMethodAccessorImpl.invoke0(Native Method)
	at java.base/jdk.internal.reflect.NativeMethodAccessorImpl.invoke(NativeMethodAccessorImpl.java:64)
	at java.base/jdk.internal.reflect.DelegatingMethodAccessorImpl.invoke(DelegatingMethodAccessorImpl.java:43)
	at java.base/java.lang.reflect.Method.invoke(Method.java:564)
	at org.testng.internal.MethodInvocationHelper.invokeMethod(MethodInvocationHelper.java:104)
	at org.testng.internal.Invoker.invokeConfigurationMethod(Invoker.java:515)
	at org.testng.internal.Invoker.invokeConfigurations(Invoker.java:217)
	at org.testng.internal.Invoker.invokeMethod(Invoker.java:712)
	at org.testng.internal.Invoker.invokeTestMethod(Invoker.java:851)
	at org.testng.internal.Invoker.invokeTestMethods(Invoker.java:1177)
	at org.testng.internal.TestMethodWorker.invokeTestMethods(TestMethodWorker.java:129)
	at org.testng.internal.TestMethodWorker.run(TestMethodWorker.java:112)
	at org.testng.TestRunner.privateRun(TestRunner.java:756)
	at org.testng.TestRunner.run(TestRunner.java:610)
	at org.testng.SuiteRunner.runTest(SuiteRunner.java:387)
	at org.testng.SuiteRunner.runSequentially(SuiteRunner.java:382)
	at org.testng.SuiteRunner.privateRun(SuiteRunner.java:340)
	at org.testng.SuiteRunner.run(SuiteRunner.java:289)
	at org.testng.SuiteRunnerWorker.runSuite(SuiteRunnerWorker.java:52)
	at org.testng.SuiteRunnerWorker.run(SuiteRunnerWorker.java:86)
	at org.testng.TestNG.runSuitesSequentially(TestNG.java:1293)
	at org.testng.TestNG.runSuitesLocally(TestNG.java:1218)
	at org.testng.TestNG.runSuites(TestNG.java:1133)
	at org.testng.TestNG.run(TestNG.java:1104)
	at org.testng.remote.AbstractRemoteTestNG.run(AbstractRemoteTestNG.java:115)
	at org.testng.remote.RemoteTestNG.initAndRun(RemoteTestNG.java:251)
	at org.testng.remote.RemoteTestNG.main(RemoteTestNG.java:77)
]]>
    </failure>
  </testcase> <!-- @AfterMethod postCondition -->
  <testcase classname="com.leaftaps.testcases.ReadAndWrite" name="runTests" time="3.169">
    <failure type="java.lang.StackOverflowError">
      <![CDATA[java.lang.StackOverflowError
	at org.openqa.selenium.remote.RemoteWebDriver.execute(RemoteWebDriver.java:552)
	at org.openqa.selenium.remote.RemoteWebDriver.execute(RemoteWebDriver.java:591)
	at org.openqa.selenium.remote.RemoteWebDriver.execute(RemoteWebDriver.java:595)
	at org.openqa.selenium.remote.RemoteWebDriver.getScreenshotAs(RemoteWebDriver.java:321)
	at com.framework.selenium.api.base.SeleniumBase.takeSnap(SeleniumBase.java:840)
	at com.framework.utils.ExtentReporter.reportStep(ExtentReporter.java:82)
	at com.framework.utils.ExtentReporter.reportStep(ExtentReporter.java:115)
	at com.framework.selenium.api.base.SeleniumBase.takeSnap(SeleniumBase.java:843)
	at com.framework.utils.ExtentReporter.reportStep(ExtentReporter.java:82)
	at com.framework.utils.ExtentReporter.reportStep(ExtentReporter.java:115)
	at com.framework.selenium.api.base.SeleniumBase.takeSnap(SeleniumBase.java:843)
	at com.framework.utils.ExtentReporter.reportStep(ExtentReporter.java:82)
	at com.framework.utils.ExtentReporter.reportStep(ExtentReporter.java:115)
	at com.framework.selenium.api.base.SeleniumBase.takeSnap(SeleniumBase.java:843)
	at com.framework.utils.ExtentReporter.reportStep(ExtentReporter.java:82)
	at com.framework.utils.ExtentReporter.reportStep(ExtentReporter.java:115)
	at com.framework.selenium.api.base.SeleniumBase.takeSnap(SeleniumBase.java:843)
	at com.framework.utils.ExtentReporter.reportStep(ExtentReporter.java:82)
	at com.framework.utils.ExtentReporter.reportStep(ExtentReporter.java:115)
	at com.framework.selenium.api.base.SeleniumBase.takeSnap(SeleniumBase.java:843)
	at com.framework.utils.ExtentReporter.reportStep(ExtentReporter.java:82)
	at com.framework.utils.ExtentReporter.reportStep(ExtentReporter.java:115)
	at com.framework.selenium.api.base.SeleniumBase.takeSnap(SeleniumBase.java:843)
	at com.framework.utils.ExtentReporter.reportStep(ExtentReporter.java:82)
	at com.framework.utils.ExtentReporter.reportStep(ExtentReporter.java:115)
	at com.framework.selenium.api.base.SeleniumBase.takeSnap(SeleniumBase.java:843)
	at com.framework.utils.ExtentReporter.reportStep(ExtentReporter.java:82)
	at com.framework.utils.ExtentReporter.reportStep(ExtentReporter.java:115)
	at com.framework.selenium.api.base.SeleniumBase.takeSnap(SeleniumBase.java:843)
	at com.framework.utils.ExtentReporter.reportStep(ExtentReporter.java:82)
	at com.framework.utils.ExtentReporter.reportStep(ExtentReporter.java:115)
	at com.framework.selenium.api.base.SeleniumBase.takeSnap(SeleniumBase.java:843)
	at com.framework.utils.ExtentReporter.reportStep(ExtentReporter.java:82)
	at com.framework.utils.ExtentReporter.reportStep(ExtentReporter.java:115)
	at com.framework.selenium.api.base.SeleniumBase.takeSnap(SeleniumBase.java:843)
	at com.framework.utils.ExtentReporter.reportStep(ExtentReporter.java:82)
	at com.framework.utils.ExtentReporter.reportStep(ExtentReporter.java:115)
	at com.framework.selenium.api.base.SeleniumBase.takeSnap(SeleniumBase.java:843)
	at com.framework.utils.ExtentReporter.reportStep(ExtentReporter.java:82)
	at com.framework.utils.ExtentReporter.reportStep(ExtentReporter.java:115)
	at com.framework.selenium.api.base.SeleniumBase.takeSnap(SeleniumBase.java:843)
	at com.framework.utils.ExtentReporter.reportStep(ExtentReporter.java:82)
	at com.framework.utils.ExtentReporter.reportStep(ExtentReporter.java:115)
	at com.framework.selenium.api.base.SeleniumBase.takeSnap(SeleniumBase.java:843)
	at com.framework.utils.ExtentReporter.reportStep(ExtentReporter.java:82)
	at com.framework.utils.ExtentReporter.reportStep(ExtentReporter.java:115)
	at com.framework.selenium.api.base.SeleniumBase.takeSnap(SeleniumBase.java:843)
	at com.framework.utils.ExtentReporter.reportStep(ExtentReporter.java:82)
	at com.framework.utils.ExtentReporter.reportStep(ExtentReporter.java:115)
	at com.framework.selenium.api.base.SeleniumBase.takeSnap(SeleniumBase.java:843)
	at com.framework.utils.ExtentReporter.reportStep(ExtentReporter.java:82)
	at com.framework.utils.ExtentReporter.reportStep(ExtentReporter.java:115)
	at com.framework.selenium.api.base.SeleniumBase.takeSnap(SeleniumBase.java:843)
	at com.framework.utils.ExtentReporter.reportStep(ExtentReporter.java:82)
	at com.framework.utils.ExtentReporter.reportStep(ExtentReporter.java:115)
	at com.framework.selenium.api.base.SeleniumBase.takeSnap(SeleniumBase.java:843)
	at com.framework.utils.ExtentReporter.reportStep(ExtentReporter.java:82)
	at com.framework.utils.ExtentReporter.reportStep(ExtentReporter.java:115)
	at com.framework.selenium.api.base.SeleniumBase.takeSnap(SeleniumBase.java:843)
	at com.framework.utils.ExtentReporter.reportStep(ExtentReporter.java:82)
	at com.framework.utils.ExtentReporter.reportStep(ExtentReporter.java:115)
	at com.framework.selenium.api.base.SeleniumBase.takeSnap(SeleniumBase.java:843)
	at com.framework.utils.ExtentReporter.reportStep(ExtentReporter.java:82)
	at com.framework.utils.ExtentReporter.reportStep(ExtentReporter.java:115)
	at com.framework.selenium.api.base.SeleniumBase.takeSnap(SeleniumBase.java:843)
	at com.framework.utils.ExtentReporter.reportStep(ExtentReporter.java:82)
	at com.framework.utils.ExtentReporter.reportStep(ExtentReporter.java:115)
	at com.framework.selenium.api.base.SeleniumBase.takeSnap(SeleniumBase.java:843)
	at com.framework.utils.ExtentReporter.reportStep(ExtentReporter.java:82)
	at com.framework.utils.ExtentReporter.reportStep(ExtentReporter.java:115)
	at com.framework.selenium.api.base.SeleniumBase.takeSnap(SeleniumBase.java:843)
	at com.framework.utils.ExtentReporter.reportStep(ExtentReporter.java:82)
	at com.framework.utils.ExtentReporter.reportStep(ExtentReporter.java:115)
	at com.framework.selenium.api.base.SeleniumBase.takeSnap(SeleniumBase.java:843)
	at com.framework.utils.ExtentReporter.reportStep(ExtentReporter.java:82)
	at com.framework.utils.ExtentReporter.reportStep(ExtentReporter.java:115)
	at com.framework.selenium.api.base.SeleniumBase.takeSnap(SeleniumBase.java:843)
	at com.framework.utils.ExtentReporter.reportStep(ExtentReporter.java:82)
	at com.framework.utils.ExtentReporter.reportStep(ExtentReporter.java:115)
	at com.framework.selenium.api.base.SeleniumBase.takeSnap(SeleniumBase.java:843)
	at com.framework.utils.ExtentReporter.reportStep(ExtentReporter.java:82)
	at com.framework.utils.ExtentReporter.reportStep(ExtentReporter.java:115)
	at com.framework.selenium.api.base.SeleniumBase.takeSnap(SeleniumBase.java:843)
	at com.framework.utils.ExtentReporter.reportStep(ExtentReporter.java:82)
	at com.framework.utils.ExtentReporter.reportStep(ExtentReporter.java:115)
	at com.framework.selenium.api.base.SeleniumBase.takeSnap(SeleniumBase.java:843)
	at com.framework.utils.ExtentReporter.reportStep(ExtentReporter.java:82)
	at com.framework.utils.ExtentReporter.reportStep(ExtentReporter.java:115)
	at com.framework.selenium.api.base.SeleniumBase.takeSnap(SeleniumBase.java:843)
	at com.framework.utils.ExtentReporter.reportStep(ExtentReporter.java:82)
	at com.framework.utils.ExtentReporter.reportStep(ExtentReporter.java:115)
	at com.framework.selenium.api.base.SeleniumBase.takeSnap(SeleniumBase.java:843)
	at com.framework.utils.ExtentReporter.reportStep(ExtentReporter.java:82)
	at com.framework.utils.ExtentReporter.reportStep(ExtentReporter.java:115)
	at com.framework.selenium.api.base.SeleniumBase.takeSnap(SeleniumBase.java:843)
	at com.framework.utils.ExtentReporter.reportStep(ExtentReporter.java:82)
	at com.framework.utils.ExtentReporter.reportStep(ExtentReporter.java:115)
	at com.framework.selenium.api.base.SeleniumBase.takeSnap(SeleniumBase.java:843)
	at com.framework.utils.ExtentReporter.reportStep(ExtentReporter.java:82)
	at com.framework.utils.ExtentReporter.reportStep(ExtentReporter.java:115)
	at com.framework.selenium.api.base.SeleniumBase.takeSnap(SeleniumBase.java:843)
	at com.framework.utils.ExtentReporter.reportStep(ExtentReporter.java:82)
	at com.framework.utils.ExtentReporter.reportStep(ExtentReporter.java:115)
	at com.framework.selenium.api.base.SeleniumBase.takeSnap(SeleniumBase.java:843)
	at com.framework.utils.ExtentReporter.reportStep(ExtentReporter.java:82)
	at com.framework.utils.ExtentReporter.reportStep(ExtentReporter.java:115)
	at com.framework.selenium.api.base.SeleniumBase.takeSnap(SeleniumBase.java:843)
	at com.framework.utils.ExtentReporter.reportStep(ExtentReporter.java:82)
	at com.framework.utils.ExtentReporter.reportStep(ExtentReporter.java:115)
	at com.framework.selenium.api.base.SeleniumBase.takeSnap(SeleniumBase.java:843)
	at com.framework.utils.ExtentReporter.reportStep(ExtentReporter.java:82)
	at com.framework.utils.ExtentReporter.reportStep(ExtentReporter.java:115)
	at com.framework.selenium.api.base.SeleniumBase.takeSnap(SeleniumBase.java:843)
	at com.framework.utils.ExtentReporter.reportStep(ExtentReporter.java:82)
	at com.framework.utils.ExtentReporter.reportStep(ExtentReporter.java:115)
	at com.framework.selenium.api.base.SeleniumBase.takeSnap(SeleniumBase.java:843)
	at com.framework.utils.ExtentReporter.reportStep(ExtentReporter.java:82)
	at com.framework.utils.ExtentReporter.reportStep(ExtentReporter.java:115)
	at com.framework.selenium.api.base.SeleniumBase.takeSnap(SeleniumBase.java:843)
	at com.framework.utils.ExtentReporter.reportStep(ExtentReporter.java:82)
	at com.framework.utils.ExtentReporter.reportStep(ExtentReporter.java:115)
	at com.framework.selenium.api.base.SeleniumBase.takeSnap(SeleniumBase.java:843)
	at com.framework.utils.ExtentReporter.reportStep(ExtentReporter.java:82)
	at com.framework.utils.ExtentReporter.reportStep(ExtentReporter.java:115)
	at com.framework.selenium.api.base.SeleniumBase.takeSnap(SeleniumBase.java:843)
	at com.framework.utils.ExtentReporter.reportStep(ExtentReporter.java:82)
	at com.framework.utils.ExtentReporter.reportStep(ExtentReporter.java:115)
	at com.framework.selenium.api.base.SeleniumBase.takeSnap(SeleniumBase.java:843)
	at com.framework.utils.ExtentReporter.reportStep(ExtentReporter.java:82)
	at com.framework.utils.ExtentReporter.reportStep(ExtentReporter.java:115)
	at com.framework.selenium.api.base.SeleniumBase.takeSnap(SeleniumBase.java:843)
	at com.framework.utils.ExtentReporter.reportStep(ExtentReporter.java:82)
	at com.framework.utils.ExtentReporter.reportStep(ExtentReporter.java:115)
	at com.framework.selenium.api.base.SeleniumBase.takeSnap(SeleniumBase.java:843)
	at com.framework.utils.ExtentReporter.reportStep(ExtentReporter.java:82)
	at com.framework.utils.ExtentReporter.reportStep(ExtentReporter.java:115)
	at com.framework.selenium.api.base.SeleniumBase.takeSnap(SeleniumBase.java:843)
	at com.framework.utils.ExtentReporter.reportStep(ExtentReporter.java:82)
	at com.framework.utils.ExtentReporter.reportStep(ExtentReporter.java:115)
	at com.framework.selenium.api.base.SeleniumBase.takeSnap(SeleniumBase.java:843)
	at com.framework.utils.ExtentReporter.reportStep(ExtentReporter.java:82)
	at com.framework.utils.ExtentReporter.reportStep(ExtentReporter.java:115)
	at com.framework.selenium.api.base.SeleniumBase.takeSnap(SeleniumBase.java:843)
	at com.framework.utils.ExtentReporter.reportStep(ExtentReporter.java:82)
	at com.framework.utils.ExtentReporter.reportStep(ExtentReporter.java:115)
	at com.framework.selenium.api.base.SeleniumBase.takeSnap(SeleniumBase.java:843)
	at com.framework.utils.ExtentReporter.reportStep(ExtentReporter.java:82)
	at com.framework.utils.ExtentReporter.reportStep(ExtentReporter.java:115)
	at com.framework.selenium.api.base.SeleniumBase.takeSnap(SeleniumBase.java:843)
	at com.framework.utils.ExtentReporter.reportStep(ExtentReporter.java:82)
	at com.framework.utils.ExtentReporter.reportStep(ExtentReporter.java:115)
	at com.framework.selenium.api.base.SeleniumBase.takeSnap(SeleniumBase.java:843)
	at com.framework.utils.ExtentReporter.reportStep(ExtentReporter.java:82)
	at com.framework.utils.ExtentReporter.reportStep(ExtentReporter.java:115)
	at com.framework.selenium.api.base.SeleniumBase.takeSnap(SeleniumBase.java:843)
	at com.framework.utils.ExtentReporter.reportStep(ExtentReporter.java:82)
	at com.framework.utils.ExtentReporter.reportStep(ExtentReporter.java:115)
	at com.framework.selenium.api.base.SeleniumBase.takeSnap(SeleniumBase.java:843)
	at com.framework.utils.ExtentReporter.reportStep(ExtentReporter.java:82)
	at com.framework.utils.ExtentReporter.reportStep(ExtentReporter.java:115)
	at com.framework.selenium.api.base.SeleniumBase.takeSnap(SeleniumBase.java:843)
	at com.framework.utils.ExtentReporter.reportStep(ExtentReporter.java:82)
	at com.framework.utils.ExtentReporter.reportStep(ExtentReporter.java:115)
	at com.framework.selenium.api.base.SeleniumBase.takeSnap(SeleniumBase.java:843)
	at com.framework.utils.ExtentReporter.reportStep(ExtentReporter.java:82)
	at com.framework.utils.ExtentReporter.reportStep(ExtentReporter.java:115)
	at com.framework.selenium.api.base.SeleniumBase.takeSnap(SeleniumBase.java:843)
	at com.framework.utils.ExtentReporter.reportStep(ExtentReporter.java:82)
	at com.framework.utils.ExtentReporter.reportStep(ExtentReporter.java:115)
	at com.framework.selenium.api.base.SeleniumBase.takeSnap(SeleniumBase.java:843)
	at com.framework.utils.ExtentReporter.reportStep(ExtentReporter.java:82)
	at com.framework.utils.ExtentReporter.reportStep(ExtentReporter.java:115)
	at com.framework.selenium.api.base.SeleniumBase.takeSnap(SeleniumBase.java:843)
	at com.framework.utils.ExtentReporter.reportStep(ExtentReporter.java:82)
	at com.framework.utils.ExtentReporter.reportStep(ExtentReporter.java:115)
	at com.framework.selenium.api.base.SeleniumBase.takeSnap(SeleniumBase.java:843)
	at com.framework.utils.ExtentReporter.reportStep(ExtentReporter.java:82)
	at com.framework.utils.ExtentReporter.reportStep(ExtentReporter.java:115)
	at com.framework.selenium.api.base.SeleniumBase.takeSnap(SeleniumBase.java:843)
	at com.framework.utils.ExtentReporter.reportStep(ExtentReporter.java:82)
	at com.framework.utils.ExtentReporter.reportStep(ExtentReporter.java:115)
	at com.framework.selenium.api.base.SeleniumBase.takeSnap(SeleniumBase.java:843)
	at com.framework.utils.ExtentReporter.reportStep(ExtentReporter.java:82)
	at com.framework.utils.ExtentReporter.reportStep(ExtentReporter.java:115)
	at com.framework.selenium.api.base.SeleniumBase.takeSnap(SeleniumBase.java:843)
	at com.framework.utils.ExtentReporter.reportStep(ExtentReporter.java:82)
	at com.framework.utils.ExtentReporter.reportStep(ExtentReporter.java:115)
	at com.framework.selenium.api.base.SeleniumBase.takeSnap(SeleniumBase.java:843)
	at com.framework.utils.ExtentReporter.reportStep(ExtentReporter.java:82)
	at com.framework.utils.ExtentReporter.reportStep(ExtentReporter.java:115)
	at com.framework.selenium.api.base.SeleniumBase.takeSnap(SeleniumBase.java:843)
	at com.framework.utils.ExtentReporter.reportStep(ExtentReporter.java:82)
	at com.framework.utils.ExtentReporter.reportStep(ExtentReporter.java:115)
	at com.framework.selenium.api.base.SeleniumBase.takeSnap(SeleniumBase.java:843)
	at com.framework.utils.ExtentReporter.reportStep(ExtentReporter.java:82)
	at com.framework.utils.ExtentReporter.reportStep(ExtentReporter.java:115)
	at com.framework.selenium.api.base.SeleniumBase.takeSnap(SeleniumBase.java:843)
	at com.framework.utils.ExtentReporter.reportStep(ExtentReporter.java:82)
	at com.framework.utils.ExtentReporter.reportStep(ExtentReporter.java:115)
	at com.framework.selenium.api.base.SeleniumBase.takeSnap(SeleniumBase.java:843)
	at com.framework.utils.ExtentReporter.reportStep(ExtentReporter.java:82)
	at com.framework.utils.ExtentReporter.reportStep(ExtentReporter.java:115)
	at com.framework.selenium.api.base.SeleniumBase.takeSnap(SeleniumBase.java:843)
	at com.framework.utils.ExtentReporter.reportStep(ExtentReporter.java:82)
	at com.framework.utils.ExtentReporter.reportStep(ExtentReporter.java:115)
	at com.framework.selenium.api.base.SeleniumBase.takeSnap(SeleniumBase.java:843)
	at com.framework.utils.ExtentReporter.reportStep(ExtentReporter.java:82)
	at com.framework.utils.ExtentReporter.reportStep(ExtentReporter.java:115)
	at com.framework.selenium.api.base.SeleniumBase.takeSnap(SeleniumBase.java:843)
	at com.framework.utils.ExtentReporter.reportStep(ExtentReporter.java:82)
	at com.framework.utils.ExtentReporter.reportStep(ExtentReporter.java:115)
	at com.framework.selenium.api.base.SeleniumBase.takeSnap(SeleniumBase.java:843)
	at com.framework.utils.ExtentReporter.reportStep(ExtentReporter.java:82)
	at com.framework.utils.ExtentReporter.reportStep(ExtentReporter.java:115)
	at com.framework.selenium.api.base.SeleniumBase.takeSnap(SeleniumBase.java:843)
	at com.framework.utils.ExtentReporter.reportStep(ExtentReporter.java:82)
	at com.framework.utils.ExtentReporter.reportStep(ExtentReporter.java:115)
	at com.framework.selenium.api.base.SeleniumBase.takeSnap(SeleniumBase.java:843)
	at com.framework.utils.ExtentReporter.reportStep(ExtentReporter.java:82)
	at com.framework.utils.ExtentReporter.reportStep(ExtentReporter.java:115)
	at com.framework.selenium.api.base.SeleniumBase.takeSnap(SeleniumBase.java:843)
	at com.framework.utils.ExtentReporter.reportStep(ExtentReporter.java:82)
	at com.framework.utils.ExtentReporter.reportStep(ExtentReporter.java:115)
	at com.framework.selenium.api.base.SeleniumBase.takeSnap(SeleniumBase.java:843)
	at com.framework.utils.ExtentReporter.reportStep(ExtentReporter.java:82)
	at com.framework.utils.ExtentReporter.reportStep(ExtentReporter.java:115)
	at com.framework.selenium.api.base.SeleniumBase.takeSnap(SeleniumBase.java:843)
	at com.framework.utils.ExtentReporter.reportStep(ExtentReporter.java:82)
	at com.framework.utils.ExtentReporter.reportStep(ExtentReporter.java:115)
	at com.framework.selenium.api.base.SeleniumBase.takeSnap(SeleniumBase.java:843)
	at com.framework.utils.ExtentReporter.reportStep(ExtentReporter.java:82)
	at com.framework.utils.ExtentReporter.reportStep(ExtentReporter.java:115)
	at com.framework.selenium.api.base.SeleniumBase.takeSnap(SeleniumBase.java:843)
	at com.framework.utils.ExtentReporter.reportStep(ExtentReporter.java:82)
	at com.framework.utils.ExtentReporter.reportStep(ExtentReporter.java:115)
	at com.framework.selenium.api.base.SeleniumBase.takeSnap(SeleniumBase.java:843)
	at com.framework.utils.ExtentReporter.reportStep(ExtentReporter.java:82)
	at com.framework.utils.ExtentReporter.reportStep(ExtentReporter.java:115)
	at com.framework.selenium.api.base.SeleniumBase.takeSnap(SeleniumBase.java:843)
	at com.framework.utils.ExtentReporter.reportStep(ExtentReporter.java:82)
	at com.framework.utils.ExtentReporter.reportStep(ExtentReporter.java:115)
	at com.framework.selenium.api.base.SeleniumBase.takeSnap(SeleniumBase.java:843)
	at com.framework.utils.ExtentReporter.reportStep(ExtentReporter.java:82)
	at com.framework.utils.ExtentReporter.reportStep(ExtentReporter.java:115)
	at com.framework.selenium.api.base.SeleniumBase.takeSnap(SeleniumBase.java:843)
	at com.framework.utils.ExtentReporter.reportStep(ExtentReporter.java:82)
	at com.framework.utils.ExtentReporter.reportStep(ExtentReporter.java:115)
	at com.framework.selenium.api.base.SeleniumBase.takeSnap(SeleniumBase.java:843)
	at com.framework.utils.ExtentReporter.reportStep(ExtentReporter.java:82)
	at com.framework.utils.ExtentReporter.reportStep(ExtentReporter.java:115)
	at com.framework.selenium.api.base.SeleniumBase.takeSnap(SeleniumBase.java:843)
	at com.framework.utils.ExtentReporter.reportStep(ExtentReporter.java:82)
	at com.framework.utils.ExtentReporter.reportStep(ExtentReporter.java:115)
	at com.framework.selenium.api.base.SeleniumBase.takeSnap(SeleniumBase.java:843)
	at com.framework.utils.ExtentReporter.reportStep(ExtentReporter.java:82)
	at com.framework.utils.ExtentReporter.reportStep(ExtentReporter.java:115)
	at com.framework.selenium.api.base.SeleniumBase.takeSnap(SeleniumBase.java:843)
	at com.framework.utils.ExtentReporter.reportStep(ExtentReporter.java:82)
	at com.framework.utils.ExtentReporter.reportStep(ExtentReporter.java:115)
	at com.framework.selenium.api.base.SeleniumBase.takeSnap(SeleniumBase.java:843)
	at com.framework.utils.ExtentReporter.reportStep(ExtentReporter.java:82)
	at com.framework.utils.ExtentReporter.reportStep(ExtentReporter.java:115)
	at com.framework.selenium.api.base.SeleniumBase.takeSnap(SeleniumBase.java:843)
	at com.framework.utils.ExtentReporter.reportStep(ExtentReporter.java:82)
	at com.framework.utils.ExtentReporter.reportStep(ExtentReporter.java:115)
	at com.framework.selenium.api.base.SeleniumBase.takeSnap(SeleniumBase.java:843)
	at com.framework.utils.ExtentReporter.reportStep(ExtentReporter.java:82)
	at com.framework.utils.ExtentReporter.reportStep(ExtentReporter.java:115)
	at com.framework.selenium.api.base.SeleniumBase.takeSnap(SeleniumBase.java:843)
	at com.framework.utils.ExtentReporter.reportStep(ExtentReporter.java:82)
	at com.framework.utils.ExtentReporter.reportStep(ExtentReporter.java:115)
	at com.framework.selenium.api.base.SeleniumBase.takeSnap(SeleniumBase.java:843)
	at com.framework.utils.ExtentReporter.reportStep(ExtentReporter.java:82)
	at com.framework.utils.ExtentReporter.reportStep(ExtentReporter.java:115)
	at com.framework.selenium.api.base.SeleniumBase.takeSnap(SeleniumBase.java:843)
	at com.framework.utils.ExtentReporter.reportStep(ExtentReporter.java:82)
	at com.framework.utils.ExtentReporter.reportStep(ExtentReporter.java:115)
	at com.framework.selenium.api.base.SeleniumBase.takeSnap(SeleniumBase.java:843)
	at com.framework.utils.ExtentReporter.reportStep(ExtentReporter.java:82)
	at com.framework.utils.ExtentReporter.reportStep(ExtentReporter.java:115)
	at com.framework.selenium.api.base.SeleniumBase.takeSnap(SeleniumBase.java:843)
	at com.framework.utils.ExtentReporter.reportStep(ExtentReporter.java:82)
	at com.framework.utils.ExtentReporter.reportStep(ExtentReporter.java:115)
	at com.framework.selenium.api.base.SeleniumBase.takeSnap(SeleniumBase.java:843)
	at com.framework.utils.ExtentReporter.reportStep(ExtentReporter.java:82)
	at com.framework.utils.ExtentReporter.reportStep(ExtentReporter.java:115)
	at com.framework.selenium.api.base.SeleniumBase.takeSnap(SeleniumBase.java:843)
	at com.framework.utils.ExtentReporter.reportStep(ExtentReporter.java:82)
	at com.framework.utils.ExtentReporter.reportStep(ExtentReporter.java:115)
	at com.framework.selenium.api.base.SeleniumBase.takeSnap(SeleniumBase.java:843)
	at com.framework.utils.ExtentReporter.reportStep(ExtentReporter.java:82)
	at com.framework.utils.ExtentReporter.reportStep(ExtentReporter.java:115)
	at com.framework.selenium.api.base.SeleniumBase.takeSnap(SeleniumBase.java:843)
	at com.framework.utils.ExtentReporter.reportStep(ExtentReporter.java:82)
	at com.framework.utils.ExtentReporter.reportStep(ExtentReporter.java:115)
	at com.framework.selenium.api.base.SeleniumBase.takeSnap(SeleniumBase.java:843)
	at com.framework.utils.ExtentReporter.reportStep(ExtentReporter.java:82)
	at com.framework.utils.ExtentReporter.reportStep(ExtentReporter.java:115)
	at com.framework.selenium.api.base.SeleniumBase.takeSnap(SeleniumBase.java:843)
	at com.framework.utils.ExtentReporter.reportStep(ExtentReporter.java:82)
	at com.framework.utils.ExtentReporter.reportStep(ExtentReporter.java:115)
	at com.framework.selenium.api.base.SeleniumBase.takeSnap(SeleniumBase.java:843)
	at com.framework.utils.ExtentReporter.reportStep(ExtentReporter.java:82)
	at com.framework.utils.ExtentReporter.reportStep(ExtentReporter.java:115)
	at com.framework.selenium.api.base.SeleniumBase.takeSnap(SeleniumBase.java:843)
	at com.framework.utils.ExtentReporter.reportStep(ExtentReporter.java:82)
	at com.framework.utils.ExtentReporter.reportStep(ExtentReporter.java:115)
	at com.framework.selenium.api.base.SeleniumBase.takeSnap(SeleniumBase.java:843)
	at com.framework.utils.ExtentReporter.reportStep(ExtentReporter.java:82)
	at com.framework.utils.ExtentReporter.reportStep(ExtentReporter.java:115)
	at com.framework.selenium.api.base.SeleniumBase.takeSnap(SeleniumBase.java:843)
	at com.framework.utils.ExtentReporter.reportStep(ExtentReporter.java:82)
	at com.framework.utils.ExtentReporter.reportStep(ExtentReporter.java:115)
	at com.framework.selenium.api.base.SeleniumBase.takeSnap(SeleniumBase.java:843)
	at com.framework.utils.ExtentReporter.reportStep(ExtentReporter.java:82)
	at com.framework.utils.ExtentReporter.reportStep(ExtentReporter.java:115)
	at com.framework.selenium.api.base.SeleniumBase.takeSnap(SeleniumBase.java:843)
	at com.framework.utils.ExtentReporter.reportStep(ExtentReporter.java:82)
	at com.framework.utils.ExtentReporter.reportStep(ExtentReporter.java:115)
	at com.framework.selenium.api.base.SeleniumBase.takeSnap(SeleniumBase.java:843)
	at com.framework.utils.ExtentReporter.reportStep(ExtentReporter.java:82)
	at com.framework.utils.ExtentReporter.reportStep(ExtentReporter.java:115)
	at com.framework.selenium.api.base.SeleniumBase.takeSnap(SeleniumBase.java:843)
	at com.framework.utils.ExtentReporter.reportStep(ExtentReporter.java:82)
	at com.framework.utils.ExtentReporter.reportStep(ExtentReporter.java:115)
	at com.framework.selenium.api.base.SeleniumBase.takeSnap(SeleniumBase.java:843)
	at com.framework.utils.ExtentReporter.reportStep(ExtentReporter.java:82)
	at com.framework.utils.ExtentReporter.reportStep(ExtentReporter.java:115)
	at com.framework.selenium.api.base.SeleniumBase.takeSnap(SeleniumBase.java:843)
	at com.framework.utils.ExtentReporter.reportStep(ExtentReporter.java:82)
	at com.framework.utils.ExtentReporter.reportStep(ExtentReporter.java:115)
	at com.framework.selenium.api.base.SeleniumBase.takeSnap(SeleniumBase.java:843)
	at com.framework.utils.ExtentReporter.reportStep(ExtentReporter.java:82)
	at com.framework.utils.ExtentReporter.reportStep(ExtentReporter.java:115)
	at com.framework.selenium.api.base.SeleniumBase.takeSnap(SeleniumBase.java:843)
	at com.framework.utils.ExtentReporter.reportStep(ExtentReporter.java:82)
	at com.framework.utils.ExtentReporter.reportStep(ExtentReporter.java:115)
	at com.framework.selenium.api.base.SeleniumBase.takeSnap(SeleniumBase.java:843)
	at com.framework.utils.ExtentReporter.reportStep(ExtentReporter.java:82)
	at com.framework.utils.ExtentReporter.reportStep(ExtentReporter.java:115)
	at com.framework.selenium.api.base.SeleniumBase.takeSnap(SeleniumBase.java:843)
	at com.framework.utils.ExtentReporter.reportStep(ExtentReporter.java:82)
	at com.framework.utils.ExtentReporter.reportStep(ExtentReporter.java:115)
	at com.framework.selenium.api.base.SeleniumBase.takeSnap(SeleniumBase.java:843)
	at com.framework.utils.ExtentReporter.reportStep(ExtentReporter.java:82)
	at com.framework.utils.ExtentReporter.reportStep(ExtentReporter.java:115)
	at com.framework.selenium.api.base.SeleniumBase.takeSnap(SeleniumBase.java:843)
	at com.framework.utils.ExtentReporter.reportStep(ExtentReporter.java:82)
	at com.framework.utils.ExtentReporter.reportStep(ExtentReporter.java:115)
	at com.framework.selenium.api.base.SeleniumBase.takeSnap(SeleniumBase.java:843)
	at com.framework.utils.ExtentReporter.reportStep(ExtentReporter.java:82)
	at com.framework.utils.ExtentReporter.reportStep(ExtentReporter.java:115)
	at com.framework.selenium.api.base.SeleniumBase.takeSnap(SeleniumBase.java:843)
	at com.framework.utils.ExtentReporter.reportStep(ExtentReporter.java:82)
	at com.framework.utils.ExtentReporter.reportStep(ExtentReporter.java:115)
	at com.framework.selenium.api.base.SeleniumBase.takeSnap(SeleniumBase.java:843)
	at com.framework.utils.ExtentReporter.reportStep(ExtentReporter.java:82)
	at com.framework.utils.ExtentReporter.reportStep(ExtentReporter.java:115)
	at com.framework.selenium.api.base.SeleniumBase.takeSnap(SeleniumBase.java:843)
	at com.framework.utils.ExtentReporter.reportStep(ExtentReporter.java:82)
	at com.framework.utils.ExtentReporter.reportStep(ExtentReporter.java:115)
	at com.framework.selenium.api.base.SeleniumBase.takeSnap(SeleniumBase.java:843)
	at com.framework.utils.ExtentReporter.reportStep(ExtentReporter.java:82)
	at com.framework.utils.ExtentReporter.reportStep(ExtentReporter.java:115)
	at com.framework.selenium.api.base.SeleniumBase.takeSnap(SeleniumBase.java:843)
	at com.framework.utils.ExtentReporter.reportStep(ExtentReporter.java:82)
	at com.framework.utils.ExtentReporter.reportStep(ExtentReporter.java:115)
	at com.framework.selenium.api.base.SeleniumBase.takeSnap(SeleniumBase.java:843)
	at com.framework.utils.ExtentReporter.reportStep(ExtentReporter.java:82)
	at com.framework.utils.ExtentReporter.reportStep(ExtentReporter.java:115)
	at com.framework.selenium.api.base.SeleniumBase.takeSnap(SeleniumBase.java:843)
	at com.framework.utils.ExtentReporter.reportStep(ExtentReporter.java:82)
	at com.framework.utils.ExtentReporter.reportStep(ExtentReporter.java:115)
	at com.framework.selenium.api.base.SeleniumBase.takeSnap(SeleniumBase.java:843)
	at com.framework.utils.ExtentReporter.reportStep(ExtentReporter.java:82)
	at com.framework.utils.ExtentReporter.reportStep(ExtentReporter.java:115)
	at com.framework.selenium.api.base.SeleniumBase.takeSnap(SeleniumBase.java:843)
	at com.framework.utils.ExtentReporter.reportStep(ExtentReporter.java:82)
	at com.framework.utils.ExtentReporter.reportStep(ExtentReporter.java:115)
	at com.framework.selenium.api.base.SeleniumBase.takeSnap(SeleniumBase.java:843)
	at com.framework.utils.ExtentReporter.reportStep(ExtentReporter.java:82)
	at com.framework.utils.ExtentReporter.reportStep(ExtentReporter.java:115)
	at com.framework.selenium.api.base.SeleniumBase.takeSnap(SeleniumBase.java:843)
	at com.framework.utils.ExtentReporter.reportStep(ExtentReporter.java:82)
	at com.framework.utils.ExtentReporter.reportStep(ExtentReporter.java:115)
	at com.framework.selenium.api.base.SeleniumBase.takeSnap(SeleniumBase.java:843)
	at com.framework.utils.ExtentReporter.reportStep(ExtentReporter.java:82)
	at com.framework.utils.ExtentReporter.reportStep(ExtentReporter.java:115)
	at com.framework.selenium.api.base.SeleniumBase.takeSnap(SeleniumBase.java:843)
	at com.framework.utils.ExtentReporter.reportStep(ExtentReporter.java:82)
	at com.framework.utils.ExtentReporter.reportStep(ExtentReporter.java:115)
	at com.framework.selenium.api.base.SeleniumBase.takeSnap(SeleniumBase.java:843)
	at com.framework.utils.ExtentReporter.reportStep(ExtentReporter.java:82)
	at com.framework.utils.ExtentReporter.reportStep(ExtentReporter.java:115)
	at com.framework.selenium.api.base.SeleniumBase.takeSnap(SeleniumBase.java:843)
	at com.framework.utils.ExtentReporter.reportStep(ExtentReporter.java:82)
	at com.framework.utils.ExtentReporter.reportStep(ExtentReporter.java:115)
	at com.framework.selenium.api.base.SeleniumBase.takeSnap(SeleniumBase.java:843)
	at com.framework.utils.ExtentReporter.reportStep(ExtentReporter.java:82)
	at com.framework.utils.ExtentReporter.reportStep(ExtentReporter.java:115)
	at com.framework.selenium.api.base.SeleniumBase.takeSnap(SeleniumBase.java:843)
	at com.framework.utils.ExtentReporter.reportStep(ExtentReporter.java:82)
	at com.framework.utils.ExtentReporter.reportStep(ExtentReporter.java:115)
	at com.framework.selenium.api.base.SeleniumBase.takeSnap(SeleniumBase.java:843)
	at com.framework.utils.ExtentReporter.reportStep(ExtentReporter.java:82)
	at com.framework.utils.ExtentReporter.reportStep(ExtentReporter.java:115)
	at com.framework.selenium.api.base.SeleniumBase.takeSnap(SeleniumBase.java:843)
	at com.framework.utils.ExtentReporter.reportStep(ExtentReporter.java:82)
	at com.framework.utils.ExtentReporter.reportStep(ExtentReporter.java:115)
	at com.framework.selenium.api.base.SeleniumBase.takeSnap(SeleniumBase.java:843)
	at com.framework.utils.ExtentReporter.reportStep(ExtentReporter.java:82)
	at com.framework.utils.ExtentReporter.reportStep(ExtentReporter.java:115)
	at com.framework.selenium.api.base.SeleniumBase.takeSnap(SeleniumBase.java:843)
	at com.framework.utils.ExtentReporter.reportStep(ExtentReporter.java:82)
	at com.framework.utils.ExtentReporter.reportStep(ExtentReporter.java:115)
	at com.framework.selenium.api.base.SeleniumBase.takeSnap(SeleniumBase.java:843)
	at com.framework.utils.ExtentReporter.reportStep(ExtentReporter.java:82)
	at com.framework.utils.ExtentReporter.reportStep(ExtentReporter.java:115)
	at com.framework.selenium.api.base.SeleniumBase.takeSnap(SeleniumBase.java:843)
	at com.framework.utils.ExtentReporter.reportStep(ExtentReporter.java:82)
	at com.framework.utils.ExtentReporter.reportStep(ExtentReporter.java:115)
	at com.framework.selenium.api.base.SeleniumBase.takeSnap(SeleniumBase.java:843)
	at com.framework.utils.ExtentReporter.reportStep(ExtentReporter.java:82)
	at com.framework.utils.ExtentReporter.reportStep(ExtentReporter.java:115)
	at com.framework.selenium.api.base.SeleniumBase.takeSnap(SeleniumBase.java:843)
	at com.framework.utils.ExtentReporter.reportStep(ExtentReporter.java:82)
	at com.framework.utils.ExtentReporter.reportStep(ExtentReporter.java:115)
	at com.framework.selenium.api.base.SeleniumBase.takeSnap(SeleniumBase.java:843)
	at com.framework.utils.ExtentReporter.reportStep(ExtentReporter.java:82)
	at com.framework.utils.ExtentReporter.reportStep(ExtentReporter.java:115)
	at com.framework.selenium.api.base.SeleniumBase.takeSnap(SeleniumBase.java:843)
	at com.framework.utils.ExtentReporter.reportStep(ExtentReporter.java:82)
	at com.framework.utils.ExtentReporter.reportStep(ExtentReporter.java:115)
	at com.framework.selenium.api.base.SeleniumBase.takeSnap(SeleniumBase.java:843)
	at com.framework.utils.ExtentReporter.reportStep(ExtentReporter.java:82)
	at com.framework.utils.ExtentReporter.reportStep(ExtentReporter.java:115)
	at com.framework.selenium.api.base.SeleniumBase.takeSnap(SeleniumBase.java:843)
	at com.framework.utils.ExtentReporter.reportStep(ExtentReporter.java:82)
	at com.framework.utils.ExtentReporter.reportStep(ExtentReporter.java:115)
	at com.framework.selenium.api.base.SeleniumBase.takeSnap(SeleniumBase.java:843)
	at com.framework.utils.ExtentReporter.reportStep(ExtentReporter.java:82)
	at com.framework.utils.ExtentReporter.reportStep(ExtentReporter.java:115)
	at com.framework.selenium.api.base.SeleniumBase.takeSnap(SeleniumBase.java:843)
	at com.framework.utils.ExtentReporter.reportStep(ExtentReporter.java:82)
	at com.framework.utils.ExtentReporter.reportStep(ExtentReporter.java:115)
	at com.framework.selenium.api.base.SeleniumBase.takeSnap(SeleniumBase.java:843)
	at com.framework.utils.ExtentReporter.reportStep(ExtentReporter.java:82)
	at com.framework.utils.ExtentReporter.reportStep(ExtentReporter.java:115)
	at com.framework.selenium.api.base.SeleniumBase.takeSnap(SeleniumBase.java:843)
	at com.framework.utils.ExtentReporter.reportStep(ExtentReporter.java:82)
	at com.framework.utils.ExtentReporter.reportStep(ExtentReporter.java:115)
	at com.framework.selenium.api.base.SeleniumBase.takeSnap(SeleniumBase.java:843)
	at com.framework.utils.ExtentReporter.reportStep(ExtentReporter.java:82)
	at com.framework.utils.ExtentReporter.reportStep(ExtentReporter.java:115)
	at com.framework.selenium.api.base.SeleniumBase.takeSnap(SeleniumBase.java:843)
	at com.framework.utils.ExtentReporter.reportStep(ExtentReporter.java:82)
	at com.framework.utils.ExtentReporter.reportStep(ExtentReporter.java:115)
	at com.framework.selenium.api.base.SeleniumBase.takeSnap(SeleniumBase.java:843)
	at com.framework.utils.ExtentReporter.reportStep(ExtentReporter.java:82)
	at com.framework.utils.ExtentReporter.reportStep(ExtentReporter.java:115)
	at com.framework.selenium.api.base.SeleniumBase.takeSnap(SeleniumBase.java:843)
	at com.framework.utils.ExtentReporter.reportStep(ExtentReporter.java:82)
	at com.framework.utils.ExtentReporter.reportStep(ExtentReporter.java:115)
	at com.framework.selenium.api.base.SeleniumBase.takeSnap(SeleniumBase.java:843)
	at com.framework.utils.ExtentReporter.reportStep(ExtentReporter.java:82)
	at com.framework.utils.ExtentReporter.reportStep(ExtentReporter.java:115)
	at com.framework.selenium.api.base.SeleniumBase.takeSnap(SeleniumBase.java:843)
	at com.framework.utils.ExtentReporter.reportStep(ExtentReporter.java:82)
	at com.framework.utils.ExtentReporter.reportStep(ExtentReporter.java:115)
	at com.framework.selenium.api.base.SeleniumBase.takeSnap(SeleniumBase.java:843)
	at com.framework.utils.ExtentReporter.reportStep(ExtentReporter.java:82)
	at com.framework.utils.ExtentReporter.reportStep(ExtentReporter.java:115)
	at com.framework.selenium.api.base.SeleniumBase.takeSnap(SeleniumBase.java:843)
	at com.framework.utils.ExtentReporter.reportStep(ExtentReporter.java:82)
	at com.framework.utils.ExtentReporter.reportStep(ExtentReporter.java:115)
	at com.framework.selenium.api.base.SeleniumBase.takeSnap(SeleniumBase.java:843)
	at com.framework.utils.ExtentReporter.reportStep(ExtentReporter.java:82)
	at com.framework.utils.ExtentReporter.reportStep(ExtentReporter.java:115)
	at com.framework.selenium.api.base.SeleniumBase.takeSnap(SeleniumBase.java:843)
	at com.framework.utils.ExtentReporter.reportStep(ExtentReporter.java:82)
	at com.framework.utils.ExtentReporter.reportStep(ExtentReporter.java:115)
	at com.framework.selenium.api.base.SeleniumBase.takeSnap(SeleniumBase.java:843)
	at com.framework.utils.ExtentReporter.reportStep(ExtentReporter.java:82)
	at com.framework.utils.ExtentReporter.reportStep(ExtentReporter.java:115)
	at com.framework.selenium.api.base.SeleniumBase.takeSnap(SeleniumBase.java:843)
	at com.framework.utils.ExtentReporter.reportStep(ExtentReporter.java:82)
	at com.framework.utils.ExtentReporter.reportStep(ExtentReporter.java:115)
	at com.framework.selenium.api.base.SeleniumBase.takeSnap(SeleniumBase.java:843)
	at com.framework.utils.ExtentReporter.reportStep(ExtentReporter.java:82)
	at com.framework.utils.ExtentReporter.reportStep(ExtentReporter.java:115)
	at com.framework.selenium.api.base.SeleniumBase.takeSnap(SeleniumBase.java:843)
	at com.framework.utils.ExtentReporter.reportStep(ExtentReporter.java:82)
	at com.framework.utils.ExtentReporter.reportStep(ExtentReporter.java:115)
	at com.framework.selenium.api.base.SeleniumBase.takeSnap(SeleniumBase.java:843)
	at com.framework.utils.ExtentReporter.reportStep(ExtentReporter.java:82)
	at com.framework.utils.ExtentReporter.reportStep(ExtentReporter.java:115)
	at com.framework.selenium.api.base.SeleniumBase.takeSnap(SeleniumBase.java:843)
	at com.framework.utils.ExtentReporter.reportStep(ExtentReporter.java:82)
	at com.framework.utils.ExtentReporter.reportStep(ExtentReporter.java:115)
	at com.framework.selenium.api.base.SeleniumBase.takeSnap(SeleniumBase.java:843)
	at com.framework.utils.ExtentReporter.reportStep(ExtentReporter.java:82)
	at com.framework.utils.ExtentReporter.reportStep(ExtentReporter.java:115)
	at com.framework.selenium.api.base.SeleniumBase.takeSnap(SeleniumBase.java:843)
	at com.framework.utils.ExtentReporter.reportStep(ExtentReporter.java:82)
	at com.framework.utils.ExtentReporter.reportStep(ExtentReporter.java:115)
	at com.framework.selenium.api.base.SeleniumBase.takeSnap(SeleniumBase.java:843)
	at com.framework.utils.ExtentReporter.reportStep(ExtentReporter.java:82)
	at com.framework.utils.ExtentReporter.reportStep(ExtentReporter.java:115)
	at com.framework.selenium.api.base.SeleniumBase.takeSnap(SeleniumBase.java:843)
	at com.framework.utils.ExtentReporter.reportStep(ExtentReporter.java:82)
	at com.framework.utils.ExtentReporter.reportStep(ExtentReporter.java:115)
	at com.framework.selenium.api.base.SeleniumBase.takeSnap(SeleniumBase.java:843)
	at com.framework.utils.ExtentReporter.reportStep(ExtentReporter.java:82)
	at com.framework.utils.ExtentReporter.reportStep(ExtentReporter.java:115)
	at com.framework.selenium.api.base.SeleniumBase.takeSnap(SeleniumBase.java:843)
	at com.framework.utils.ExtentReporter.reportStep(ExtentReporter.java:82)
	at com.framework.utils.ExtentReporter.reportStep(ExtentReporter.java:115)
	at com.framework.selenium.api.base.SeleniumBase.takeSnap(SeleniumBase.java:843)
	at com.framework.utils.ExtentReporter.reportStep(ExtentReporter.java:82)
	at com.framework.utils.ExtentReporter.reportStep(ExtentReporter.java:115)
	at com.framework.selenium.api.base.SeleniumBase.takeSnap(SeleniumBase.java:843)
	at com.framework.utils.ExtentReporter.reportStep(ExtentReporter.java:82)
	at com.framework.utils.ExtentReporter.reportStep(ExtentReporter.java:115)
	at com.framework.selenium.api.base.SeleniumBase.takeSnap(SeleniumBase.java:843)
	at com.framework.utils.ExtentReporter.reportStep(ExtentReporter.java:82)
	at com.framework.utils.ExtentReporter.reportStep(ExtentReporter.java:115)
	at com.framework.selenium.api.base.SeleniumBase.takeSnap(SeleniumBase.java:843)
	at com.framework.utils.ExtentReporter.reportStep(ExtentReporter.java:82)
	at com.framework.utils.ExtentReporter.reportStep(ExtentReporter.java:115)
	at com.framework.selenium.api.base.SeleniumBase.takeSnap(SeleniumBase.java:843)
	at com.framework.utils.ExtentReporter.reportStep(ExtentReporter.java:82)
	at com.framework.utils.ExtentReporter.reportStep(ExtentReporter.java:115)
	at com.framework.selenium.api.base.SeleniumBase.takeSnap(SeleniumBase.java:843)
	at com.framework.utils.ExtentReporter.reportStep(ExtentReporter.java:82)
	at com.framework.utils.ExtentReporter.reportStep(ExtentReporter.java:115)
	at com.framework.selenium.api.base.SeleniumBase.takeSnap(SeleniumBase.java:843)
	at com.framework.utils.ExtentReporter.reportStep(ExtentReporter.java:82)
	at com.framework.utils.ExtentReporter.reportStep(ExtentReporter.java:115)
	at com.framework.selenium.api.base.SeleniumBase.takeSnap(SeleniumBase.java:843)
	at com.framework.utils.ExtentReporter.reportStep(ExtentReporter.java:82)
	at com.framework.utils.ExtentReporter.reportStep(ExtentReporter.java:115)
	at com.framework.selenium.api.base.SeleniumBase.takeSnap(SeleniumBase.java:843)
	at com.framework.utils.ExtentReporter.reportStep(ExtentReporter.java:82)
	at com.framework.utils.ExtentReporter.reportStep(ExtentReporter.java:115)
	at com.framework.selenium.api.base.SeleniumBase.takeSnap(SeleniumBase.java:843)
	at com.framework.utils.ExtentReporter.reportStep(ExtentReporter.java:82)
	at com.framework.utils.ExtentReporter.reportStep(ExtentReporter.java:115)
	at com.framework.selenium.api.base.SeleniumBase.takeSnap(SeleniumBase.java:843)
	at com.framework.utils.ExtentReporter.reportStep(ExtentReporter.java:82)
	at com.framework.utils.ExtentReporter.reportStep(ExtentReporter.java:115)
	at com.framework.selenium.api.base.SeleniumBase.takeSnap(SeleniumBase.java:843)
	at com.framework.utils.ExtentReporter.reportStep(ExtentReporter.java:82)
	at com.framework.utils.ExtentReporter.reportStep(ExtentReporter.java:115)
	at com.framework.selenium.api.base.SeleniumBase.takeSnap(SeleniumBase.java:843)
	at com.framework.utils.ExtentReporter.reportStep(ExtentReporter.java:82)
	at com.framework.utils.ExtentReporter.reportStep(ExtentReporter.java:115)
	at com.framework.selenium.api.base.SeleniumBase.takeSnap(SeleniumBase.java:843)
	at com.framework.utils.ExtentReporter.reportStep(ExtentReporter.java:82)
	at com.framework.utils.ExtentReporter.reportStep(ExtentReporter.java:115)
	at com.framework.selenium.api.base.SeleniumBase.takeSnap(SeleniumBase.java:843)
	at com.framework.utils.ExtentReporter.reportStep(ExtentReporter.java:82)
	at com.framework.utils.ExtentReporter.reportStep(ExtentReporter.java:115)
	at com.framework.selenium.api.base.SeleniumBase.takeSnap(SeleniumBase.java:843)
	at com.framework.utils.ExtentReporter.reportStep(ExtentReporter.java:82)
	at com.framework.utils.ExtentReporter.reportStep(ExtentReporter.java:115)
	at com.framework.selenium.api.base.SeleniumBase.takeSnap(SeleniumBase.java:843)
	at com.framework.utils.ExtentReporter.reportStep(ExtentReporter.java:82)
	at com.framework.utils.ExtentReporter.reportStep(ExtentReporter.java:115)
	at com.framework.selenium.api.base.SeleniumBase.takeSnap(SeleniumBase.java:843)
	at com.framework.utils.ExtentReporter.reportStep(ExtentReporter.java:82)
	at com.framework.utils.ExtentReporter.reportStep(ExtentReporter.java:115)
	at com.framework.selenium.api.base.SeleniumBase.takeSnap(SeleniumBase.java:843)
	at com.framework.utils.ExtentReporter.reportStep(ExtentReporter.java:82)
	at com.framework.utils.ExtentReporter.reportStep(ExtentReporter.java:115)
	at com.framework.selenium.api.base.SeleniumBase.takeSnap(SeleniumBase.java:843)
	at com.framework.utils.ExtentReporter.reportStep(ExtentReporter.java:82)
	at com.framework.utils.ExtentReporter.reportStep(ExtentReporter.java:115)
	at com.framework.selenium.api.base.SeleniumBase.takeSnap(SeleniumBase.java:843)
	at com.framework.utils.ExtentReporter.reportStep(ExtentReporter.java:82)
	at com.framework.utils.ExtentReporter.reportStep(ExtentReporter.java:115)
	at com.framework.selenium.api.base.SeleniumBase.takeSnap(SeleniumBase.java:843)
	at com.framework.utils.ExtentReporter.reportStep(ExtentReporter.java:82)
	at com.framework.utils.ExtentReporter.reportStep(ExtentReporter.java:115)
	at com.framework.selenium.api.base.SeleniumBase.takeSnap(SeleniumBase.java:843)
	at com.framework.utils.ExtentReporter.reportStep(ExtentReporter.java:82)
	at com.framework.utils.ExtentReporter.reportStep(ExtentReporter.java:115)
	at com.framework.selenium.api.base.SeleniumBase.takeSnap(SeleniumBase.java:843)
	at com.framework.utils.ExtentReporter.reportStep(ExtentReporter.java:82)
	at com.framework.utils.ExtentReporter.reportStep(ExtentReporter.java:115)
	at com.framework.selenium.api.base.SeleniumBase.takeSnap(SeleniumBase.java:843)
	at com.framework.utils.ExtentReporter.reportStep(ExtentReporter.java:82)
	at com.framework.utils.ExtentReporter.reportStep(ExtentReporter.java:115)
	at com.framework.selenium.api.base.SeleniumBase.takeSnap(SeleniumBase.java:843)
	at com.framework.utils.ExtentReporter.reportStep(ExtentReporter.java:82)
	at com.framework.utils.ExtentReporter.reportStep(ExtentReporter.java:115)
	at com.framework.selenium.api.base.SeleniumBase.takeSnap(SeleniumBase.java:843)
	at com.framework.utils.ExtentReporter.reportStep(ExtentReporter.java:82)
	at com.framework.utils.ExtentReporter.reportStep(ExtentReporter.java:115)
	at com.framework.selenium.api.base.SeleniumBase.takeSnap(SeleniumBase.java:843)
	at com.framework.utils.ExtentReporter.reportStep(ExtentReporter.java:82)
	at com.framework.utils.ExtentReporter.reportStep(ExtentReporter.java:115)
	at com.framework.selenium.api.base.SeleniumBase.takeSnap(SeleniumBase.java:843)
	at com.framework.utils.ExtentReporter.reportStep(ExtentReporter.java:82)
	at com.framework.utils.ExtentReporter.reportStep(ExtentReporter.java:115)
	at com.framework.selenium.api.base.SeleniumBase.takeSnap(SeleniumBase.java:843)
	at com.framework.utils.ExtentReporter.reportStep(ExtentReporter.java:82)
	at com.framework.utils.ExtentReporter.reportStep(ExtentReporter.java:115)
	at com.framework.selenium.api.base.SeleniumBase.takeSnap(SeleniumBase.java:843)
	at com.framework.utils.ExtentReporter.reportStep(ExtentReporter.java:82)
	at com.framework.utils.ExtentReporter.reportStep(ExtentReporter.java:115)
	at com.framework.selenium.api.base.SeleniumBase.takeSnap(SeleniumBase.java:843)
	at com.framework.utils.ExtentReporter.reportStep(ExtentReporter.java:82)
	at com.framework.utils.ExtentReporter.reportStep(ExtentReporter.java:115)
	at com.framework.selenium.api.base.SeleniumBase.takeSnap(SeleniumBase.java:843)
	at com.framework.utils.ExtentReporter.reportStep(ExtentReporter.java:82)
	at com.framework.utils.ExtentReporter.reportStep(ExtentReporter.java:115)
	at com.framework.selenium.api.base.SeleniumBase.takeSnap(SeleniumBase.java:843)
	at com.framework.utils.ExtentReporter.reportStep(ExtentReporter.java:82)
	at com.framework.utils.ExtentReporter.reportStep(ExtentReporter.java:115)
	at com.framework.selenium.api.base.SeleniumBase.takeSnap(SeleniumBase.java:843)
	at com.framework.utils.ExtentReporter.reportStep(ExtentReporter.java:82)
	at com.framework.utils.ExtentReporter.reportStep(ExtentReporter.java:115)
	at com.framework.selenium.api.base.SeleniumBase.takeSnap(SeleniumBase.java:843)
	at com.framework.utils.ExtentReporter.reportStep(ExtentReporter.java:82)
	at com.framework.utils.ExtentReporter.reportStep(ExtentReporter.java:115)
	at com.framework.selenium.api.base.SeleniumBase.takeSnap(SeleniumBase.java:843)
	at com.framework.utils.ExtentReporter.reportStep(ExtentReporter.java:82)
	at com.framework.utils.ExtentReporter.reportStep(ExtentReporter.java:115)
	at com.framework.selenium.api.base.SeleniumBase.takeSnap(SeleniumBase.java:843)
	at com.framework.utils.ExtentReporter.reportStep(ExtentReporter.java:82)
	at com.framework.utils.ExtentReporter.reportStep(ExtentReporter.java:115)
	at com.framework.selenium.api.base.SeleniumBase.takeSnap(SeleniumBase.java:843)
	at com.framework.utils.ExtentReporter.reportStep(ExtentReporter.java:82)
	at com.framework.utils.ExtentReporter.reportStep(ExtentReporter.java:115)
	at com.framework.selenium.api.base.SeleniumBase.takeSnap(SeleniumBase.java:843)
	at com.framework.utils.ExtentReporter.reportStep(ExtentReporter.java:82)
	at com.framework.utils.ExtentReporter.reportStep(ExtentReporter.java:115)
	at com.framework.selenium.api.base.SeleniumBase.takeSnap(SeleniumBase.java:843)
	at com.framework.utils.ExtentReporter.reportStep(ExtentReporter.java:82)
	at com.framework.utils.ExtentReporter.reportStep(ExtentReporter.java:115)
	at com.framework.selenium.api.base.SeleniumBase.takeSnap(SeleniumBase.java:843)
	at com.framework.utils.ExtentReporter.reportStep(ExtentReporter.java:82)
	at com.framework.utils.ExtentReporter.reportStep(ExtentReporter.java:115)
	at com.framework.selenium.api.base.SeleniumBase.takeSnap(SeleniumBase.java:843)
	at com.framework.utils.ExtentReporter.reportStep(ExtentReporter.java:82)
	at com.framework.utils.ExtentReporter.reportStep(ExtentReporter.java:115)
	at com.framework.selenium.api.base.SeleniumBase.takeSnap(SeleniumBase.java:843)
	at com.framework.utils.ExtentReporter.reportStep(ExtentReporter.java:82)
	at com.framework.utils.ExtentReporter.reportStep(ExtentReporter.java:115)
	at com.framework.selenium.api.base.SeleniumBase.takeSnap(SeleniumBase.java:843)
	at com.framework.utils.ExtentReporter.reportStep(ExtentReporter.java:82)
	at com.framework.utils.ExtentReporter.reportStep(ExtentReporter.java:115)
	at com.framework.selenium.api.base.SeleniumBase.takeSnap(SeleniumBase.java:843)
	at com.framework.utils.ExtentReporter.reportStep(ExtentReporter.java:82)
	at com.framework.utils.ExtentReporter.reportStep(ExtentReporter.java:115)
	at com.framework.selenium.api.base.SeleniumBase.takeSnap(SeleniumBase.java:843)
	at com.framework.utils.ExtentReporter.reportStep(ExtentReporter.java:82)
	at com.framework.utils.ExtentReporter.reportStep(ExtentReporter.java:115)
	at com.framework.selenium.api.base.SeleniumBase.takeSnap(SeleniumBase.java:843)
	at com.framework.utils.ExtentReporter.reportStep(ExtentReporter.java:82)
	at com.framework.utils.ExtentReporter.reportStep(ExtentReporter.java:115)
	at com.framework.selenium.api.base.SeleniumBase.takeSnap(SeleniumBase.java:843)
	at com.framework.utils.ExtentReporter.reportStep(ExtentReporter.java:82)
	at com.framework.utils.ExtentReporter.reportStep(ExtentReporter.java:115)
	at com.framework.selenium.api.base.SeleniumBase.takeSnap(SeleniumBase.java:843)
	at com.framework.utils.ExtentReporter.reportStep(ExtentReporter.java:82)
	at com.framework.utils.ExtentReporter.reportStep(ExtentReporter.java:115)
	at com.framework.selenium.api.base.SeleniumBase.takeSnap(SeleniumBase.java:843)
	at com.framework.utils.ExtentReporter.reportStep(ExtentReporter.java:82)
	at com.framework.utils.ExtentReporter.reportStep(ExtentReporter.java:115)
	at com.framework.selenium.api.base.SeleniumBase.takeSnap(SeleniumBase.java:843)
	at com.framework.utils.ExtentReporter.reportStep(ExtentReporter.java:82)
	at com.framework.utils.ExtentReporter.reportStep(ExtentReporter.java:115)
	at com.framework.selenium.api.base.SeleniumBase.takeSnap(SeleniumBase.java:843)
	at com.framework.utils.ExtentReporter.reportStep(ExtentReporter.java:82)
	at com.framework.utils.ExtentReporter.reportStep(ExtentReporter.java:115)
	at com.framework.selenium.api.base.SeleniumBase.takeSnap(SeleniumBase.java:843)
	at com.framework.utils.ExtentReporter.reportStep(ExtentReporter.java:82)
	at com.framework.utils.ExtentReporter.reportStep(ExtentReporter.java:115)
	at com.framework.selenium.api.base.SeleniumBase.takeSnap(SeleniumBase.java:843)
	at com.framework.utils.ExtentReporter.reportStep(ExtentReporter.java:82)
	at com.framework.utils.ExtentReporter.reportStep(ExtentReporter.java:115)
	at com.framework.selenium.api.base.SeleniumBase.takeSnap(SeleniumBase.java:843)
	at com.framework.utils.ExtentReporter.reportStep(ExtentReporter.java:82)
	at com.framework.utils.ExtentReporter.reportStep(ExtentReporter.java:115)
	at com.framework.selenium.api.base.SeleniumBase.takeSnap(SeleniumBase.java:843)
	at com.framework.utils.ExtentReporter.reportStep(ExtentReporter.java:82)
	at com.framework.utils.ExtentReporter.reportStep(ExtentReporter.java:115)
	at com.framework.selenium.api.base.SeleniumBase.takeSnap(SeleniumBase.java:843)
	at com.framework.utils.ExtentReporter.reportStep(ExtentReporter.java:82)
	at com.framework.utils.ExtentReporter.reportStep(ExtentReporter.java:115)
	at com.framework.selenium.api.base.SeleniumBase.takeSnap(SeleniumBase.java:843)
	at com.framework.utils.ExtentReporter.reportStep(ExtentReporter.java:82)
	at com.framework.utils.ExtentReporter.reportStep(ExtentReporter.java:115)
	at com.framework.selenium.api.base.SeleniumBase.takeSnap(SeleniumBase.java:843)
	at com.framework.utils.ExtentReporter.reportStep(ExtentReporter.java:82)
	at com.framework.utils.ExtentReporter.reportStep(ExtentReporter.java:115)
	at com.framework.selenium.api.base.SeleniumBase.takeSnap(SeleniumBase.java:843)
	at com.framework.utils.ExtentReporter.reportStep(ExtentReporter.java:82)
	at com.framework.utils.ExtentReporter.reportStep(ExtentReporter.java:115)
	at com.framework.selenium.api.base.SeleniumBase.takeSnap(SeleniumBase.java:843)
	at com.framework.utils.ExtentReporter.reportStep(ExtentReporter.java:82)
	at com.framework.utils.ExtentReporter.reportStep(ExtentReporter.java:115)
	at com.framework.selenium.api.base.SeleniumBase.takeSnap(SeleniumBase.java:843)
	at com.framework.utils.ExtentReporter.reportStep(ExtentReporter.java:82)
	at com.framework.utils.ExtentReporter.reportStep(ExtentReporter.java:115)
	at com.framework.selenium.api.base.SeleniumBase.takeSnap(SeleniumBase.java:843)
	at com.framework.utils.ExtentReporter.reportStep(ExtentReporter.java:82)
	at com.framework.utils.ExtentReporter.reportStep(ExtentReporter.java:115)
	at com.framework.selenium.api.base.SeleniumBase.takeSnap(SeleniumBase.java:843)
	at com.framework.utils.ExtentReporter.reportStep(ExtentReporter.java:82)
	at com.framework.utils.ExtentReporter.reportStep(ExtentReporter.java:115)
	at com.framework.selenium.api.base.SeleniumBase.takeSnap(SeleniumBase.java:843)
	at com.framework.utils.ExtentReporter.reportStep(ExtentReporter.java:82)
	at com.framework.utils.ExtentReporter.reportStep(ExtentReporter.java:115)
	at com.framework.selenium.api.base.SeleniumBase.takeSnap(SeleniumBase.java:843)
	at com.framework.utils.ExtentReporter.reportStep(ExtentReporter.java:82)
	at com.framework.utils.ExtentReporter.reportStep(ExtentReporter.java:115)
	at com.framework.selenium.api.base.SeleniumBase.takeSnap(SeleniumBase.java:843)
	at com.framework.utils.ExtentReporter.reportStep(ExtentReporter.java:82)
	at com.framework.utils.ExtentReporter.reportStep(ExtentReporter.java:115)
	at com.framework.selenium.api.base.SeleniumBase.takeSnap(SeleniumBase.java:843)
	at com.framework.utils.ExtentReporter.reportStep(ExtentReporter.java:82)
	at com.framework.utils.ExtentReporter.reportStep(ExtentReporter.java:115)
	at com.framework.selenium.api.base.SeleniumBase.takeSnap(SeleniumBase.java:843)
	at com.framework.utils.ExtentReporter.reportStep(ExtentReporter.java:82)
	at com.framework.utils.ExtentReporter.reportStep(ExtentReporter.java:115)
	at com.framework.selenium.api.base.SeleniumBase.takeSnap(SeleniumBase.java:843)
	at com.framework.utils.ExtentReporter.reportStep(ExtentReporter.java:82)
	at com.framework.utils.ExtentReporter.reportStep(ExtentReporter.java:115)
	at com.framework.selenium.api.base.SeleniumBase.takeSnap(SeleniumBase.java:843)
	at com.framework.utils.ExtentReporter.reportStep(ExtentReporter.java:82)
	at com.framework.utils.ExtentReporter.reportStep(ExtentReporter.java:115)
	at com.framework.selenium.api.base.SeleniumBase.takeSnap(SeleniumBase.java:843)
	at com.framework.utils.ExtentReporter.reportStep(ExtentReporter.java:82)
	at com.framework.utils.ExtentReporter.reportStep(ExtentReporter.java:115)
	at com.framework.selenium.api.base.SeleniumBase.takeSnap(SeleniumBase.java:843)
	at com.framework.utils.ExtentReporter.reportStep(ExtentReporter.java:82)
	at com.framework.utils.ExtentReporter.reportStep(ExtentReporter.java:115)
	at com.framework.selenium.api.base.SeleniumBase.takeSnap(SeleniumBase.java:843)
	at com.framework.utils.ExtentReporter.reportStep(ExtentReporter.java:82)
	at com.framework.utils.ExtentReporter.reportStep(ExtentReporter.java:115)
	at com.framework.selenium.api.base.SeleniumBase.takeSnap(SeleniumBase.java:843)
	at com.framework.utils.ExtentReporter.reportStep(ExtentReporter.java:82)
	at com.framework.utils.ExtentReporter.reportStep(ExtentReporter.java:115)
	at com.framework.selenium.api.base.SeleniumBase.takeSnap(SeleniumBase.java:843)
	at com.framework.utils.ExtentReporter.reportStep(ExtentReporter.java:82)
	at com.framework.utils.ExtentReporter.reportStep(ExtentReporter.java:115)
	at com.framework.selenium.api.base.SeleniumBase.takeSnap(SeleniumBase.java:843)
	at com.framework.utils.ExtentReporter.reportStep(ExtentReporter.java:82)
	at com.framework.utils.ExtentReporter.reportStep(ExtentReporter.java:115)
	at com.framework.selenium.api.base.SeleniumBase.takeSnap(SeleniumBase.java:843)
	at com.framework.utils.ExtentReporter.reportStep(ExtentReporter.java:82)
	at com.framework.utils.ExtentReporter.reportStep(ExtentReporter.java:115)
	at com.framework.selenium.api.base.SeleniumBase.takeSnap(SeleniumBase.java:843)
	at com.framework.utils.ExtentReporter.reportStep(ExtentReporter.java:82)
	at com.framework.utils.ExtentReporter.reportStep(ExtentReporter.java:115)
	at com.framework.selenium.api.base.SeleniumBase.takeSnap(SeleniumBase.java:843)
	at com.framework.utils.ExtentReporter.reportStep(ExtentReporter.java:82)
	at com.framework.utils.ExtentReporter.reportStep(ExtentReporter.java:115)
	at com.framework.selenium.api.base.SeleniumBase.takeSnap(SeleniumBase.java:843)
	at com.framework.utils.ExtentReporter.reportStep(ExtentReporter.java:82)
	at com.framework.utils.ExtentReporter.reportStep(ExtentReporter.java:115)
	at com.framework.selenium.api.base.SeleniumBase.takeSnap(SeleniumBase.java:843)
	at com.framework.utils.ExtentReporter.reportStep(ExtentReporter.java:82)
	at com.framework.utils.ExtentReporter.reportStep(ExtentReporter.java:115)
	at com.framework.selenium.api.base.SeleniumBase.takeSnap(SeleniumBase.java:843)
	at com.framework.utils.ExtentReporter.reportStep(ExtentReporter.java:82)
	at com.framework.utils.ExtentReporter.reportStep(ExtentReporter.java:115)
	at com.framework.selenium.api.base.SeleniumBase.takeSnap(SeleniumBase.java:843)
	at com.framework.utils.ExtentReporter.reportStep(ExtentReporter.java:82)
	at com.framework.utils.ExtentReporter.reportStep(ExtentReporter.java:115)
	at com.framework.selenium.api.base.SeleniumBase.takeSnap(SeleniumBase.java:843)
	at com.framework.utils.ExtentReporter.reportStep(ExtentReporter.java:82)
	at com.framework.utils.ExtentReporter.reportStep(ExtentReporter.java:115)
	at com.framework.selenium.api.base.SeleniumBase.takeSnap(SeleniumBase.java:843)
	at com.framework.utils.ExtentReporter.reportStep(ExtentReporter.java:82)
	at com.framework.utils.ExtentReporter.reportStep(ExtentReporter.java:115)
	at com.framework.selenium.api.base.SeleniumBase.takeSnap(SeleniumBase.java:843)
	at com.framework.utils.ExtentReporter.reportStep(ExtentReporter.java:82)
	at com.framework.utils.ExtentReporter.reportStep(ExtentReporter.java:115)
	at com.framework.selenium.api.base.SeleniumBase.takeSnap(SeleniumBase.java:843)
	at com.framework.utils.ExtentReporter.reportStep(ExtentReporter.java:82)
	at com.framework.utils.ExtentReporter.reportStep(ExtentReporter.java:115)
	at com.framework.selenium.api.base.SeleniumBase.takeSnap(SeleniumBase.java:843)
	at com.framework.utils.ExtentReporter.reportStep(ExtentReporter.java:82)
	at com.framework.utils.ExtentReporter.reportStep(ExtentReporter.java:115)
	at com.framework.selenium.api.base.SeleniumBase.takeSnap(SeleniumBase.java:843)
	at com.framework.utils.ExtentReporter.reportStep(ExtentReporter.java:82)
	at com.framework.utils.ExtentReporter.reportStep(ExtentReporter.java:115)
	at com.framework.selenium.api.base.SeleniumBase.takeSnap(SeleniumBase.java:843)
	at com.framework.utils.ExtentReporter.reportStep(ExtentReporter.java:82)
	at com.framework.utils.ExtentReporter.reportStep(ExtentReporter.java:115)
	at com.framework.selenium.api.base.SeleniumBase.takeSnap(SeleniumBase.java:843)
	at com.framework.utils.ExtentReporter.reportStep(ExtentReporter.java:82)
	at com.framework.utils.ExtentReporter.reportStep(ExtentReporter.java:115)
	at com.framework.selenium.api.base.SeleniumBase.takeSnap(SeleniumBase.java:843)
	at com.framework.utils.ExtentReporter.reportStep(ExtentReporter.java:82)
	at com.framework.utils.ExtentReporter.reportStep(ExtentReporter.java:115)
	at com.framework.selenium.api.base.SeleniumBase.takeSnap(SeleniumBase.java:843)
	at com.framework.utils.ExtentReporter.reportStep(ExtentReporter.java:82)
	at com.framework.utils.ExtentReporter.reportStep(ExtentReporter.java:115)
	at com.framework.selenium.api.base.SeleniumBase.takeSnap(SeleniumBase.java:843)
	at com.framework.utils.ExtentReporter.reportStep(ExtentReporter.java:82)
	at com.framework.utils.ExtentReporter.reportStep(ExtentReporter.java:115)
	at com.framework.selenium.api.base.SeleniumBase.takeSnap(SeleniumBase.java:843)
	at com.framework.utils.ExtentReporter.reportStep(ExtentReporter.java:82)
	at com.framework.utils.ExtentReporter.reportStep(ExtentReporter.java:115)
	at com.framework.selenium.api.base.SeleniumBase.takeSnap(SeleniumBase.java:843)
	at com.framework.utils.ExtentReporter.reportStep(ExtentReporter.java:82)
	at com.framework.utils.ExtentReporter.reportStep(ExtentReporter.java:115)
	at com.framework.selenium.api.base.SeleniumBase.takeSnap(SeleniumBase.java:843)
	at com.framework.utils.ExtentReporter.reportStep(ExtentReporter.java:82)
	at com.framework.utils.ExtentReporter.reportStep(ExtentReporter.java:115)
	at com.framework.selenium.api.base.SeleniumBase.takeSnap(SeleniumBase.java:843)
	at com.framework.utils.ExtentReporter.reportStep(ExtentReporter.java:82)
	at com.framework.utils.ExtentReporter.reportStep(ExtentReporter.java:115)
	at com.framework.selenium.api.base.SeleniumBase.takeSnap(SeleniumBase.java:843)
	at com.framework.utils.ExtentReporter.reportStep(ExtentReporter.java:82)
	at com.framework.utils.ExtentReporter.reportStep(ExtentReporter.java:115)
	at com.framework.selenium.api.base.SeleniumBase.takeSnap(SeleniumBase.java:843)
	at com.framework.utils.ExtentReporter.reportStep(ExtentReporter.java:82)
	at com.framework.utils.ExtentReporter.reportStep(ExtentReporter.java:115)
	at com.framework.selenium.api.base.SeleniumBase.takeSnap(SeleniumBase.java:843)
	at com.framework.utils.ExtentReporter.reportStep(ExtentReporter.java:82)
	at com.framework.utils.ExtentReporter.reportStep(ExtentReporter.java:115)
	at com.framework.selenium.api.base.SeleniumBase.takeSnap(SeleniumBase.java:843)
	at com.framework.utils.ExtentReporter.reportStep(ExtentReporter.java:82)
	at com.framework.utils.ExtentReporter.reportStep(ExtentReporter.java:115)
	at com.framework.selenium.api.base.SeleniumBase.takeSnap(SeleniumBase.java:843)
	at com.framework.utils.ExtentReporter.reportStep(ExtentReporter.java:82)
	at com.framework.utils.ExtentReporter.reportStep(ExtentReporter.java:115)
	at com.framework.selenium.api.base.SeleniumBase.takeSnap(SeleniumBase.java:843)
	at com.framework.utils.ExtentReporter.reportStep(ExtentReporter.java:82)
	at com.framework.utils.ExtentReporter.reportStep(ExtentReporter.java:115)
	at com.framework.selenium.api.base.SeleniumBase.takeSnap(SeleniumBase.java:843)
	at com.framework.utils.ExtentReporter.reportStep(ExtentReporter.java:82)
	at com.framework.utils.ExtentReporter.reportStep(ExtentReporter.java:115)
	at com.framework.selenium.api.base.SeleniumBase.takeSnap(SeleniumBase.java:843)
	at com.framework.utils.ExtentReporter.reportStep(ExtentReporter.java:82)
	at com.framework.utils.ExtentReporter.reportStep(ExtentReporter.java:115)
	at com.framework.selenium.api.base.SeleniumBase.takeSnap(SeleniumBase.java:843)
	at com.framework.utils.ExtentReporter.reportStep(ExtentReporter.java:82)
	at com.framework.utils.ExtentReporter.reportStep(ExtentReporter.java:115)
	at com.framework.selenium.api.base.SeleniumBase.takeSnap(SeleniumBase.java:843)
	at com.framework.utils.ExtentReporter.reportStep(ExtentReporter.java:82)
	at com.framework.utils.ExtentReporter.reportStep(ExtentReporter.java:115)
	at com.framework.selenium.api.base.SeleniumBase.takeSnap(SeleniumBase.java:843)
	at com.framework.utils.ExtentReporter.reportStep(ExtentReporter.java:82)
	at com.framework.utils.ExtentReporter.reportStep(ExtentReporter.java:115)
	at com.framework.selenium.api.base.SeleniumBase.takeSnap(SeleniumBase.java:843)
	at com.framework.utils.ExtentReporter.reportStep(ExtentReporter.java:82)
	at com.framework.utils.ExtentReporter.reportStep(ExtentReporter.java:115)
	at com.framework.selenium.api.base.SeleniumBase.takeSnap(SeleniumBase.java:843)
	at com.framework.utils.ExtentReporter.reportStep(ExtentReporter.java:82)
	at com.framework.utils.ExtentReporter.reportStep(ExtentReporter.java:115)
	at com.framework.selenium.api.base.SeleniumBase.takeSnap(SeleniumBase.java:843)
	at com.framework.utils.ExtentReporter.reportStep(ExtentReporter.java:82)
	at com.framework.utils.ExtentReporter.reportStep(ExtentReporter.java:115)
	at com.framework.selenium.api.base.SeleniumBase.takeSnap(SeleniumBase.java:843)
	at com.framework.utils.ExtentReporter.reportStep(ExtentReporter.java:82)
	at com.framework.utils.ExtentReporter.reportStep(ExtentReporter.java:115)
	at com.framework.selenium.api.base.SeleniumBase.takeSnap(SeleniumBase.java:843)
	at com.framework.utils.ExtentReporter.reportStep(ExtentReporter.java:82)
	at com.framework.utils.ExtentReporter.reportStep(ExtentReporter.java:115)
	at com.framework.selenium.api.base.SeleniumBase.takeSnap(SeleniumBase.java:843)
	at com.framework.utils.ExtentReporter.reportStep(ExtentReporter.java:82)
	at com.framework.utils.ExtentReporter.reportStep(ExtentReporter.java:115)
	at com.framework.selenium.api.base.SeleniumBase.takeSnap(SeleniumBase.java:843)
	at com.framework.utils.ExtentReporter.reportStep(ExtentReporter.java:82)
	at com.framework.utils.ExtentReporter.reportStep(ExtentReporter.java:115)
	at com.framework.selenium.api.base.SeleniumBase.takeSnap(SeleniumBase.java:843)
	at com.framework.utils.ExtentReporter.reportStep(ExtentReporter.java:82)
	at com.framework.utils.ExtentReporter.reportStep(ExtentReporter.java:115)
	at com.framework.selenium.api.base.SeleniumBase.takeSnap(SeleniumBase.java:843)
	at com.framework.utils.ExtentReporter.reportStep(ExtentReporter.java:82)
	at com.framework.utils.ExtentReporter.reportStep(ExtentReporter.java:115)
	at com.framework.selenium.api.base.SeleniumBase.takeSnap(SeleniumBase.java:843)
	at com.framework.utils.ExtentReporter.reportStep(ExtentReporter.java:82)
	at com.framework.utils.ExtentReporter.reportStep(ExtentReporter.java:115)
	at com.framework.selenium.api.base.SeleniumBase.takeSnap(SeleniumBase.java:843)
	at com.framework.utils.ExtentReporter.reportStep(ExtentReporter.java:82)
	at com.framework.utils.ExtentReporter.reportStep(ExtentReporter.java:115)
	at com.framework.selenium.api.base.SeleniumBase.takeSnap(SeleniumBase.java:843)
	at com.framework.utils.ExtentReporter.reportStep(ExtentReporter.java:82)
	at com.framework.utils.ExtentReporter.reportStep(ExtentReporter.java:115)
	at com.framework.selenium.api.base.SeleniumBase.takeSnap(SeleniumBase.java:843)
	at com.framework.utils.ExtentReporter.reportStep(ExtentReporter.java:82)
	at com.framework.utils.ExtentReporter.reportStep(ExtentReporter.java:115)
	at com.framework.selenium.api.base.SeleniumBase.takeSnap(SeleniumBase.java:843)
	at com.framework.utils.ExtentReporter.reportStep(ExtentReporter.java:82)
	at com.framework.utils.ExtentReporter.reportStep(ExtentReporter.java:115)
	at com.framework.selenium.api.base.SeleniumBase.takeSnap(SeleniumBase.java:843)
	at com.framework.utils.ExtentReporter.reportStep(ExtentReporter.java:82)
	at com.framework.utils.ExtentReporter.reportStep(ExtentReporter.java:115)
	at com.framework.selenium.api.base.SeleniumBase.takeSnap(SeleniumBase.java:843)
	at com.framework.utils.ExtentReporter.reportStep(ExtentReporter.java:82)
	at com.framework.utils.ExtentReporter.reportStep(ExtentReporter.java:115)
	at com.framework.selenium.api.base.SeleniumBase.takeSnap(SeleniumBase.java:843)
	at com.framework.utils.ExtentReporter.reportStep(ExtentReporter.java:82)
	at com.framework.utils.ExtentReporter.reportStep(ExtentReporter.java:115)
	at com.framework.selenium.api.base.SeleniumBase.takeSnap(SeleniumBase.java:843)
	at com.framework.utils.ExtentReporter.reportStep(ExtentReporter.java:82)
	at com.framework.utils.ExtentReporter.reportStep(ExtentReporter.java:115)
	at com.framework.selenium.api.base.SeleniumBase.takeSnap(SeleniumBase.java:843)
	at com.framework.utils.ExtentReporter.reportStep(ExtentReporter.java:82)
	at com.framework.utils.ExtentReporter.reportStep(ExtentReporter.java:115)
	at com.framework.selenium.api.base.SeleniumBase.takeSnap(SeleniumBase.java:843)
	at com.framework.utils.ExtentReporter.reportStep(ExtentReporter.java:82)
	at com.framework.utils.ExtentReporter.reportStep(ExtentReporter.java:115)
	at com.framework.selenium.api.base.SeleniumBase.takeSnap(SeleniumBase.java:843)
	at com.framework.utils.ExtentReporter.reportStep(ExtentReporter.java:82)
	at com.framework.utils.ExtentReporter.reportStep(ExtentReporter.java:115)
	at com.framework.selenium.api.base.SeleniumBase.takeSnap(SeleniumBase.java:843)
	at com.framework.utils.ExtentReporter.reportStep(ExtentReporter.java:82)
	at com.framework.utils.ExtentReporter.reportStep(ExtentReporter.java:115)
	at com.framework.selenium.api.base.SeleniumBase.takeSnap(SeleniumBase.java:843)
	at com.framework.utils.ExtentReporter.reportStep(ExtentReporter.java:82)
	at com.framework.utils.ExtentReporter.reportStep(ExtentReporter.java:115)
	at com.framework.selenium.api.base.SeleniumBase.takeSnap(SeleniumBase.java:843)
	at com.framework.utils.ExtentReporter.reportStep(ExtentReporter.java:82)
	at com.framework.utils.ExtentReporter.reportStep(ExtentReporter.java:115)
	at com.framework.selenium.api.base.SeleniumBase.takeSnap(SeleniumBase.java:843)
	at com.framework.utils.ExtentReporter.reportStep(ExtentReporter.java:82)
	at com.framework.utils.ExtentReporter.reportStep(ExtentReporter.java:115)
	at com.framework.selenium.api.base.SeleniumBase.takeSnap(SeleniumBase.java:843)
	at com.framework.utils.ExtentReporter.reportStep(ExtentReporter.java:82)
	at com.framework.utils.ExtentReporter.reportStep(ExtentReporter.java:115)
	at com.framework.selenium.api.base.SeleniumBase.takeSnap(SeleniumBase.java:843)
	at com.framework.utils.ExtentReporter.reportStep(ExtentReporter.java:82)
	at com.framework.utils.ExtentReporter.reportStep(ExtentReporter.java:115)
	at com.framework.selenium.api.base.SeleniumBase.takeSnap(SeleniumBase.java:843)
	at com.framework.utils.ExtentReporter.reportStep(ExtentReporter.java:82)
	at com.framework.utils.ExtentReporter.reportStep(ExtentReporter.java:115)
	at com.framework.selenium.api.base.SeleniumBase.takeSnap(SeleniumBase.java:843)
	at com.framework.utils.ExtentReporter.reportStep(ExtentReporter.java:82)
	at com.framework.utils.ExtentReporter.reportStep(ExtentReporter.java:115)
	at com.framework.selenium.api.base.SeleniumBase.takeSnap(SeleniumBase.java:843)
	at com.framework.utils.ExtentReporter.reportStep(ExtentReporter.java:82)
	at com.framework.utils.ExtentReporter.reportStep(ExtentReporter.java:115)
	at com.framework.selenium.api.base.SeleniumBase.takeSnap(SeleniumBase.java:843)
	at com.framework.utils.ExtentReporter.reportStep(ExtentReporter.java:82)
	at com.framework.utils.ExtentReporter.reportStep(ExtentReporter.java:115)
	at com.framework.selenium.api.base.SeleniumBase.takeSnap(SeleniumBase.java:843)
	at com.framework.utils.ExtentReporter.reportStep(ExtentReporter.java:82)
	at com.framework.utils.ExtentReporter.reportStep(ExtentReporter.java:115)
	at com.framework.selenium.api.base.SeleniumBase.takeSnap(SeleniumBase.java:843)
	at com.framework.utils.ExtentReporter.reportStep(ExtentReporter.java:82)
	at com.framework.utils.ExtentReporter.reportStep(ExtentReporter.java:115)
	at com.framework.selenium.api.base.SeleniumBase.takeSnap(SeleniumBase.java:843)
	at com.framework.utils.ExtentReporter.reportStep(ExtentReporter.java:82)
	at com.framework.utils.ExtentReporter.reportStep(ExtentReporter.java:115)
	at com.framework.selenium.api.base.SeleniumBase.takeSnap(SeleniumBase.java:843)
	at com.framework.utils.ExtentReporter.reportStep(ExtentReporter.java:82)
	at com.framework.utils.ExtentReporter.reportStep(ExtentReporter.java:115)
	at com.framework.selenium.api.base.SeleniumBase.takeSnap(SeleniumBase.java:843)
	at com.framework.utils.ExtentReporter.reportStep(ExtentReporter.java:82)
	at com.framework.utils.ExtentReporter.reportStep(ExtentReporter.java:115)
	at com.framework.selenium.api.base.SeleniumBase.takeSnap(SeleniumBase.java:843)
	at com.framework.utils.ExtentReporter.reportStep(ExtentReporter.java:82)
	at com.framework.utils.ExtentReporter.reportStep(ExtentReporter.java:115)
	at com.framework.selenium.api.base.SeleniumBase.takeSnap(SeleniumBase.java:843)
	at com.framework.utils.ExtentReporter.reportStep(ExtentReporter.java:82)
	at com.framework.utils.ExtentReporter.reportStep(ExtentReporter.java:115)
	at com.framework.selenium.api.base.SeleniumBase.takeSnap(SeleniumBase.java:843)
	at com.framework.utils.ExtentReporter.reportStep(ExtentReporter.java:82)
	at com.framework.utils.ExtentReporter.reportStep(ExtentReporter.java:115)
	at com.framework.selenium.api.base.SeleniumBase.takeSnap(SeleniumBase.java:843)
	at com.framework.utils.ExtentReporter.reportStep(ExtentReporter.java:82)
	at com.framework.utils.ExtentReporter.reportStep(ExtentReporter.java:115)
	at com.framework.selenium.api.base.SeleniumBase.takeSnap(SeleniumBase.java:843)
	at com.framework.utils.ExtentReporter.reportStep(ExtentReporter.java:82)
	at com.framework.utils.ExtentReporter.reportStep(ExtentReporter.java:115)
	at com.framework.selenium.api.base.SeleniumBase.takeSnap(SeleniumBase.java:843)
	at com.framework.utils.ExtentReporter.reportStep(ExtentReporter.java:82)
	at com.framework.utils.ExtentReporter.reportStep(ExtentReporter.java:115)
	at com.framework.selenium.api.base.SeleniumBase.takeSnap(SeleniumBase.java:843)
	at com.framework.utils.ExtentReporter.reportStep(ExtentReporter.java:82)
	at com.framework.utils.ExtentReporter.reportStep(ExtentReporter.java:115)
	at com.framework.selenium.api.base.SeleniumBase.takeSnap(SeleniumBase.java:843)
	at com.framework.utils.ExtentReporter.reportStep(ExtentReporter.java:82)
	at com.framework.utils.ExtentReporter.reportStep(ExtentReporter.java:115)
	at com.framework.selenium.api.base.SeleniumBase.takeSnap(SeleniumBase.java:843)
	at com.framework.utils.ExtentReporter.reportStep(ExtentReporter.java:82)
	at com.framework.utils.ExtentReporter.reportStep(ExtentReporter.java:115)
	at com.framework.selenium.api.base.SeleniumBase.takeSnap(SeleniumBase.java:843)
	at com.framework.utils.ExtentReporter.reportStep(ExtentReporter.java:82)
	at com.framework.utils.ExtentReporter.reportStep(ExtentReporter.java:115)
	at com.framework.selenium.api.base.SeleniumBase.takeSnap(SeleniumBase.java:843)
	at com.framework.utils.ExtentReporter.reportStep(ExtentReporter.java:82)
	at com.framework.utils.ExtentReporter.reportStep(ExtentReporter.java:115)
	at com.framework.selenium.api.base.SeleniumBase.takeSnap(SeleniumBase.java:843)
	at com.framework.utils.ExtentReporter.reportStep(ExtentReporter.java:82)
	at com.framework.utils.ExtentReporter.reportStep(ExtentReporter.java:115)
	at com.framework.selenium.api.base.SeleniumBase.takeSnap(SeleniumBase.java:843)
	at com.framework.utils.ExtentReporter.reportStep(ExtentReporter.java:82)
	at com.framework.utils.ExtentReporter.reportStep(ExtentReporter.java:115)
	at com.framework.selenium.api.base.SeleniumBase.takeSnap(SeleniumBase.java:843)
	at com.framework.utils.ExtentReporter.reportStep(ExtentReporter.java:82)
	at com.framework.utils.ExtentReporter.reportStep(ExtentReporter.java:115)
	at com.framework.selenium.api.base.SeleniumBase.takeSnap(SeleniumBase.java:843)
	at com.framework.utils.ExtentReporter.reportStep(ExtentReporter.java:82)
	at com.framework.utils.ExtentReporter.reportStep(ExtentReporter.java:115)
	at com.framework.selenium.api.base.SeleniumBase.takeSnap(SeleniumBase.java:843)
	at com.framework.utils.ExtentReporter.reportStep(ExtentReporter.java:82)
	at com.framework.utils.ExtentReporter.reportStep(ExtentReporter.java:115)
	at com.framework.selenium.api.base.SeleniumBase.takeSnap(SeleniumBase.java:843)
	at com.framework.utils.ExtentReporter.reportStep(ExtentReporter.java:82)
	at com.framework.utils.ExtentReporter.reportStep(ExtentReporter.java:115)
	at com.framework.selenium.api.base.SeleniumBase.takeSnap(SeleniumBase.java:843)
	at com.framework.utils.ExtentReporter.reportStep(ExtentReporter.java:82)
	at com.framework.utils.ExtentReporter.reportStep(ExtentReporter.java:115)
	at com.framework.selenium.api.base.SeleniumBase.takeSnap(SeleniumBase.java:843)
	at com.framework.utils.ExtentReporter.reportStep(ExtentReporter.java:82)
	at com.framework.utils.ExtentReporter.reportStep(ExtentReporter.java:115)
	at com.framework.selenium.api.base.SeleniumBase.takeSnap(SeleniumBase.java:843)
	at com.framework.utils.ExtentReporter.reportStep(ExtentReporter.java:82)
	at com.framework.utils.ExtentReporter.reportStep(ExtentReporter.java:115)
	at com.framework.selenium.api.base.SeleniumBase.takeSnap(SeleniumBase.java:843)
	at com.framework.utils.ExtentReporter.reportStep(ExtentReporter.java:82)
	at com.framework.utils.ExtentReporter.reportStep(ExtentReporter.java:115)
	at com.framework.selenium.api.base.SeleniumBase.takeSnap(SeleniumBase.java:843)
	at com.framework.utils.ExtentReporter.reportStep(ExtentReporter.java:82)
	at com.framework.utils.ExtentReporter.reportStep(ExtentReporter.java:115)
]]>
    </failure>
  </testcase> <!-- runTests -->
</testsuite> <!-- Default test -->
