<?xml version="1.0" encoding="UTF-8"?>
<!-- Generated by org.testng.reporters.JUnitXMLReporter -->
<testsuite ignored="0" hostname="DESKTOP-2PIKAKN" failures="1" tests="1" name="Fetch Text From Websites" time="652.117" errors="0" timestamp="23 Sep 2023 19:09:00 GMT">
  <testcase classname="com.leaftaps.testcases.OneMg_DOXYCYCLINE_100MG" name="runTests" time="639.04">
    <failure type="java.lang.RuntimeException" message="See the reporter for details.">
      <![CDATA[java.lang.RuntimeException: See the reporter for details.
	at com.framework.utils.ExtentReporter.reportStep(ExtentReporter.java:94)
	at com.framework.utils.ExtentReporter.reportStep(ExtentReporter.java:115)
	at com.framework.selenium.api.base.SeleniumBase.OneMG_GetEachAlternativesText_StoreInMap(SeleniumBase.java:1522)
	at com.leaftaps.pages.OneMG_MainPage.get_AlternativesDetails_StoreInMap(OneMG_MainPage.java:72)
	at com.leaftaps.testcases.OneMg_DOXYCYCLINE_100MG.runTests(OneMg_DOXYCYCLINE_100MG.java:29)
... Removed 25 stack frames]]>
    </failure>
  </testcase> <!-- runTests -->
</testsuite> <!-- Fetch Text From Websites -->
