<?xml version="1.0" encoding="UTF-8"?>
<testng-results ignored="0" total="1" passed="0" failed="1" skipped="0">
  <reporter-output>
  </reporter-output>
  <suite started-at="2023-09-22T10:14:03Z" name="Leaftaps" finished-at="2023-09-22T10:14:26Z" duration-ms="23680">
    <groups>
      <group name="cucumber">
        <method signature="AbstractTestNGCucumberTests.runScenario(cucumber.api.testng.PickleEventWrapper, cucumber.api.testng.CucumberFeatureWrapper)[pri:0, instance:com.leaftaps.testcases.ReadAndWrite@5a7fe64f]" name="runScenario" class="cucumber.api.testng.AbstractTestNGCucumberTests"/>
      </group> <!-- cucumber -->
    </groups>
    <test started-at="2023-09-22T10:14:03Z" name="Leads" finished-at="2023-09-22T10:14:26Z" duration-ms="23680">
      <class name="com.leaftaps.testcases.ReadAndWrite">
        <test-method is-config="true" signature="startReport()[pri:0, instance:com.leaftaps.testcases.ReadAndWrite@5a7fe64f]" started-at="2023-09-22T15:44:02Z" name="startReport" finished-at="2023-09-22T15:44:03Z" duration-ms="162" status="PASS">
          <reporter-output>
          </reporter-output>
        </test-method> <!-- startReport -->
        <test-method is-config="true" signature="setValues()[pri:0, instance:com.leaftaps.testcases.ReadAndWrite@5a7fe64f]" started-at="2023-09-22T15:44:03Z" name="setValues" finished-at="2023-09-22T15:44:03Z" duration-ms="0" status="PASS">
          <reporter-output>
          </reporter-output>
        </test-method> <!-- setValues -->
        <test-method is-config="true" signature="setUpClass()[pri:0, instance:com.leaftaps.testcases.ReadAndWrite@5a7fe64f]" started-at="2023-09-22T15:44:03Z" name="setUpClass" finished-at="2023-09-22T15:44:03Z" duration-ms="131" status="PASS">
          <reporter-output>
          </reporter-output>
        </test-method> <!-- setUpClass -->
        <test-method is-config="true" signature="startTestCase()[pri:0, instance:com.leaftaps.testcases.ReadAndWrite@5a7fe64f]" started-at="2023-09-22T15:44:03Z" name="startTestCase" finished-at="2023-09-22T15:44:03Z" duration-ms="7" status="PASS">
          <reporter-output>
          </reporter-output>
        </test-method> <!-- startTestCase -->
        <test-method is-config="true" signature="preCondition()[pri:0, instance:com.leaftaps.testcases.ReadAndWrite@5a7fe64f]" started-at="2023-09-22T15:44:03Z" name="preCondition" finished-at="2023-09-22T15:44:18Z" duration-ms="15659" status="PASS">
          <reporter-output>
          </reporter-output>
        </test-method> <!-- preCondition -->
        <test-method signature="runTests()[pri:0, instance:com.leaftaps.testcases.ReadAndWrite@5a7fe64f]" started-at="2023-09-22T15:44:18Z" name="runTests" finished-at="2023-09-22T15:44:26Z" duration-ms="7183" status="FAIL">
          <exception class="java.lang.StackOverflowError">
            <full-stacktrace>
              <![CDATA[java.lang.StackOverflowError
	at org.openqa.selenium.remote.RemoteWebDriver.execute(RemoteWebDriver.java:636)
	at org.openqa.selenium.remote.RemoteWebDriver.execute(RemoteWebDriver.java:675)
	at org.openqa.selenium.remote.RemoteWebDriver.execute(RemoteWebDriver.java:679)
	at org.openqa.selenium.remote.RemoteWebDriver.getScreenshotAs(RemoteWebDriver.java:325)
	at com.framework.selenium.api.base.SeleniumBase.takeSnap(SeleniumBase.java:932)
	at com.framework.utils.ExtentReporter.reportStep(ExtentReporter.java:82)
	at com.framework.utils.ExtentReporter.reportStep(ExtentReporter.java:115)
	at com.framework.selenium.api.base.SeleniumBase.takeSnap(SeleniumBase.java:935)
	at com.framework.utils.ExtentReporter.reportStep(ExtentReporter.java:82)
	at com.framework.utils.ExtentReporter.reportStep(ExtentReporter.java:115)
	at com.framework.selenium.api.base.SeleniumBase.takeSnap(SeleniumBase.java:935)
	at com.framework.utils.ExtentReporter.reportStep(ExtentReporter.java:82)
	at com.framework.utils.ExtentReporter.reportStep(ExtentReporter.java:115)
	at com.framework.selenium.api.base.SeleniumBase.takeSnap(SeleniumBase.java:935)
	at com.framework.utils.ExtentReporter.reportStep(ExtentReporter.java:82)
	at com.framework.utils.ExtentReporter.reportStep(ExtentReporter.java:115)
	at com.framework.selenium.api.base.SeleniumBase.takeSnap(SeleniumBase.java:935)
	at com.framework.utils.ExtentReporter.reportStep(ExtentReporter.java:82)
	at com.framework.utils.ExtentReporter.reportStep(ExtentReporter.java:115)
	at com.framework.selenium.api.base.SeleniumBase.takeSnap(SeleniumBase.java:935)
	at com.framework.utils.ExtentReporter.reportStep(ExtentReporter.java:82)
	at com.framework.utils.ExtentReporter.reportStep(ExtentReporter.java:115)
	at com.framework.selenium.api.base.SeleniumBase.takeSnap(SeleniumBase.java:935)
	at com.framework.utils.ExtentReporter.reportStep(ExtentReporter.java:82)
	at com.framework.utils.ExtentReporter.reportStep(ExtentReporter.java:115)
	at com.framework.selenium.api.base.SeleniumBase.takeSnap(SeleniumBase.java:935)
	at com.framework.utils.ExtentReporter.reportStep(ExtentReporter.java:82)
	at com.framework.utils.ExtentReporter.reportStep(ExtentReporter.java:115)
	at com.framework.selenium.api.base.SeleniumBase.takeSnap(SeleniumBase.java:935)
	at com.framework.utils.ExtentReporter.reportStep(ExtentReporter.java:82)
	at com.framework.utils.ExtentReporter.reportStep(ExtentReporter.java:115)
	at com.framework.selenium.api.base.SeleniumBase.takeSnap(SeleniumBase.java:935)
	at com.framework.utils.ExtentReporter.reportStep(ExtentReporter.java:82)
	at com.framework.utils.ExtentReporter.reportStep(ExtentReporter.java:115)
	at com.framework.selenium.api.base.SeleniumBase.takeSnap(SeleniumBase.java:935)
	at com.framework.utils.ExtentReporter.reportStep(ExtentReporter.java:82)
	at com.framework.utils.ExtentReporter.reportStep(ExtentReporter.java:115)
	at com.framework.selenium.api.base.SeleniumBase.takeSnap(SeleniumBase.java:935)
	at com.framework.utils.ExtentReporter.reportStep(ExtentReporter.java:82)
	at com.framework.utils.ExtentReporter.reportStep(ExtentReporter.java:115)
	at com.framework.selenium.api.base.SeleniumBase.takeSnap(SeleniumBase.java:935)
	at com.framework.utils.ExtentReporter.reportStep(ExtentReporter.java:82)
	at com.framework.utils.ExtentReporter.reportStep(ExtentReporter.java:115)
	at com.framework.selenium.api.base.SeleniumBase.takeSnap(SeleniumBase.java:935)
	at com.framework.utils.ExtentReporter.reportStep(ExtentReporter.java:82)
	at com.framework.utils.ExtentReporter.reportStep(ExtentReporter.java:115)
	at com.framework.selenium.api.base.SeleniumBase.takeSnap(SeleniumBase.java:935)
	at com.framework.utils.ExtentReporter.reportStep(ExtentReporter.java:82)
	at com.framework.utils.ExtentReporter.reportStep(ExtentReporter.java:115)
	at com.framework.selenium.api.base.SeleniumBase.takeSnap(SeleniumBase.java:935)
	at com.framework.utils.ExtentReporter.reportStep(ExtentReporter.java:82)
	at com.framework.utils.ExtentReporter.reportStep(ExtentReporter.java:115)
	at com.framework.selenium.api.base.SeleniumBase.takeSnap(SeleniumBase.java:935)
	at com.framework.utils.ExtentReporter.reportStep(ExtentReporter.java:82)
	at com.framework.utils.ExtentReporter.reportStep(ExtentReporter.java:115)
	at com.framework.selenium.api.base.SeleniumBase.takeSnap(SeleniumBase.java:935)
	at com.framework.utils.ExtentReporter.reportStep(ExtentReporter.java:82)
	at com.framework.utils.ExtentReporter.reportStep(ExtentReporter.java:115)
	at com.framework.selenium.api.base.SeleniumBase.takeSnap(SeleniumBase.java:935)
	at com.framework.utils.ExtentReporter.reportStep(ExtentReporter.java:82)
	at com.framework.utils.ExtentReporter.reportStep(ExtentReporter.java:115)
	at com.framework.selenium.api.base.SeleniumBase.takeSnap(SeleniumBase.java:935)
	at com.framework.utils.ExtentReporter.reportStep(ExtentReporter.java:82)
	at com.framework.utils.ExtentReporter.reportStep(ExtentReporter.java:115)
	at com.framework.selenium.api.base.SeleniumBase.takeSnap(SeleniumBase.java:935)
	at com.framework.utils.ExtentReporter.reportStep(ExtentReporter.java:82)
	at com.framework.utils.ExtentReporter.reportStep(ExtentReporter.java:115)
	at com.framework.selenium.api.base.SeleniumBase.takeSnap(SeleniumBase.java:935)
	at com.framework.utils.ExtentReporter.reportStep(ExtentReporter.java:82)
	at com.framework.utils.ExtentReporter.reportStep(ExtentReporter.java:115)
	at com.framework.selenium.api.base.SeleniumBase.takeSnap(SeleniumBase.java:935)
	at com.framework.utils.ExtentReporter.reportStep(ExtentReporter.java:82)
	at com.framework.utils.ExtentReporter.reportStep(ExtentReporter.java:115)
	at com.framework.selenium.api.base.SeleniumBase.takeSnap(SeleniumBase.java:935)
	at com.framework.utils.ExtentReporter.reportStep(ExtentReporter.java:82)
	at com.framework.utils.ExtentReporter.reportStep(ExtentReporter.java:115)
	at com.framework.selenium.api.base.SeleniumBase.takeSnap(SeleniumBase.java:935)
	at com.framework.utils.ExtentReporter.reportStep(ExtentReporter.java:82)
	at com.framework.utils.ExtentReporter.reportStep(ExtentReporter.java:115)
	at com.framework.selenium.api.base.SeleniumBase.takeSnap(SeleniumBase.java:935)
	at com.framework.utils.ExtentReporter.reportStep(ExtentReporter.java:82)
	at com.framework.utils.ExtentReporter.reportStep(ExtentReporter.java:115)
	at com.framework.selenium.api.base.SeleniumBase.takeSnap(SeleniumBase.java:935)
	at com.framework.utils.ExtentReporter.reportStep(ExtentReporter.java:82)
	at com.framework.utils.ExtentReporter.reportStep(ExtentReporter.java:115)
	at com.framework.selenium.api.base.SeleniumBase.takeSnap(SeleniumBase.java:935)
	at com.framework.utils.ExtentReporter.reportStep(ExtentReporter.java:82)
	at com.framework.utils.ExtentReporter.reportStep(ExtentReporter.java:115)
	at com.framework.selenium.api.base.SeleniumBase.takeSnap(SeleniumBase.java:935)
	at com.framework.utils.ExtentReporter.reportStep(ExtentReporter.java:82)
	at com.framework.utils.ExtentReporter.reportStep(ExtentReporter.java:115)
	at com.framework.selenium.api.base.SeleniumBase.takeSnap(SeleniumBase.java:935)
	at com.framework.utils.ExtentReporter.reportStep(ExtentReporter.java:82)
	at com.framework.utils.ExtentReporter.reportStep(ExtentReporter.java:115)
	at com.framework.selenium.api.base.SeleniumBase.takeSnap(SeleniumBase.java:935)
	at com.framework.utils.ExtentReporter.reportStep(ExtentReporter.java:82)
	at com.framework.utils.ExtentReporter.reportStep(ExtentReporter.java:115)
	at com.framework.selenium.api.base.SeleniumBase.takeSnap(SeleniumBase.java:935)
	at com.framework.utils.ExtentReporter.reportStep(ExtentReporter.java:82)
	at com.framework.utils.ExtentReporter.reportStep(ExtentReporter.java:115)
	at com.framework.selenium.api.base.SeleniumBase.takeSnap(SeleniumBase.java:935)
	at com.framework.utils.ExtentReporter.reportStep(ExtentReporter.java:82)
	at com.framework.utils.ExtentReporter.reportStep(ExtentReporter.java:115)
	at com.framework.selenium.api.base.SeleniumBase.takeSnap(SeleniumBase.java:935)
	at com.framework.utils.ExtentReporter.reportStep(ExtentReporter.java:82)
	at com.framework.utils.ExtentReporter.reportStep(ExtentReporter.java:115)
	at com.framework.selenium.api.base.SeleniumBase.takeSnap(SeleniumBase.java:935)
	at com.framework.utils.ExtentReporter.reportStep(ExtentReporter.java:82)
	at com.framework.utils.ExtentReporter.reportStep(ExtentReporter.java:115)
	at com.framework.selenium.api.base.SeleniumBase.takeSnap(SeleniumBase.java:935)
	at com.framework.utils.ExtentReporter.reportStep(ExtentReporter.java:82)
	at com.framework.utils.ExtentReporter.reportStep(ExtentReporter.java:115)
	at com.framework.selenium.api.base.SeleniumBase.takeSnap(SeleniumBase.java:935)
	at com.framework.utils.ExtentReporter.reportStep(ExtentReporter.java:82)
	at com.framework.utils.ExtentReporter.reportStep(ExtentReporter.java:115)
	at com.framework.selenium.api.base.SeleniumBase.takeSnap(SeleniumBase.java:935)
	at com.framework.utils.ExtentReporter.reportStep(ExtentReporter.java:82)
	at com.framework.utils.ExtentReporter.reportStep(ExtentReporter.java:115)
	at com.framework.selenium.api.base.SeleniumBase.takeSnap(SeleniumBase.java:935)
	at com.framework.utils.ExtentReporter.reportStep(ExtentReporter.java:82)
	at com.framework.utils.ExtentReporter.reportStep(ExtentReporter.java:115)
	at com.framework.selenium.api.base.SeleniumBase.takeSnap(SeleniumBase.java:935)
	at com.framework.utils.ExtentReporter.reportStep(ExtentReporter.java:82)
	at com.framework.utils.ExtentReporter.reportStep(ExtentReporter.java:115)
	at com.framework.selenium.api.base.SeleniumBase.takeSnap(SeleniumBase.java:935)
	at com.framework.utils.ExtentReporter.reportStep(ExtentReporter.java:82)
	at com.framework.utils.ExtentReporter.reportStep(ExtentReporter.java:115)
	at com.framework.selenium.api.base.SeleniumBase.takeSnap(SeleniumBase.java:935)
	at com.framework.utils.ExtentReporter.reportStep(ExtentReporter.java:82)
	at com.framework.utils.ExtentReporter.reportStep(ExtentReporter.java:115)
	at com.framework.selenium.api.base.SeleniumBase.takeSnap(SeleniumBase.java:935)
	at com.framework.utils.ExtentReporter.reportStep(ExtentReporter.java:82)
	at com.framework.utils.ExtentReporter.reportStep(ExtentReporter.java:115)
	at com.framework.selenium.api.base.SeleniumBase.takeSnap(SeleniumBase.java:935)
	at com.framework.utils.ExtentReporter.reportStep(ExtentReporter.java:82)
	at com.framework.utils.ExtentReporter.reportStep(ExtentReporter.java:115)
	at com.framework.selenium.api.base.SeleniumBase.takeSnap(SeleniumBase.java:935)
	at com.framework.utils.ExtentReporter.reportStep(ExtentReporter.java:82)
	at com.framework.utils.ExtentReporter.reportStep(ExtentReporter.java:115)
	at com.framework.selenium.api.base.SeleniumBase.takeSnap(SeleniumBase.java:935)
	at com.framework.utils.ExtentReporter.reportStep(ExtentReporter.java:82)
	at com.framework.utils.ExtentReporter.reportStep(ExtentReporter.java:115)
	at com.framework.selenium.api.base.SeleniumBase.takeSnap(SeleniumBase.java:935)
	at com.framework.utils.ExtentReporter.reportStep(ExtentReporter.java:82)
	at com.framework.utils.ExtentReporter.reportStep(ExtentReporter.java:115)
	at com.framework.selenium.api.base.SeleniumBase.takeSnap(SeleniumBase.java:935)
	at com.framework.utils.ExtentReporter.reportStep(ExtentReporter.java:82)
	at com.framework.utils.ExtentReporter.reportStep(ExtentReporter.java:115)
	at com.framework.selenium.api.base.SeleniumBase.takeSnap(SeleniumBase.java:935)
	at com.framework.utils.ExtentReporter.reportStep(ExtentReporter.java:82)
	at com.framework.utils.ExtentReporter.reportStep(ExtentReporter.java:115)
	at com.framework.selenium.api.base.SeleniumBase.takeSnap(SeleniumBase.java:935)
	at com.framework.utils.ExtentReporter.reportStep(ExtentReporter.java:82)
	at com.framework.utils.ExtentReporter.reportStep(ExtentReporter.java:115)
	at com.framework.selenium.api.base.SeleniumBase.takeSnap(SeleniumBase.java:935)
	at com.framework.utils.ExtentReporter.reportStep(ExtentReporter.java:82)
	at com.framework.utils.ExtentReporter.reportStep(ExtentReporter.java:115)
	at com.framework.selenium.api.base.SeleniumBase.takeSnap(SeleniumBase.java:935)
	at com.framework.utils.ExtentReporter.reportStep(ExtentReporter.java:82)
	at com.framework.utils.ExtentReporter.reportStep(ExtentReporter.java:115)
	at com.framework.selenium.api.base.SeleniumBase.takeSnap(SeleniumBase.java:935)
	at com.framework.utils.ExtentReporter.reportStep(ExtentReporter.java:82)
	at com.framework.utils.ExtentReporter.reportStep(ExtentReporter.java:115)
	at com.framework.selenium.api.base.SeleniumBase.takeSnap(SeleniumBase.java:935)
	at com.framework.utils.ExtentReporter.reportStep(ExtentReporter.java:82)
	at com.framework.utils.ExtentReporter.reportStep(ExtentReporter.java:115)
	at com.framework.selenium.api.base.SeleniumBase.takeSnap(SeleniumBase.java:935)
	at com.framework.utils.ExtentReporter.reportStep(ExtentReporter.java:82)
	at com.framework.utils.ExtentReporter.reportStep(ExtentReporter.java:115)
	at com.framework.selenium.api.base.SeleniumBase.takeSnap(SeleniumBase.java:935)
	at com.framework.utils.ExtentReporter.reportStep(ExtentReporter.java:82)
	at com.framework.utils.ExtentReporter.reportStep(ExtentReporter.java:115)
	at com.framework.selenium.api.base.SeleniumBase.takeSnap(SeleniumBase.java:935)
	at com.framework.utils.ExtentReporter.reportStep(ExtentReporter.java:82)
	at com.framework.utils.ExtentReporter.reportStep(ExtentReporter.java:115)
	at com.framework.selenium.api.base.SeleniumBase.takeSnap(SeleniumBase.java:935)
	at com.framework.utils.ExtentReporter.reportStep(ExtentReporter.java:82)
	at com.framework.utils.ExtentReporter.reportStep(ExtentReporter.java:115)
	at com.framework.selenium.api.base.SeleniumBase.takeSnap(SeleniumBase.java:935)
	at com.framework.utils.ExtentReporter.reportStep(ExtentReporter.java:82)
	at com.framework.utils.ExtentReporter.reportStep(ExtentReporter.java:115)
	at com.framework.selenium.api.base.SeleniumBase.takeSnap(SeleniumBase.java:935)
	at com.framework.utils.ExtentReporter.reportStep(ExtentReporter.java:82)
	at com.framework.utils.ExtentReporter.reportStep(ExtentReporter.java:115)
	at com.framework.selenium.api.base.SeleniumBase.takeSnap(SeleniumBase.java:935)
	at com.framework.utils.ExtentReporter.reportStep(ExtentReporter.java:82)
	at com.framework.utils.ExtentReporter.reportStep(ExtentReporter.java:115)
	at com.framework.selenium.api.base.SeleniumBase.takeSnap(SeleniumBase.java:935)
	at com.framework.utils.ExtentReporter.reportStep(ExtentReporter.java:82)
	at com.framework.utils.ExtentReporter.reportStep(ExtentReporter.java:115)
	at com.framework.selenium.api.base.SeleniumBase.takeSnap(SeleniumBase.java:935)
	at com.framework.utils.ExtentReporter.reportStep(ExtentReporter.java:82)
	at com.framework.utils.ExtentReporter.reportStep(ExtentReporter.java:115)
	at com.framework.selenium.api.base.SeleniumBase.takeSnap(SeleniumBase.java:935)
	at com.framework.utils.ExtentReporter.reportStep(ExtentReporter.java:82)
	at com.framework.utils.ExtentReporter.reportStep(ExtentReporter.java:115)
	at com.framework.selenium.api.base.SeleniumBase.takeSnap(SeleniumBase.java:935)
	at com.framework.utils.ExtentReporter.reportStep(ExtentReporter.java:82)
	at com.framework.utils.ExtentReporter.reportStep(ExtentReporter.java:115)
	at com.framework.selenium.api.base.SeleniumBase.takeSnap(SeleniumBase.java:935)
	at com.framework.utils.ExtentReporter.reportStep(ExtentReporter.java:82)
	at com.framework.utils.ExtentReporter.reportStep(ExtentReporter.java:115)
	at com.framework.selenium.api.base.SeleniumBase.takeSnap(SeleniumBase.java:935)
	at com.framework.utils.ExtentReporter.reportStep(ExtentReporter.java:82)
	at com.framework.utils.ExtentReporter.reportStep(ExtentReporter.java:115)
	at com.framework.selenium.api.base.SeleniumBase.takeSnap(SeleniumBase.java:935)
	at com.framework.utils.ExtentReporter.reportStep(ExtentReporter.java:82)
	at com.framework.utils.ExtentReporter.reportStep(ExtentReporter.java:115)
	at com.framework.selenium.api.base.SeleniumBase.takeSnap(SeleniumBase.java:935)
	at com.framework.utils.ExtentReporter.reportStep(ExtentReporter.java:82)
	at com.framework.utils.ExtentReporter.reportStep(ExtentReporter.java:115)
	at com.framework.selenium.api.base.SeleniumBase.takeSnap(SeleniumBase.java:935)
	at com.framework.utils.ExtentReporter.reportStep(ExtentReporter.java:82)
	at com.framework.utils.ExtentReporter.reportStep(ExtentReporter.java:115)
	at com.framework.selenium.api.base.SeleniumBase.takeSnap(SeleniumBase.java:935)
	at com.framework.utils.ExtentReporter.reportStep(ExtentReporter.java:82)
	at com.framework.utils.ExtentReporter.reportStep(ExtentReporter.java:115)
	at com.framework.selenium.api.base.SeleniumBase.takeSnap(SeleniumBase.java:935)
	at com.framework.utils.ExtentReporter.reportStep(ExtentReporter.java:82)
	at com.framework.utils.ExtentReporter.reportStep(ExtentReporter.java:115)
	at com.framework.selenium.api.base.SeleniumBase.takeSnap(SeleniumBase.java:935)
	at com.framework.utils.ExtentReporter.reportStep(ExtentReporter.java:82)
	at com.framework.utils.ExtentReporter.reportStep(ExtentReporter.java:115)
	at com.framework.selenium.api.base.SeleniumBase.takeSnap(SeleniumBase.java:935)
	at com.framework.utils.ExtentReporter.reportStep(ExtentReporter.java:82)
	at com.framework.utils.ExtentReporter.reportStep(ExtentReporter.java:115)
	at com.framework.selenium.api.base.SeleniumBase.takeSnap(SeleniumBase.java:935)
	at com.framework.utils.ExtentReporter.reportStep(ExtentReporter.java:82)
	at com.framework.utils.ExtentReporter.reportStep(ExtentReporter.java:115)
	at com.framework.selenium.api.base.SeleniumBase.takeSnap(SeleniumBase.java:935)
	at com.framework.utils.ExtentReporter.reportStep(ExtentReporter.java:82)
	at com.framework.utils.ExtentReporter.reportStep(ExtentReporter.java:115)
	at com.framework.selenium.api.base.SeleniumBase.takeSnap(SeleniumBase.java:935)
	at com.framework.utils.ExtentReporter.reportStep(ExtentReporter.java:82)
	at com.framework.utils.ExtentReporter.reportStep(ExtentReporter.java:115)
	at com.framework.selenium.api.base.SeleniumBase.takeSnap(SeleniumBase.java:935)
	at com.framework.utils.ExtentReporter.reportStep(ExtentReporter.java:82)
	at com.framework.utils.ExtentReporter.reportStep(ExtentReporter.java:115)
	at com.framework.selenium.api.base.SeleniumBase.takeSnap(SeleniumBase.java:935)
	at com.framework.utils.ExtentReporter.reportStep(ExtentReporter.java:82)
	at com.framework.utils.ExtentReporter.reportStep(ExtentReporter.java:115)
	at com.framework.selenium.api.base.SeleniumBase.takeSnap(SeleniumBase.java:935)
	at com.framework.utils.ExtentReporter.reportStep(ExtentReporter.java:82)
	at com.framework.utils.ExtentReporter.reportStep(ExtentReporter.java:115)
	at com.framework.selenium.api.base.SeleniumBase.takeSnap(SeleniumBase.java:935)
	at com.framework.utils.ExtentReporter.reportStep(ExtentReporter.java:82)
	at com.framework.utils.ExtentReporter.reportStep(ExtentReporter.java:115)
	at com.framework.selenium.api.base.SeleniumBase.takeSnap(SeleniumBase.java:935)
	at com.framework.utils.ExtentReporter.reportStep(ExtentReporter.java:82)
	at com.framework.utils.ExtentReporter.reportStep(ExtentReporter.java:115)
	at com.framework.selenium.api.base.SeleniumBase.takeSnap(SeleniumBase.java:935)
	at com.framework.utils.ExtentReporter.reportStep(ExtentReporter.java:82)
	at com.framework.utils.ExtentReporter.reportStep(ExtentReporter.java:115)
	at com.framework.selenium.api.base.SeleniumBase.takeSnap(SeleniumBase.java:935)
	at com.framework.utils.ExtentReporter.reportStep(ExtentReporter.java:82)
	at com.framework.utils.ExtentReporter.reportStep(ExtentReporter.java:115)
	at com.framework.selenium.api.base.SeleniumBase.takeSnap(SeleniumBase.java:935)
	at com.framework.utils.ExtentReporter.reportStep(ExtentReporter.java:82)
	at com.framework.utils.ExtentReporter.reportStep(ExtentReporter.java:115)
	at com.framework.selenium.api.base.SeleniumBase.takeSnap(SeleniumBase.java:935)
	at com.framework.utils.ExtentReporter.reportStep(ExtentReporter.java:82)
	at com.framework.utils.ExtentReporter.reportStep(ExtentReporter.java:115)
	at com.framework.selenium.api.base.SeleniumBase.takeSnap(SeleniumBase.java:935)
	at com.framework.utils.ExtentReporter.reportStep(ExtentReporter.java:82)
	at com.framework.utils.ExtentReporter.reportStep(ExtentReporter.java:115)
	at com.framework.selenium.api.base.SeleniumBase.takeSnap(SeleniumBase.java:935)
	at com.framework.utils.ExtentReporter.reportStep(ExtentReporter.java:82)
	at com.framework.utils.ExtentReporter.reportStep(ExtentReporter.java:115)
	at com.framework.selenium.api.base.SeleniumBase.takeSnap(SeleniumBase.java:935)
	at com.framework.utils.ExtentReporter.reportStep(ExtentReporter.java:82)
	at com.framework.utils.ExtentReporter.reportStep(ExtentReporter.java:115)
	at com.framework.selenium.api.base.SeleniumBase.takeSnap(SeleniumBase.java:935)
	at com.framework.utils.ExtentReporter.reportStep(ExtentReporter.java:82)
	at com.framework.utils.ExtentReporter.reportStep(ExtentReporter.java:115)
	at com.framework.selenium.api.base.SeleniumBase.takeSnap(SeleniumBase.java:935)
	at com.framework.utils.ExtentReporter.reportStep(ExtentReporter.java:82)
	at com.framework.utils.ExtentReporter.reportStep(ExtentReporter.java:115)
	at com.framework.selenium.api.base.SeleniumBase.takeSnap(SeleniumBase.java:935)
	at com.framework.utils.ExtentReporter.reportStep(ExtentReporter.java:82)
	at com.framework.utils.ExtentReporter.reportStep(ExtentReporter.java:115)
	at com.framework.selenium.api.base.SeleniumBase.takeSnap(SeleniumBase.java:935)
	at com.framework.utils.ExtentReporter.reportStep(ExtentReporter.java:82)
	at com.framework.utils.ExtentReporter.reportStep(ExtentReporter.java:115)
	at com.framework.selenium.api.base.SeleniumBase.takeSnap(SeleniumBase.java:935)
	at com.framework.utils.ExtentReporter.reportStep(ExtentReporter.java:82)
	at com.framework.utils.ExtentReporter.reportStep(ExtentReporter.java:115)
	at com.framework.selenium.api.base.SeleniumBase.takeSnap(SeleniumBase.java:935)
	at com.framework.utils.ExtentReporter.reportStep(ExtentReporter.java:82)
	at com.framework.utils.ExtentReporter.reportStep(ExtentReporter.java:115)
	at com.framework.selenium.api.base.SeleniumBase.takeSnap(SeleniumBase.java:935)
	at com.framework.utils.ExtentReporter.reportStep(ExtentReporter.java:82)
	at com.framework.utils.ExtentReporter.reportStep(ExtentReporter.java:115)
	at com.framework.selenium.api.base.SeleniumBase.takeSnap(SeleniumBase.java:935)
	at com.framework.utils.ExtentReporter.reportStep(ExtentReporter.java:82)
	at com.framework.utils.ExtentReporter.reportStep(ExtentReporter.java:115)
	at com.framework.selenium.api.base.SeleniumBase.takeSnap(SeleniumBase.java:935)
	at com.framework.utils.ExtentReporter.reportStep(ExtentReporter.java:82)
	at com.framework.utils.ExtentReporter.reportStep(ExtentReporter.java:115)
	at com.framework.selenium.api.base.SeleniumBase.takeSnap(SeleniumBase.java:935)
	at com.framework.utils.ExtentReporter.reportStep(ExtentReporter.java:82)
	at com.framework.utils.ExtentReporter.reportStep(ExtentReporter.java:115)
	at com.framework.selenium.api.base.SeleniumBase.takeSnap(SeleniumBase.java:935)
	at com.framework.utils.ExtentReporter.reportStep(ExtentReporter.java:82)
	at com.framework.utils.ExtentReporter.reportStep(ExtentReporter.java:115)
	at com.framework.selenium.api.base.SeleniumBase.takeSnap(SeleniumBase.java:935)
	at com.framework.utils.ExtentReporter.reportStep(ExtentReporter.java:82)
	at com.framework.utils.ExtentReporter.reportStep(ExtentReporter.java:115)
	at com.framework.selenium.api.base.SeleniumBase.takeSnap(SeleniumBase.java:935)
	at com.framework.utils.ExtentReporter.reportStep(ExtentReporter.java:82)
	at com.framework.utils.ExtentReporter.reportStep(ExtentReporter.java:115)
	at com.framework.selenium.api.base.SeleniumBase.takeSnap(SeleniumBase.java:935)
	at com.framework.utils.ExtentReporter.reportStep(ExtentReporter.java:82)
	at com.framework.utils.ExtentReporter.reportStep(ExtentReporter.java:115)
	at com.framework.selenium.api.base.SeleniumBase.takeSnap(SeleniumBase.java:935)
	at com.framework.utils.ExtentReporter.reportStep(ExtentReporter.java:82)
	at com.framework.utils.ExtentReporter.reportStep(ExtentReporter.java:115)
	at com.framework.selenium.api.base.SeleniumBase.takeSnap(SeleniumBase.java:935)
	at com.framework.utils.ExtentReporter.reportStep(ExtentReporter.java:82)
	at com.framework.utils.ExtentReporter.reportStep(ExtentReporter.java:115)
	at com.framework.selenium.api.base.SeleniumBase.takeSnap(SeleniumBase.java:935)
	at com.framework.utils.ExtentReporter.reportStep(ExtentReporter.java:82)
	at com.framework.utils.ExtentReporter.reportStep(ExtentReporter.java:115)
	at com.framework.selenium.api.base.SeleniumBase.takeSnap(SeleniumBase.java:935)
	at com.framework.utils.ExtentReporter.reportStep(ExtentReporter.java:82)
	at com.framework.utils.ExtentReporter.reportStep(ExtentReporter.java:115)
	at com.framework.selenium.api.base.SeleniumBase.takeSnap(SeleniumBase.java:935)
	at com.framework.utils.ExtentReporter.reportStep(ExtentReporter.java:82)
	at com.framework.utils.ExtentReporter.reportStep(ExtentReporter.java:115)
	at com.framework.selenium.api.base.SeleniumBase.takeSnap(SeleniumBase.java:935)
	at com.framework.utils.ExtentReporter.reportStep(ExtentReporter.java:82)
	at com.framework.utils.ExtentReporter.reportStep(ExtentReporter.java:115)
	at com.framework.selenium.api.base.SeleniumBase.takeSnap(SeleniumBase.java:935)
	at com.framework.utils.ExtentReporter.reportStep(ExtentReporter.java:82)
	at com.framework.utils.ExtentReporter.reportStep(ExtentReporter.java:115)
	at com.framework.selenium.api.base.SeleniumBase.takeSnap(SeleniumBase.java:935)
	at com.framework.utils.ExtentReporter.reportStep(ExtentReporter.java:82)
	at com.framework.utils.ExtentReporter.reportStep(ExtentReporter.java:115)
	at com.framework.selenium.api.base.SeleniumBase.takeSnap(SeleniumBase.java:935)
	at com.framework.utils.ExtentReporter.reportStep(ExtentReporter.java:82)
	at com.framework.utils.ExtentReporter.reportStep(ExtentReporter.java:115)
	at com.framework.selenium.api.base.SeleniumBase.takeSnap(SeleniumBase.java:935)
	at com.framework.utils.ExtentReporter.reportStep(ExtentReporter.java:82)
	at com.framework.utils.ExtentReporter.reportStep(ExtentReporter.java:115)
	at com.framework.selenium.api.base.SeleniumBase.takeSnap(SeleniumBase.java:935)
	at com.framework.utils.ExtentReporter.reportStep(ExtentReporter.java:82)
	at com.framework.utils.ExtentReporter.reportStep(ExtentReporter.java:115)
	at com.framework.selenium.api.base.SeleniumBase.takeSnap(SeleniumBase.java:935)
	at com.framework.utils.ExtentReporter.reportStep(ExtentReporter.java:82)
	at com.framework.utils.ExtentReporter.reportStep(ExtentReporter.java:115)
	at com.framework.selenium.api.base.SeleniumBase.takeSnap(SeleniumBase.java:935)
	at com.framework.utils.ExtentReporter.reportStep(ExtentReporter.java:82)
	at com.framework.utils.ExtentReporter.reportStep(ExtentReporter.java:115)
	at com.framework.selenium.api.base.SeleniumBase.takeSnap(SeleniumBase.java:935)
	at com.framework.utils.ExtentReporter.reportStep(ExtentReporter.java:82)
	at com.framework.utils.ExtentReporter.reportStep(ExtentReporter.java:115)
	at com.framework.selenium.api.base.SeleniumBase.takeSnap(SeleniumBase.java:935)
	at com.framework.utils.ExtentReporter.reportStep(ExtentReporter.java:82)
	at com.framework.utils.ExtentReporter.reportStep(ExtentReporter.java:115)
	at com.framework.selenium.api.base.SeleniumBase.takeSnap(SeleniumBase.java:935)
	at com.framework.utils.ExtentReporter.reportStep(ExtentReporter.java:82)
	at com.framework.utils.ExtentReporter.reportStep(ExtentReporter.java:115)
	at com.framework.selenium.api.base.SeleniumBase.takeSnap(SeleniumBase.java:935)
	at com.framework.utils.ExtentReporter.reportStep(ExtentReporter.java:82)
	at com.framework.utils.ExtentReporter.reportStep(ExtentReporter.java:115)
	at com.framework.selenium.api.base.SeleniumBase.takeSnap(SeleniumBase.java:935)
	at com.framework.utils.ExtentReporter.reportStep(ExtentReporter.java:82)
	at com.framework.utils.ExtentReporter.reportStep(ExtentReporter.java:115)
	at com.framework.selenium.api.base.SeleniumBase.takeSnap(SeleniumBase.java:935)
	at com.framework.utils.ExtentReporter.reportStep(ExtentReporter.java:82)
	at com.framework.utils.ExtentReporter.reportStep(ExtentReporter.java:115)
	at com.framework.selenium.api.base.SeleniumBase.takeSnap(SeleniumBase.java:935)
	at com.framework.utils.ExtentReporter.reportStep(ExtentReporter.java:82)
	at com.framework.utils.ExtentReporter.reportStep(ExtentReporter.java:115)
	at com.framework.selenium.api.base.SeleniumBase.takeSnap(SeleniumBase.java:935)
	at com.framework.utils.ExtentReporter.reportStep(ExtentReporter.java:82)
	at com.framework.utils.ExtentReporter.reportStep(ExtentReporter.java:115)
	at com.framework.selenium.api.base.SeleniumBase.takeSnap(SeleniumBase.java:935)
	at com.framework.utils.ExtentReporter.reportStep(ExtentReporter.java:82)
	at com.framework.utils.ExtentReporter.reportStep(ExtentReporter.java:115)
	at com.framework.selenium.api.base.SeleniumBase.takeSnap(SeleniumBase.java:935)
	at com.framework.utils.ExtentReporter.reportStep(ExtentReporter.java:82)
	at com.framework.utils.ExtentReporter.reportStep(ExtentReporter.java:115)
	at com.framework.selenium.api.base.SeleniumBase.takeSnap(SeleniumBase.java:935)
	at com.framework.utils.ExtentReporter.reportStep(ExtentReporter.java:82)
	at com.framework.utils.ExtentReporter.reportStep(ExtentReporter.java:115)
	at com.framework.selenium.api.base.SeleniumBase.takeSnap(SeleniumBase.java:935)
	at com.framework.utils.ExtentReporter.reportStep(ExtentReporter.java:82)
	at com.framework.utils.ExtentReporter.reportStep(ExtentReporter.java:115)
	at com.framework.selenium.api.base.SeleniumBase.takeSnap(SeleniumBase.java:935)
	at com.framework.utils.ExtentReporter.reportStep(ExtentReporter.java:82)
	at com.framework.utils.ExtentReporter.reportStep(ExtentReporter.java:115)
	at com.framework.selenium.api.base.SeleniumBase.takeSnap(SeleniumBase.java:935)
	at com.framework.utils.ExtentReporter.reportStep(ExtentReporter.java:82)
	at com.framework.utils.ExtentReporter.reportStep(ExtentReporter.java:115)
	at com.framework.selenium.api.base.SeleniumBase.takeSnap(SeleniumBase.java:935)
	at com.framework.utils.ExtentReporter.reportStep(ExtentReporter.java:82)
	at com.framework.utils.ExtentReporter.reportStep(ExtentReporter.java:115)
	at com.framework.selenium.api.base.SeleniumBase.takeSnap(SeleniumBase.java:935)
	at com.framework.utils.ExtentReporter.reportStep(ExtentReporter.java:82)
	at com.framework.utils.ExtentReporter.reportStep(ExtentReporter.java:115)
	at com.framework.selenium.api.base.SeleniumBase.takeSnap(SeleniumBase.java:935)
	at com.framework.utils.ExtentReporter.reportStep(ExtentReporter.java:82)
	at com.framework.utils.ExtentReporter.reportStep(ExtentReporter.java:115)
	at com.framework.selenium.api.base.SeleniumBase.takeSnap(SeleniumBase.java:935)
	at com.framework.utils.ExtentReporter.reportStep(ExtentReporter.java:82)
	at com.framework.utils.ExtentReporter.reportStep(ExtentReporter.java:115)
	at com.framework.selenium.api.base.SeleniumBase.takeSnap(SeleniumBase.java:935)
	at com.framework.utils.ExtentReporter.reportStep(ExtentReporter.java:82)
	at com.framework.utils.ExtentReporter.reportStep(ExtentReporter.java:115)
	at com.framework.selenium.api.base.SeleniumBase.takeSnap(SeleniumBase.java:935)
	at com.framework.utils.ExtentReporter.reportStep(ExtentReporter.java:82)
	at com.framework.utils.ExtentReporter.reportStep(ExtentReporter.java:115)
	at com.framework.selenium.api.base.SeleniumBase.takeSnap(SeleniumBase.java:935)
	at com.framework.utils.ExtentReporter.reportStep(ExtentReporter.java:82)
	at com.framework.utils.ExtentReporter.reportStep(ExtentReporter.java:115)
	at com.framework.selenium.api.base.SeleniumBase.takeSnap(SeleniumBase.java:935)
	at com.framework.utils.ExtentReporter.reportStep(ExtentReporter.java:82)
	at com.framework.utils.ExtentReporter.reportStep(ExtentReporter.java:115)
	at com.framework.selenium.api.base.SeleniumBase.takeSnap(SeleniumBase.java:935)
	at com.framework.utils.ExtentReporter.reportStep(ExtentReporter.java:82)
	at com.framework.utils.ExtentReporter.reportStep(ExtentReporter.java:115)
	at com.framework.selenium.api.base.SeleniumBase.takeSnap(SeleniumBase.java:935)
	at com.framework.utils.ExtentReporter.reportStep(ExtentReporter.java:82)
	at com.framework.utils.ExtentReporter.reportStep(ExtentReporter.java:115)
	at com.framework.selenium.api.base.SeleniumBase.takeSnap(SeleniumBase.java:935)
	at com.framework.utils.ExtentReporter.reportStep(ExtentReporter.java:82)
	at com.framework.utils.ExtentReporter.reportStep(ExtentReporter.java:115)
	at com.framework.selenium.api.base.SeleniumBase.takeSnap(SeleniumBase.java:935)
	at com.framework.utils.ExtentReporter.reportStep(ExtentReporter.java:82)
	at com.framework.utils.ExtentReporter.reportStep(ExtentReporter.java:115)
	at com.framework.selenium.api.base.SeleniumBase.takeSnap(SeleniumBase.java:935)
	at com.framework.utils.ExtentReporter.reportStep(ExtentReporter.java:82)
	at com.framework.utils.ExtentReporter.reportStep(ExtentReporter.java:115)
	at com.framework.selenium.api.base.SeleniumBase.takeSnap(SeleniumBase.java:935)
	at com.framework.utils.ExtentReporter.reportStep(ExtentReporter.java:82)
	at com.framework.utils.ExtentReporter.reportStep(ExtentReporter.java:115)
	at com.framework.selenium.api.base.SeleniumBase.takeSnap(SeleniumBase.java:935)
	at com.framework.utils.ExtentReporter.reportStep(ExtentReporter.java:82)
	at com.framework.utils.ExtentReporter.reportStep(ExtentReporter.java:115)
	at com.framework.selenium.api.base.SeleniumBase.takeSnap(SeleniumBase.java:935)
	at com.framework.utils.ExtentReporter.reportStep(ExtentReporter.java:82)
	at com.framework.utils.ExtentReporter.reportStep(ExtentReporter.java:115)
	at com.framework.selenium.api.base.SeleniumBase.takeSnap(SeleniumBase.java:935)
	at com.framework.utils.ExtentReporter.reportStep(ExtentReporter.java:82)
	at com.framework.utils.ExtentReporter.reportStep(ExtentReporter.java:115)
	at com.framework.selenium.api.base.SeleniumBase.takeSnap(SeleniumBase.java:935)
	at com.framework.utils.ExtentReporter.reportStep(ExtentReporter.java:82)
	at com.framework.utils.ExtentReporter.reportStep(ExtentReporter.java:115)
	at com.framework.selenium.api.base.SeleniumBase.takeSnap(SeleniumBase.java:935)
	at com.framework.utils.ExtentReporter.reportStep(ExtentReporter.java:82)
	at com.framework.utils.ExtentReporter.reportStep(ExtentReporter.java:115)
	at com.framework.selenium.api.base.SeleniumBase.takeSnap(SeleniumBase.java:935)
	at com.framework.utils.ExtentReporter.reportStep(ExtentReporter.java:82)
	at com.framework.utils.ExtentReporter.reportStep(ExtentReporter.java:115)
	at com.framework.selenium.api.base.SeleniumBase.takeSnap(SeleniumBase.java:935)
	at com.framework.utils.ExtentReporter.reportStep(ExtentReporter.java:82)
	at com.framework.utils.ExtentReporter.reportStep(ExtentReporter.java:115)
	at com.framework.selenium.api.base.SeleniumBase.takeSnap(SeleniumBase.java:935)
	at com.framework.utils.ExtentReporter.reportStep(ExtentReporter.java:82)
	at com.framework.utils.ExtentReporter.reportStep(ExtentReporter.java:115)
	at com.framework.selenium.api.base.SeleniumBase.takeSnap(SeleniumBase.java:935)
	at com.framework.utils.ExtentReporter.reportStep(ExtentReporter.java:82)
	at com.framework.utils.ExtentReporter.reportStep(ExtentReporter.java:115)
	at com.framework.selenium.api.base.SeleniumBase.takeSnap(SeleniumBase.java:935)
	at com.framework.utils.ExtentReporter.reportStep(ExtentReporter.java:82)
	at com.framework.utils.ExtentReporter.reportStep(ExtentReporter.java:115)
	at com.framework.selenium.api.base.SeleniumBase.takeSnap(SeleniumBase.java:935)
	at com.framework.utils.ExtentReporter.reportStep(ExtentReporter.java:82)
	at com.framework.utils.ExtentReporter.reportStep(ExtentReporter.java:115)
	at com.framework.selenium.api.base.SeleniumBase.takeSnap(SeleniumBase.java:935)
	at com.framework.utils.ExtentReporter.reportStep(ExtentReporter.java:82)
	at com.framework.utils.ExtentReporter.reportStep(ExtentReporter.java:115)
	at com.framework.selenium.api.base.SeleniumBase.takeSnap(SeleniumBase.java:935)
	at com.framework.utils.ExtentReporter.reportStep(ExtentReporter.java:82)
	at com.framework.utils.ExtentReporter.reportStep(ExtentReporter.java:115)
	at com.framework.selenium.api.base.SeleniumBase.takeSnap(SeleniumBase.java:935)
	at com.framework.utils.ExtentReporter.reportStep(ExtentReporter.java:82)
	at com.framework.utils.ExtentReporter.reportStep(ExtentReporter.java:115)
	at com.framework.selenium.api.base.SeleniumBase.takeSnap(SeleniumBase.java:935)
	at com.framework.utils.ExtentReporter.reportStep(ExtentReporter.java:82)
	at com.framework.utils.ExtentReporter.reportStep(ExtentReporter.java:115)
	at com.framework.selenium.api.base.SeleniumBase.takeSnap(SeleniumBase.java:935)
	at com.framework.utils.ExtentReporter.reportStep(ExtentReporter.java:82)
	at com.framework.utils.ExtentReporter.reportStep(ExtentReporter.java:115)
	at com.framework.selenium.api.base.SeleniumBase.takeSnap(SeleniumBase.java:935)
	at com.framework.utils.ExtentReporter.reportStep(ExtentReporter.java:82)
	at com.framework.utils.ExtentReporter.reportStep(ExtentReporter.java:115)
	at com.framework.selenium.api.base.SeleniumBase.takeSnap(SeleniumBase.java:935)
	at com.framework.utils.ExtentReporter.reportStep(ExtentReporter.java:82)
	at com.framework.utils.ExtentReporter.reportStep(ExtentReporter.java:115)
	at com.framework.selenium.api.base.SeleniumBase.takeSnap(SeleniumBase.java:935)
	at com.framework.utils.ExtentReporter.reportStep(ExtentReporter.java:82)
	at com.framework.utils.ExtentReporter.reportStep(ExtentReporter.java:115)
	at com.framework.selenium.api.base.SeleniumBase.takeSnap(SeleniumBase.java:935)
	at com.framework.utils.ExtentReporter.reportStep(ExtentReporter.java:82)
	at com.framework.utils.ExtentReporter.reportStep(ExtentReporter.java:115)
	at com.framework.selenium.api.base.SeleniumBase.takeSnap(SeleniumBase.java:935)
	at com.framework.utils.ExtentReporter.reportStep(ExtentReporter.java:82)
	at com.framework.utils.ExtentReporter.reportStep(ExtentReporter.java:115)
	at com.framework.selenium.api.base.SeleniumBase.takeSnap(SeleniumBase.java:935)
	at com.framework.utils.ExtentReporter.reportStep(ExtentReporter.java:82)
	at com.framework.utils.ExtentReporter.reportStep(ExtentReporter.java:115)
	at com.framework.selenium.api.base.SeleniumBase.takeSnap(SeleniumBase.java:935)
	at com.framework.utils.ExtentReporter.reportStep(ExtentReporter.java:82)
	at com.framework.utils.ExtentReporter.reportStep(ExtentReporter.java:115)
	at com.framework.selenium.api.base.SeleniumBase.takeSnap(SeleniumBase.java:935)
	at com.framework.utils.ExtentReporter.reportStep(ExtentReporter.java:82)
	at com.framework.utils.ExtentReporter.reportStep(ExtentReporter.java:115)
	at com.framework.selenium.api.base.SeleniumBase.takeSnap(SeleniumBase.java:935)
	at com.framework.utils.ExtentReporter.reportStep(ExtentReporter.java:82)
	at com.framework.utils.ExtentReporter.reportStep(ExtentReporter.java:115)
	at com.framework.selenium.api.base.SeleniumBase.takeSnap(SeleniumBase.java:935)
	at com.framework.utils.ExtentReporter.reportStep(ExtentReporter.java:82)
	at com.framework.utils.ExtentReporter.reportStep(ExtentReporter.java:115)
	at com.framework.selenium.api.base.SeleniumBase.takeSnap(SeleniumBase.java:935)
	at com.framework.utils.ExtentReporter.reportStep(ExtentReporter.java:82)
	at com.framework.utils.ExtentReporter.reportStep(ExtentReporter.java:115)
	at com.framework.selenium.api.base.SeleniumBase.takeSnap(SeleniumBase.java:935)
	at com.framework.utils.ExtentReporter.reportStep(ExtentReporter.java:82)
	at com.framework.utils.ExtentReporter.reportStep(ExtentReporter.java:115)
	at com.framework.selenium.api.base.SeleniumBase.takeSnap(SeleniumBase.java:935)
	at com.framework.utils.ExtentReporter.reportStep(ExtentReporter.java:82)
	at com.framework.utils.ExtentReporter.reportStep(ExtentReporter.java:115)
	at com.framework.selenium.api.base.SeleniumBase.takeSnap(SeleniumBase.java:935)
	at com.framework.utils.ExtentReporter.reportStep(ExtentReporter.java:82)
	at com.framework.utils.ExtentReporter.reportStep(ExtentReporter.java:115)
	at com.framework.selenium.api.base.SeleniumBase.takeSnap(SeleniumBase.java:935)
	at com.framework.utils.ExtentReporter.reportStep(ExtentReporter.java:82)
	at com.framework.utils.ExtentReporter.reportStep(ExtentReporter.java:115)
	at com.framework.selenium.api.base.SeleniumBase.takeSnap(SeleniumBase.java:935)
	at com.framework.utils.ExtentReporter.reportStep(ExtentReporter.java:82)
	at com.framework.utils.ExtentReporter.reportStep(ExtentReporter.java:115)
	at com.framework.selenium.api.base.SeleniumBase.takeSnap(SeleniumBase.java:935)
	at com.framework.utils.ExtentReporter.reportStep(ExtentReporter.java:82)
	at com.framework.utils.ExtentReporter.reportStep(ExtentReporter.java:115)
	at com.framework.selenium.api.base.SeleniumBase.takeSnap(SeleniumBase.java:935)
	at com.framework.utils.ExtentReporter.reportStep(ExtentReporter.java:82)
	at com.framework.utils.ExtentReporter.reportStep(ExtentReporter.java:115)
	at com.framework.selenium.api.base.SeleniumBase.takeSnap(SeleniumBase.java:935)
	at com.framework.utils.ExtentReporter.reportStep(ExtentReporter.java:82)
	at com.framework.utils.ExtentReporter.reportStep(ExtentReporter.java:115)
	at com.framework.selenium.api.base.SeleniumBase.takeSnap(SeleniumBase.java:935)
	at com.framework.utils.ExtentReporter.reportStep(ExtentReporter.java:82)
	at com.framework.utils.ExtentReporter.reportStep(ExtentReporter.java:115)
	at com.framework.selenium.api.base.SeleniumBase.takeSnap(SeleniumBase.java:935)
	at com.framework.utils.ExtentReporter.reportStep(ExtentReporter.java:82)
	at com.framework.utils.ExtentReporter.reportStep(ExtentReporter.java:115)
	at com.framework.selenium.api.base.SeleniumBase.takeSnap(SeleniumBase.java:935)
	at com.framework.utils.ExtentReporter.reportStep(ExtentReporter.java:82)
	at com.framework.utils.ExtentReporter.reportStep(ExtentReporter.java:115)
	at com.framework.selenium.api.base.SeleniumBase.takeSnap(SeleniumBase.java:935)
	at com.framework.utils.ExtentReporter.reportStep(ExtentReporter.java:82)
	at com.framework.utils.ExtentReporter.reportStep(ExtentReporter.java:115)
	at com.framework.selenium.api.base.SeleniumBase.takeSnap(SeleniumBase.java:935)
	at com.framework.utils.ExtentReporter.reportStep(ExtentReporter.java:82)
	at com.framework.utils.ExtentReporter.reportStep(ExtentReporter.java:115)
	at com.framework.selenium.api.base.SeleniumBase.takeSnap(SeleniumBase.java:935)
	at com.framework.utils.ExtentReporter.reportStep(ExtentReporter.java:82)
	at com.framework.utils.ExtentReporter.reportStep(ExtentReporter.java:115)
	at com.framework.selenium.api.base.SeleniumBase.takeSnap(SeleniumBase.java:935)
	at com.framework.utils.ExtentReporter.reportStep(ExtentReporter.java:82)
	at com.framework.utils.ExtentReporter.reportStep(ExtentReporter.java:115)
	at com.framework.selenium.api.base.SeleniumBase.takeSnap(SeleniumBase.java:935)
	at com.framework.utils.ExtentReporter.reportStep(ExtentReporter.java:82)
	at com.framework.utils.ExtentReporter.reportStep(ExtentReporter.java:115)
	at com.framework.selenium.api.base.SeleniumBase.takeSnap(SeleniumBase.java:935)
	at com.framework.utils.ExtentReporter.reportStep(ExtentReporter.java:82)
	at com.framework.utils.ExtentReporter.reportStep(ExtentReporter.java:115)
	at com.framework.selenium.api.base.SeleniumBase.takeSnap(SeleniumBase.java:935)
	at com.framework.utils.ExtentReporter.reportStep(ExtentReporter.java:82)
	at com.framework.utils.ExtentReporter.reportStep(ExtentReporter.java:115)
	at com.framework.selenium.api.base.SeleniumBase.takeSnap(SeleniumBase.java:935)
	at com.framework.utils.ExtentReporter.reportStep(ExtentReporter.java:82)
	at com.framework.utils.ExtentReporter.reportStep(ExtentReporter.java:115)
	at com.framework.selenium.api.base.SeleniumBase.takeSnap(SeleniumBase.java:935)
	at com.framework.utils.ExtentReporter.reportStep(ExtentReporter.java:82)
	at com.framework.utils.ExtentReporter.reportStep(ExtentReporter.java:115)
	at com.framework.selenium.api.base.SeleniumBase.takeSnap(SeleniumBase.java:935)
	at com.framework.utils.ExtentReporter.reportStep(ExtentReporter.java:82)
	at com.framework.utils.ExtentReporter.reportStep(ExtentReporter.java:115)
	at com.framework.selenium.api.base.SeleniumBase.takeSnap(SeleniumBase.java:935)
	at com.framework.utils.ExtentReporter.reportStep(ExtentReporter.java:82)
	at com.framework.utils.ExtentReporter.reportStep(ExtentReporter.java:115)
	at com.framework.selenium.api.base.SeleniumBase.takeSnap(SeleniumBase.java:935)
	at com.framework.utils.ExtentReporter.reportStep(ExtentReporter.java:82)
	at com.framework.utils.ExtentReporter.reportStep(ExtentReporter.java:115)
	at com.framework.selenium.api.base.SeleniumBase.takeSnap(SeleniumBase.java:935)
	at com.framework.utils.ExtentReporter.reportStep(ExtentReporter.java:82)
	at com.framework.utils.ExtentReporter.reportStep(ExtentReporter.java:115)
	at com.framework.selenium.api.base.SeleniumBase.takeSnap(SeleniumBase.java:935)
	at com.framework.utils.ExtentReporter.reportStep(ExtentReporter.java:82)
	at com.framework.utils.ExtentReporter.reportStep(ExtentReporter.java:115)
	at com.framework.selenium.api.base.SeleniumBase.takeSnap(SeleniumBase.java:935)
	at com.framework.utils.ExtentReporter.reportStep(ExtentReporter.java:82)
	at com.framework.utils.ExtentReporter.reportStep(ExtentReporter.java:115)
	at com.framework.selenium.api.base.SeleniumBase.takeSnap(SeleniumBase.java:935)
	at com.framework.utils.ExtentReporter.reportStep(ExtentReporter.java:82)
	at com.framework.utils.ExtentReporter.reportStep(ExtentReporter.java:115)
	at com.framework.selenium.api.base.SeleniumBase.takeSnap(SeleniumBase.java:935)
	at com.framework.utils.ExtentReporter.reportStep(ExtentReporter.java:82)
	at com.framework.utils.ExtentReporter.reportStep(ExtentReporter.java:115)
	at com.framework.selenium.api.base.SeleniumBase.takeSnap(SeleniumBase.java:935)
	at com.framework.utils.ExtentReporter.reportStep(ExtentReporter.java:82)
	at com.framework.utils.ExtentReporter.reportStep(ExtentReporter.java:115)
	at com.framework.selenium.api.base.SeleniumBase.takeSnap(SeleniumBase.java:935)
	at com.framework.utils.ExtentReporter.reportStep(ExtentReporter.java:82)
	at com.framework.utils.ExtentReporter.reportStep(ExtentReporter.java:115)
	at com.framework.selenium.api.base.SeleniumBase.takeSnap(SeleniumBase.java:935)
	at com.framework.utils.ExtentReporter.reportStep(ExtentReporter.java:82)
	at com.framework.utils.ExtentReporter.reportStep(ExtentReporter.java:115)
	at com.framework.selenium.api.base.SeleniumBase.takeSnap(SeleniumBase.java:935)
	at com.framework.utils.ExtentReporter.reportStep(ExtentReporter.java:82)
	at com.framework.utils.ExtentReporter.reportStep(ExtentReporter.java:115)
	at com.framework.selenium.api.base.SeleniumBase.takeSnap(SeleniumBase.java:935)
	at com.framework.utils.ExtentReporter.reportStep(ExtentReporter.java:82)
	at com.framework.utils.ExtentReporter.reportStep(ExtentReporter.java:115)
	at com.framework.selenium.api.base.SeleniumBase.takeSnap(SeleniumBase.java:935)
	at com.framework.utils.ExtentReporter.reportStep(ExtentReporter.java:82)
	at com.framework.utils.ExtentReporter.reportStep(ExtentReporter.java:115)
	at com.framework.selenium.api.base.SeleniumBase.takeSnap(SeleniumBase.java:935)
	at com.framework.utils.ExtentReporter.reportStep(ExtentReporter.java:82)
	at com.framework.utils.ExtentReporter.reportStep(ExtentReporter.java:115)
	at com.framework.selenium.api.base.SeleniumBase.takeSnap(SeleniumBase.java:935)
	at com.framework.utils.ExtentReporter.reportStep(ExtentReporter.java:82)
	at com.framework.utils.ExtentReporter.reportStep(ExtentReporter.java:115)
	at com.framework.selenium.api.base.SeleniumBase.takeSnap(SeleniumBase.java:935)
	at com.framework.utils.ExtentReporter.reportStep(ExtentReporter.java:82)
	at com.framework.utils.ExtentReporter.reportStep(ExtentReporter.java:115)
	at com.framework.selenium.api.base.SeleniumBase.takeSnap(SeleniumBase.java:935)
	at com.framework.utils.ExtentReporter.reportStep(ExtentReporter.java:82)
	at com.framework.utils.ExtentReporter.reportStep(ExtentReporter.java:115)
	at com.framework.selenium.api.base.SeleniumBase.takeSnap(SeleniumBase.java:935)
	at com.framework.utils.ExtentReporter.reportStep(ExtentReporter.java:82)
	at com.framework.utils.ExtentReporter.reportStep(ExtentReporter.java:115)
	at com.framework.selenium.api.base.SeleniumBase.takeSnap(SeleniumBase.java:935)
	at com.framework.utils.ExtentReporter.reportStep(ExtentReporter.java:82)
	at com.framework.utils.ExtentReporter.reportStep(ExtentReporter.java:115)
	at com.framework.selenium.api.base.SeleniumBase.takeSnap(SeleniumBase.java:935)
	at com.framework.utils.ExtentReporter.reportStep(ExtentReporter.java:82)
	at com.framework.utils.ExtentReporter.reportStep(ExtentReporter.java:115)
	at com.framework.selenium.api.base.SeleniumBase.takeSnap(SeleniumBase.java:935)
	at com.framework.utils.ExtentReporter.reportStep(ExtentReporter.java:82)
	at com.framework.utils.ExtentReporter.reportStep(ExtentReporter.java:115)
	at com.framework.selenium.api.base.SeleniumBase.takeSnap(SeleniumBase.java:935)
	at com.framework.utils.ExtentReporter.reportStep(ExtentReporter.java:82)
	at com.framework.utils.ExtentReporter.reportStep(ExtentReporter.java:115)
	at com.framework.selenium.api.base.SeleniumBase.takeSnap(SeleniumBase.java:935)
	at com.framework.utils.ExtentReporter.reportStep(ExtentReporter.java:82)
	at com.framework.utils.ExtentReporter.reportStep(ExtentReporter.java:115)
	at com.framework.selenium.api.base.SeleniumBase.takeSnap(SeleniumBase.java:935)
	at com.framework.utils.ExtentReporter.reportStep(ExtentReporter.java:82)
	at com.framework.utils.ExtentReporter.reportStep(ExtentReporter.java:115)
	at com.framework.selenium.api.base.SeleniumBase.takeSnap(SeleniumBase.java:935)
	at com.framework.utils.ExtentReporter.reportStep(ExtentReporter.java:82)
	at com.framework.utils.ExtentReporter.reportStep(ExtentReporter.java:115)
	at com.framework.selenium.api.base.SeleniumBase.takeSnap(SeleniumBase.java:935)
	at com.framework.utils.ExtentReporter.reportStep(ExtentReporter.java:82)
	at com.framework.utils.ExtentReporter.reportStep(ExtentReporter.java:115)
	at com.framework.selenium.api.base.SeleniumBase.takeSnap(SeleniumBase.java:935)
	at com.framework.utils.ExtentReporter.reportStep(ExtentReporter.java:82)
	at com.framework.utils.ExtentReporter.reportStep(ExtentReporter.java:115)
	at com.framework.selenium.api.base.SeleniumBase.takeSnap(SeleniumBase.java:935)
	at com.framework.utils.ExtentReporter.reportStep(ExtentReporter.java:82)
	at com.framework.utils.ExtentReporter.reportStep(ExtentReporter.java:115)
	at com.framework.selenium.api.base.SeleniumBase.takeSnap(SeleniumBase.java:935)
	at com.framework.utils.ExtentReporter.reportStep(ExtentReporter.java:82)
	at com.framework.utils.ExtentReporter.reportStep(ExtentReporter.java:115)
	at com.framework.selenium.api.base.SeleniumBase.takeSnap(SeleniumBase.java:935)
	at com.framework.utils.ExtentReporter.reportStep(ExtentReporter.java:82)
	at com.framework.utils.ExtentReporter.reportStep(ExtentReporter.java:115)
	at com.framework.selenium.api.base.SeleniumBase.takeSnap(SeleniumBase.java:935)
	at com.framework.utils.ExtentReporter.reportStep(ExtentReporter.java:82)
	at com.framework.utils.ExtentReporter.reportStep(ExtentReporter.java:115)
	at com.framework.selenium.api.base.SeleniumBase.takeSnap(SeleniumBase.java:935)
	at com.framework.utils.ExtentReporter.reportStep(ExtentReporter.java:82)
	at com.framework.utils.ExtentReporter.reportStep(ExtentReporter.java:115)
	at com.framework.selenium.api.base.SeleniumBase.takeSnap(SeleniumBase.java:935)
	at com.framework.utils.ExtentReporter.reportStep(ExtentReporter.java:82)
	at com.framework.utils.ExtentReporter.reportStep(ExtentReporter.java:115)
	at com.framework.selenium.api.base.SeleniumBase.takeSnap(SeleniumBase.java:935)
	at com.framework.utils.ExtentReporter.reportStep(ExtentReporter.java:82)
	at com.framework.utils.ExtentReporter.reportStep(ExtentReporter.java:115)
	at com.framework.selenium.api.base.SeleniumBase.takeSnap(SeleniumBase.java:935)
	at com.framework.utils.ExtentReporter.reportStep(ExtentReporter.java:82)
	at com.framework.utils.ExtentReporter.reportStep(ExtentReporter.java:115)
	at com.framework.selenium.api.base.SeleniumBase.takeSnap(SeleniumBase.java:935)
	at com.framework.utils.ExtentReporter.reportStep(ExtentReporter.java:82)
	at com.framework.utils.ExtentReporter.reportStep(ExtentReporter.java:115)
	at com.framework.selenium.api.base.SeleniumBase.takeSnap(SeleniumBase.java:935)
	at com.framework.utils.ExtentReporter.reportStep(ExtentReporter.java:82)
	at com.framework.utils.ExtentReporter.reportStep(ExtentReporter.java:115)
	at com.framework.selenium.api.base.SeleniumBase.takeSnap(SeleniumBase.java:935)
	at com.framework.utils.ExtentReporter.reportStep(ExtentReporter.java:82)
	at com.framework.utils.ExtentReporter.reportStep(ExtentReporter.java:115)
	at com.framework.selenium.api.base.SeleniumBase.takeSnap(SeleniumBase.java:935)
	at com.framework.utils.ExtentReporter.reportStep(ExtentReporter.java:82)
	at com.framework.utils.ExtentReporter.reportStep(ExtentReporter.java:115)
	at com.framework.selenium.api.base.SeleniumBase.takeSnap(SeleniumBase.java:935)
	at com.framework.utils.ExtentReporter.reportStep(ExtentReporter.java:82)
	at com.framework.utils.ExtentReporter.reportStep(ExtentReporter.java:115)
	at com.framework.selenium.api.base.SeleniumBase.takeSnap(SeleniumBase.java:935)
	at com.framework.utils.ExtentReporter.reportStep(ExtentReporter.java:82)
	at com.framework.utils.ExtentReporter.reportStep(ExtentReporter.java:115)
	at com.framework.selenium.api.base.SeleniumBase.takeSnap(SeleniumBase.java:935)
	at com.framework.utils.ExtentReporter.reportStep(ExtentReporter.java:82)
	at com.framework.utils.ExtentReporter.reportStep(ExtentReporter.java:115)
	at com.framework.selenium.api.base.SeleniumBase.takeSnap(SeleniumBase.java:935)
	at com.framework.utils.ExtentReporter.reportStep(ExtentReporter.java:82)
	at com.framework.utils.ExtentReporter.reportStep(ExtentReporter.java:115)
	at com.framework.selenium.api.base.SeleniumBase.takeSnap(SeleniumBase.java:935)
	at com.framework.utils.ExtentReporter.reportStep(ExtentReporter.java:82)
	at com.framework.utils.ExtentReporter.reportStep(ExtentReporter.java:115)
	at com.framework.selenium.api.base.SeleniumBase.takeSnap(SeleniumBase.java:935)
	at com.framework.utils.ExtentReporter.reportStep(ExtentReporter.java:82)
	at com.framework.utils.ExtentReporter.reportStep(ExtentReporter.java:115)
	at com.framework.selenium.api.base.SeleniumBase.takeSnap(SeleniumBase.java:935)
	at com.framework.utils.ExtentReporter.reportStep(ExtentReporter.java:82)
	at com.framework.utils.ExtentReporter.reportStep(ExtentReporter.java:115)
	at com.framework.selenium.api.base.SeleniumBase.takeSnap(SeleniumBase.java:935)
	at com.framework.utils.ExtentReporter.reportStep(ExtentReporter.java:82)
	at com.framework.utils.ExtentReporter.reportStep(ExtentReporter.java:115)
	at com.framework.selenium.api.base.SeleniumBase.takeSnap(SeleniumBase.java:935)
	at com.framework.utils.ExtentReporter.reportStep(ExtentReporter.java:82)
	at com.framework.utils.ExtentReporter.reportStep(ExtentReporter.java:115)
	at com.framework.selenium.api.base.SeleniumBase.takeSnap(SeleniumBase.java:935)
	at com.framework.utils.ExtentReporter.reportStep(ExtentReporter.java:82)
	at com.framework.utils.ExtentReporter.reportStep(ExtentReporter.java:115)
	at com.framework.selenium.api.base.SeleniumBase.takeSnap(SeleniumBase.java:935)
	at com.framework.utils.ExtentReporter.reportStep(ExtentReporter.java:82)
	at com.framework.utils.ExtentReporter.reportStep(ExtentReporter.java:115)
	at com.framework.selenium.api.base.SeleniumBase.takeSnap(SeleniumBase.java:935)
	at com.framework.utils.ExtentReporter.reportStep(ExtentReporter.java:82)
	at com.framework.utils.ExtentReporter.reportStep(ExtentReporter.java:115)
	at com.framework.selenium.api.base.SeleniumBase.takeSnap(SeleniumBase.java:935)
	at com.framework.utils.ExtentReporter.reportStep(ExtentReporter.java:82)
	at com.framework.utils.ExtentReporter.reportStep(ExtentReporter.java:115)
	at com.framework.selenium.api.base.SeleniumBase.takeSnap(SeleniumBase.java:935)
	at com.framework.utils.ExtentReporter.reportStep(ExtentReporter.java:82)
	at com.framework.utils.ExtentReporter.reportStep(ExtentReporter.java:115)
	at com.framework.selenium.api.base.SeleniumBase.takeSnap(SeleniumBase.java:935)
	at com.framework.utils.ExtentReporter.reportStep(ExtentReporter.java:82)
	at com.framework.utils.ExtentReporter.reportStep(ExtentReporter.java:115)
	at com.framework.selenium.api.base.SeleniumBase.takeSnap(SeleniumBase.java:935)
	at com.framework.utils.ExtentReporter.reportStep(ExtentReporter.java:82)
	at com.framework.utils.ExtentReporter.reportStep(ExtentReporter.java:115)
	at com.framework.selenium.api.base.SeleniumBase.takeSnap(SeleniumBase.java:935)
	at com.framework.utils.ExtentReporter.reportStep(ExtentReporter.java:82)
	at com.framework.utils.ExtentReporter.reportStep(ExtentReporter.java:115)
	at com.framework.selenium.api.base.SeleniumBase.takeSnap(SeleniumBase.java:935)
	at com.framework.utils.ExtentReporter.reportStep(ExtentReporter.java:82)
	at com.framework.utils.ExtentReporter.reportStep(ExtentReporter.java:115)
	at com.framework.selenium.api.base.SeleniumBase.takeSnap(SeleniumBase.java:935)
	at com.framework.utils.ExtentReporter.reportStep(ExtentReporter.java:82)
	at com.framework.utils.ExtentReporter.reportStep(ExtentReporter.java:115)
	at com.framework.selenium.api.base.SeleniumBase.takeSnap(SeleniumBase.java:935)
	at com.framework.utils.ExtentReporter.reportStep(ExtentReporter.java:82)
	at com.framework.utils.ExtentReporter.reportStep(ExtentReporter.java:115)
	at com.framework.selenium.api.base.SeleniumBase.takeSnap(SeleniumBase.java:935)
	at com.framework.utils.ExtentReporter.reportStep(ExtentReporter.java:82)
	at com.framework.utils.ExtentReporter.reportStep(ExtentReporter.java:115)
	at com.framework.selenium.api.base.SeleniumBase.takeSnap(SeleniumBase.java:935)
	at com.framework.utils.ExtentReporter.reportStep(ExtentReporter.java:82)
	at com.framework.utils.ExtentReporter.reportStep(ExtentReporter.java:115)
	at com.framework.selenium.api.base.SeleniumBase.takeSnap(SeleniumBase.java:935)
	at com.framework.utils.ExtentReporter.reportStep(ExtentReporter.java:82)
	at com.framework.utils.ExtentReporter.reportStep(ExtentReporter.java:115)
	at com.framework.selenium.api.base.SeleniumBase.takeSnap(SeleniumBase.java:935)
	at com.framework.utils.ExtentReporter.reportStep(ExtentReporter.java:82)
	at com.framework.utils.ExtentReporter.reportStep(ExtentReporter.java:115)
	at com.framework.selenium.api.base.SeleniumBase.takeSnap(SeleniumBase.java:935)
	at com.framework.utils.ExtentReporter.reportStep(ExtentReporter.java:82)
	at com.framework.utils.ExtentReporter.reportStep(ExtentReporter.java:115)
	at com.framework.selenium.api.base.SeleniumBase.takeSnap(SeleniumBase.java:935)
	at com.framework.utils.ExtentReporter.reportStep(ExtentReporter.java:82)
	at com.framework.utils.ExtentReporter.reportStep(ExtentReporter.java:115)
	at com.framework.selenium.api.base.SeleniumBase.takeSnap(SeleniumBase.java:935)
	at com.framework.utils.ExtentReporter.reportStep(ExtentReporter.java:82)
	at com.framework.utils.ExtentReporter.reportStep(ExtentReporter.java:115)
	at com.framework.selenium.api.base.SeleniumBase.takeSnap(SeleniumBase.java:935)
	at com.framework.utils.ExtentReporter.reportStep(ExtentReporter.java:82)
	at com.framework.utils.ExtentReporter.reportStep(ExtentReporter.java:115)
	at com.framework.selenium.api.base.SeleniumBase.takeSnap(SeleniumBase.java:935)
	at com.framework.utils.ExtentReporter.reportStep(ExtentReporter.java:82)
	at com.framework.utils.ExtentReporter.reportStep(ExtentReporter.java:115)
	at com.framework.selenium.api.base.SeleniumBase.takeSnap(SeleniumBase.java:935)
	at com.framework.utils.ExtentReporter.reportStep(ExtentReporter.java:82)
	at com.framework.utils.ExtentReporter.reportStep(ExtentReporter.java:115)
	at com.framework.selenium.api.base.SeleniumBase.takeSnap(SeleniumBase.java:935)
	at com.framework.utils.ExtentReporter.reportStep(ExtentReporter.java:82)
	at com.framework.utils.ExtentReporter.reportStep(ExtentReporter.java:115)
	at com.framework.selenium.api.base.SeleniumBase.takeSnap(SeleniumBase.java:935)
	at com.framework.utils.ExtentReporter.reportStep(ExtentReporter.java:82)
	at com.framework.utils.ExtentReporter.reportStep(ExtentReporter.java:115)
	at com.framework.selenium.api.base.SeleniumBase.takeSnap(SeleniumBase.java:935)
	at com.framework.utils.ExtentReporter.reportStep(ExtentReporter.java:82)
	at com.framework.utils.ExtentReporter.reportStep(ExtentReporter.java:115)
	at com.framework.selenium.api.base.SeleniumBase.takeSnap(SeleniumBase.java:935)
	at com.framework.utils.ExtentReporter.reportStep(ExtentReporter.java:82)
	at com.framework.utils.ExtentReporter.reportStep(ExtentReporter.java:115)
	at com.framework.selenium.api.base.SeleniumBase.takeSnap(SeleniumBase.java:935)
	at com.framework.utils.ExtentReporter.reportStep(ExtentReporter.java:82)
	at com.framework.utils.ExtentReporter.reportStep(ExtentReporter.java:115)
	at com.framework.selenium.api.base.SeleniumBase.takeSnap(SeleniumBase.java:935)
	at com.framework.utils.ExtentReporter.reportStep(ExtentReporter.java:82)
	at com.framework.utils.ExtentReporter.reportStep(ExtentReporter.java:115)
	at com.framework.selenium.api.base.SeleniumBase.takeSnap(SeleniumBase.java:935)
	at com.framework.utils.ExtentReporter.reportStep(ExtentReporter.java:82)
	at com.framework.utils.ExtentReporter.reportStep(ExtentReporter.java:115)
	at com.framework.selenium.api.base.SeleniumBase.takeSnap(SeleniumBase.java:935)
	at com.framework.utils.ExtentReporter.reportStep(ExtentReporter.java:82)
	at com.framework.utils.ExtentReporter.reportStep(ExtentReporter.java:115)
	at com.framework.selenium.api.base.SeleniumBase.takeSnap(SeleniumBase.java:935)
	at com.framework.utils.ExtentReporter.reportStep(ExtentReporter.java:82)
	at com.framework.utils.ExtentReporter.reportStep(ExtentReporter.java:115)
	at com.framework.selenium.api.base.SeleniumBase.takeSnap(SeleniumBase.java:935)
	at com.framework.utils.ExtentReporter.reportStep(ExtentReporter.java:82)
	at com.framework.utils.ExtentReporter.reportStep(ExtentReporter.java:115)
	at com.framework.selenium.api.base.SeleniumBase.takeSnap(SeleniumBase.java:935)
	at com.framework.utils.ExtentReporter.reportStep(ExtentReporter.java:82)
	at com.framework.utils.ExtentReporter.reportStep(ExtentReporter.java:115)
	at com.framework.selenium.api.base.SeleniumBase.takeSnap(SeleniumBase.java:935)
	at com.framework.utils.ExtentReporter.reportStep(ExtentReporter.java:82)
	at com.framework.utils.ExtentReporter.reportStep(ExtentReporter.java:115)
	at com.framework.selenium.api.base.SeleniumBase.takeSnap(SeleniumBase.java:935)
	at com.framework.utils.ExtentReporter.reportStep(ExtentReporter.java:82)
	at com.framework.utils.ExtentReporter.reportStep(ExtentReporter.java:115)
	at com.framework.selenium.api.base.SeleniumBase.takeSnap(SeleniumBase.java:935)
	at com.framework.utils.ExtentReporter.reportStep(ExtentReporter.java:82)
	at com.framework.utils.ExtentReporter.reportStep(ExtentReporter.java:115)
	at com.framework.selenium.api.base.SeleniumBase.takeSnap(SeleniumBase.java:935)
	at com.framework.utils.ExtentReporter.reportStep(ExtentReporter.java:82)
	at com.framework.utils.ExtentReporter.reportStep(ExtentReporter.java:115)
	at com.framework.selenium.api.base.SeleniumBase.takeSnap(SeleniumBase.java:935)
	at com.framework.utils.ExtentReporter.reportStep(ExtentReporter.java:82)
	at com.framework.utils.ExtentReporter.reportStep(ExtentReporter.java:115)
	at com.framework.selenium.api.base.SeleniumBase.takeSnap(SeleniumBase.java:935)
	at com.framework.utils.ExtentReporter.reportStep(ExtentReporter.java:82)
	at com.framework.utils.ExtentReporter.reportStep(ExtentReporter.java:115)
	at com.framework.selenium.api.base.SeleniumBase.takeSnap(SeleniumBase.java:935)
	at com.framework.utils.ExtentReporter.reportStep(ExtentReporter.java:82)
	at com.framework.utils.ExtentReporter.reportStep(ExtentReporter.java:115)
	at com.framework.selenium.api.base.SeleniumBase.takeSnap(SeleniumBase.java:935)
	at com.framework.utils.ExtentReporter.reportStep(ExtentReporter.java:82)
	at com.framework.utils.ExtentReporter.reportStep(ExtentReporter.java:115)
	at com.framework.selenium.api.base.SeleniumBase.takeSnap(SeleniumBase.java:935)
	at com.framework.utils.ExtentReporter.reportStep(ExtentReporter.java:82)
	at com.framework.utils.ExtentReporter.reportStep(ExtentReporter.java:115)
	at com.framework.selenium.api.base.SeleniumBase.takeSnap(SeleniumBase.java:935)
	at com.framework.utils.ExtentReporter.reportStep(ExtentReporter.java:82)
	at com.framework.utils.ExtentReporter.reportStep(ExtentReporter.java:115)
	at com.framework.selenium.api.base.SeleniumBase.takeSnap(SeleniumBase.java:935)
	at com.framework.utils.ExtentReporter.reportStep(ExtentReporter.java:82)
	at com.framework.utils.ExtentReporter.reportStep(ExtentReporter.java:115)
	at com.framework.selenium.api.base.SeleniumBase.takeSnap(SeleniumBase.java:935)
	at com.framework.utils.ExtentReporter.reportStep(ExtentReporter.java:82)
	at com.framework.utils.ExtentReporter.reportStep(ExtentReporter.java:115)
	at com.framework.selenium.api.base.SeleniumBase.takeSnap(SeleniumBase.java:935)
	at com.framework.utils.ExtentReporter.reportStep(ExtentReporter.java:82)
	at com.framework.utils.ExtentReporter.reportStep(ExtentReporter.java:115)
	at com.framework.selenium.api.base.SeleniumBase.takeSnap(SeleniumBase.java:935)
	at com.framework.utils.ExtentReporter.reportStep(ExtentReporter.java:82)
	at com.framework.utils.ExtentReporter.reportStep(ExtentReporter.java:115)
	at com.framework.selenium.api.base.SeleniumBase.takeSnap(SeleniumBase.java:935)
	at com.framework.utils.ExtentReporter.reportStep(ExtentReporter.java:82)
	at com.framework.utils.ExtentReporter.reportStep(ExtentReporter.java:115)
	at com.framework.selenium.api.base.SeleniumBase.takeSnap(SeleniumBase.java:935)
	at com.framework.utils.ExtentReporter.reportStep(ExtentReporter.java:82)
	at com.framework.utils.ExtentReporter.reportStep(ExtentReporter.java:115)
	at com.framework.selenium.api.base.SeleniumBase.takeSnap(SeleniumBase.java:935)
	at com.framework.utils.ExtentReporter.reportStep(ExtentReporter.java:82)
	at com.framework.utils.ExtentReporter.reportStep(ExtentReporter.java:115)
	at com.framework.selenium.api.base.SeleniumBase.takeSnap(SeleniumBase.java:935)
	at com.framework.utils.ExtentReporter.reportStep(ExtentReporter.java:82)
	at com.framework.utils.ExtentReporter.reportStep(ExtentReporter.java:115)
	at com.framework.selenium.api.base.SeleniumBase.takeSnap(SeleniumBase.java:935)
	at com.framework.utils.ExtentReporter.reportStep(ExtentReporter.java:82)
	at com.framework.utils.ExtentReporter.reportStep(ExtentReporter.java:115)
	at com.framework.selenium.api.base.SeleniumBase.takeSnap(SeleniumBase.java:935)
	at com.framework.utils.ExtentReporter.reportStep(ExtentReporter.java:82)
	at com.framework.utils.ExtentReporter.reportStep(ExtentReporter.java:115)
	at com.framework.selenium.api.base.SeleniumBase.takeSnap(SeleniumBase.java:935)
	at com.framework.utils.ExtentReporter.reportStep(ExtentReporter.java:82)
	at com.framework.utils.ExtentReporter.reportStep(ExtentReporter.java:115)
	at com.framework.selenium.api.base.SeleniumBase.takeSnap(SeleniumBase.java:935)
	at com.framework.utils.ExtentReporter.reportStep(ExtentReporter.java:82)
	at com.framework.utils.ExtentReporter.reportStep(ExtentReporter.java:115)
	at com.framework.selenium.api.base.SeleniumBase.takeSnap(SeleniumBase.java:935)
	at com.framework.utils.ExtentReporter.reportStep(ExtentReporter.java:82)
	at com.framework.utils.ExtentReporter.reportStep(ExtentReporter.java:115)
	at com.framework.selenium.api.base.SeleniumBase.takeSnap(SeleniumBase.java:935)
	at com.framework.utils.ExtentReporter.reportStep(ExtentReporter.java:82)
	at com.framework.utils.ExtentReporter.reportStep(ExtentReporter.java:115)
	at com.framework.selenium.api.base.SeleniumBase.takeSnap(SeleniumBase.java:935)
	at com.framework.utils.ExtentReporter.reportStep(ExtentReporter.java:82)
	at com.framework.utils.ExtentReporter.reportStep(ExtentReporter.java:115)
	at com.framework.selenium.api.base.SeleniumBase.takeSnap(SeleniumBase.java:935)
	at com.framework.utils.ExtentReporter.reportStep(ExtentReporter.java:82)
	at com.framework.utils.ExtentReporter.reportStep(ExtentReporter.java:115)
	at com.framework.selenium.api.base.SeleniumBase.takeSnap(SeleniumBase.java:935)
	at com.framework.utils.ExtentReporter.reportStep(ExtentReporter.java:82)
	at com.framework.utils.ExtentReporter.reportStep(ExtentReporter.java:115)
	at com.framework.selenium.api.base.SeleniumBase.takeSnap(SeleniumBase.java:935)
	at com.framework.utils.ExtentReporter.reportStep(ExtentReporter.java:82)
	at com.framework.utils.ExtentReporter.reportStep(ExtentReporter.java:115)
	at com.framework.selenium.api.base.SeleniumBase.takeSnap(SeleniumBase.java:935)
	at com.framework.utils.ExtentReporter.reportStep(ExtentReporter.java:82)
	at com.framework.utils.ExtentReporter.reportStep(ExtentReporter.java:115)
	at com.framework.selenium.api.base.SeleniumBase.takeSnap(SeleniumBase.java:935)
	at com.framework.utils.ExtentReporter.reportStep(ExtentReporter.java:82)
	at com.framework.utils.ExtentReporter.reportStep(ExtentReporter.java:115)
	at com.framework.selenium.api.base.SeleniumBase.takeSnap(SeleniumBase.java:935)
	at com.framework.utils.ExtentReporter.reportStep(ExtentReporter.java:82)
	at com.framework.utils.ExtentReporter.reportStep(ExtentReporter.java:115)
	at com.framework.selenium.api.base.SeleniumBase.takeSnap(SeleniumBase.java:935)
	at com.framework.utils.ExtentReporter.reportStep(ExtentReporter.java:82)
	at com.framework.utils.ExtentReporter.reportStep(ExtentReporter.java:115)
	at com.framework.selenium.api.base.SeleniumBase.takeSnap(SeleniumBase.java:935)
	at com.framework.utils.ExtentReporter.reportStep(ExtentReporter.java:82)
	at com.framework.utils.ExtentReporter.reportStep(ExtentReporter.java:115)
	at com.framework.selenium.api.base.SeleniumBase.takeSnap(SeleniumBase.java:935)
	at com.framework.utils.ExtentReporter.reportStep(ExtentReporter.java:82)
	at com.framework.utils.ExtentReporter.reportStep(ExtentReporter.java:115)
	at com.framework.selenium.api.base.SeleniumBase.takeSnap(SeleniumBase.java:935)
	at com.framework.utils.ExtentReporter.reportStep(ExtentReporter.java:82)
	at com.framework.utils.ExtentReporter.reportStep(ExtentReporter.java:115)
	at com.framework.selenium.api.base.SeleniumBase.takeSnap(SeleniumBase.java:935)
	at com.framework.utils.ExtentReporter.reportStep(ExtentReporter.java:82)
	at com.framework.utils.ExtentReporter.reportStep(ExtentReporter.java:115)
	at com.framework.selenium.api.base.SeleniumBase.takeSnap(SeleniumBase.java:935)
	at com.framework.utils.ExtentReporter.reportStep(ExtentReporter.java:82)
	at com.framework.utils.ExtentReporter.reportStep(ExtentReporter.java:115)
	at com.framework.selenium.api.base.SeleniumBase.takeSnap(SeleniumBase.java:935)
	at com.framework.utils.ExtentReporter.reportStep(ExtentReporter.java:82)
	at com.framework.utils.ExtentReporter.reportStep(ExtentReporter.java:115)
	at com.framework.selenium.api.base.SeleniumBase.takeSnap(SeleniumBase.java:935)
	at com.framework.utils.ExtentReporter.reportStep(ExtentReporter.java:82)
	at com.framework.utils.ExtentReporter.reportStep(ExtentReporter.java:115)
	at com.framework.selenium.api.base.SeleniumBase.takeSnap(SeleniumBase.java:935)
	at com.framework.utils.ExtentReporter.reportStep(ExtentReporter.java:82)
	at com.framework.utils.ExtentReporter.reportStep(ExtentReporter.java:115)
	at com.framework.selenium.api.base.SeleniumBase.takeSnap(SeleniumBase.java:935)
	at com.framework.utils.ExtentReporter.reportStep(ExtentReporter.java:82)
	at com.framework.utils.ExtentReporter.reportStep(ExtentReporter.java:115)
	at com.framework.selenium.api.base.SeleniumBase.takeSnap(SeleniumBase.java:935)
	at com.framework.utils.ExtentReporter.reportStep(ExtentReporter.java:82)
	at com.framework.utils.ExtentReporter.reportStep(ExtentReporter.java:115)
	at com.framework.selenium.api.base.SeleniumBase.takeSnap(SeleniumBase.java:935)
	at com.framework.utils.ExtentReporter.reportStep(ExtentReporter.java:82)
	at com.framework.utils.ExtentReporter.reportStep(ExtentReporter.java:115)
	at com.framework.selenium.api.base.SeleniumBase.takeSnap(SeleniumBase.java:935)
	at com.framework.utils.ExtentReporter.reportStep(ExtentReporter.java:82)
	at com.framework.utils.ExtentReporter.reportStep(ExtentReporter.java:115)
	at com.framework.selenium.api.base.SeleniumBase.takeSnap(SeleniumBase.java:935)
	at com.framework.utils.ExtentReporter.reportStep(ExtentReporter.java:82)
	at com.framework.utils.ExtentReporter.reportStep(ExtentReporter.java:115)
	at com.framework.selenium.api.base.SeleniumBase.takeSnap(SeleniumBase.java:935)
	at com.framework.utils.ExtentReporter.reportStep(ExtentReporter.java:82)
	at com.framework.utils.ExtentReporter.reportStep(ExtentReporter.java:115)
	at com.framework.selenium.api.base.SeleniumBase.takeSnap(SeleniumBase.java:935)
	at com.framework.utils.ExtentReporter.reportStep(ExtentReporter.java:82)
	at com.framework.utils.ExtentReporter.reportStep(ExtentReporter.java:115)
	at com.framework.selenium.api.base.SeleniumBase.takeSnap(SeleniumBase.java:935)
	at com.framework.utils.ExtentReporter.reportStep(ExtentReporter.java:82)
	at com.framework.utils.ExtentReporter.reportStep(ExtentReporter.java:115)
	at com.framework.selenium.api.base.SeleniumBase.takeSnap(SeleniumBase.java:935)
	at com.framework.utils.ExtentReporter.reportStep(ExtentReporter.java:82)
	at com.framework.utils.ExtentReporter.reportStep(ExtentReporter.java:115)
	at com.framework.selenium.api.base.SeleniumBase.takeSnap(SeleniumBase.java:935)
	at com.framework.utils.ExtentReporter.reportStep(ExtentReporter.java:82)
	at com.framework.utils.ExtentReporter.reportStep(ExtentReporter.java:115)
	at com.framework.selenium.api.base.SeleniumBase.takeSnap(SeleniumBase.java:935)
	at com.framework.utils.ExtentReporter.reportStep(ExtentReporter.java:82)
	at com.framework.utils.ExtentReporter.reportStep(ExtentReporter.java:115)
	at com.framework.selenium.api.base.SeleniumBase.takeSnap(SeleniumBase.java:935)
	at com.framework.utils.ExtentReporter.reportStep(ExtentReporter.java:82)
	at com.framework.utils.ExtentReporter.reportStep(ExtentReporter.java:115)
	at com.framework.selenium.api.base.SeleniumBase.takeSnap(SeleniumBase.java:935)
	at com.framework.utils.ExtentReporter.reportStep(ExtentReporter.java:82)
	at com.framework.utils.ExtentReporter.reportStep(ExtentReporter.java:115)
	at com.framework.selenium.api.base.SeleniumBase.takeSnap(SeleniumBase.java:935)
	at com.framework.utils.ExtentReporter.reportStep(ExtentReporter.java:82)
	at com.framework.utils.ExtentReporter.reportStep(ExtentReporter.java:115)
	at com.framework.selenium.api.base.SeleniumBase.takeSnap(SeleniumBase.java:935)
	at com.framework.utils.ExtentReporter.reportStep(ExtentReporter.java:82)
	at com.framework.utils.ExtentReporter.reportStep(ExtentReporter.java:115)
	at com.framework.selenium.api.base.SeleniumBase.takeSnap(SeleniumBase.java:935)
	at com.framework.utils.ExtentReporter.reportStep(ExtentReporter.java:82)
	at com.framework.utils.ExtentReporter.reportStep(ExtentReporter.java:115)
	at com.framework.selenium.api.base.SeleniumBase.takeSnap(SeleniumBase.java:935)
	at com.framework.utils.ExtentReporter.reportStep(ExtentReporter.java:82)
	at com.framework.utils.ExtentReporter.reportStep(ExtentReporter.java:115)
	at com.framework.selenium.api.base.SeleniumBase.takeSnap(SeleniumBase.java:935)
	at com.framework.utils.ExtentReporter.reportStep(ExtentReporter.java:82)
	at com.framework.utils.ExtentReporter.reportStep(ExtentReporter.java:115)
	at com.framework.selenium.api.base.SeleniumBase.takeSnap(SeleniumBase.java:935)
	at com.framework.utils.ExtentReporter.reportStep(ExtentReporter.java:82)
	at com.framework.utils.ExtentReporter.reportStep(ExtentReporter.java:115)
	at com.framework.selenium.api.base.SeleniumBase.takeSnap(SeleniumBase.java:935)
	at com.framework.utils.ExtentReporter.reportStep(ExtentReporter.java:82)
	at com.framework.utils.ExtentReporter.reportStep(ExtentReporter.java:115)
	at com.framework.selenium.api.base.SeleniumBase.takeSnap(SeleniumBase.java:935)
	at com.framework.utils.ExtentReporter.reportStep(ExtentReporter.java:82)
	at com.framework.utils.ExtentReporter.reportStep(ExtentReporter.java:115)
	at com.framework.selenium.api.base.SeleniumBase.takeSnap(SeleniumBase.java:935)
	at com.framework.utils.ExtentReporter.reportStep(ExtentReporter.java:82)
	at com.framework.utils.ExtentReporter.reportStep(ExtentReporter.java:115)
	at com.framework.selenium.api.base.SeleniumBase.takeSnap(SeleniumBase.java:935)
	at com.framework.utils.ExtentReporter.reportStep(ExtentReporter.java:82)
	at com.framework.utils.ExtentReporter.reportStep(ExtentReporter.java:115)
	at com.framework.selenium.api.base.SeleniumBase.takeSnap(SeleniumBase.java:935)
	at com.framework.utils.ExtentReporter.reportStep(ExtentReporter.java:82)
	at com.framework.utils.ExtentReporter.reportStep(ExtentReporter.java:115)
	at com.framework.selenium.api.base.SeleniumBase.takeSnap(SeleniumBase.java:935)
	at com.framework.utils.ExtentReporter.reportStep(ExtentReporter.java:82)
	at com.framework.utils.ExtentReporter.reportStep(ExtentReporter.java:115)
	at com.framework.selenium.api.base.SeleniumBase.takeSnap(SeleniumBase.java:935)
	at com.framework.utils.ExtentReporter.reportStep(ExtentReporter.java:82)
	at com.framework.utils.ExtentReporter.reportStep(ExtentReporter.java:115)
	at com.framework.selenium.api.base.SeleniumBase.takeSnap(SeleniumBase.java:935)
	at com.framework.utils.ExtentReporter.reportStep(ExtentReporter.java:82)
	at com.framework.utils.ExtentReporter.reportStep(ExtentReporter.java:115)
	at com.framework.selenium.api.base.SeleniumBase.takeSnap(SeleniumBase.java:935)
	at com.framework.utils.ExtentReporter.reportStep(ExtentReporter.java:82)
	at com.framework.utils.ExtentReporter.reportStep(ExtentReporter.java:115)
]]>
            </full-stacktrace>
          </exception> <!-- java.lang.StackOverflowError -->
          <reporter-output>
          </reporter-output>
        </test-method> <!-- runTests -->
        <test-method is-config="true" signature="postCondition()[pri:0, instance:com.leaftaps.testcases.ReadAndWrite@5a7fe64f]" started-at="2023-09-22T15:44:26Z" name="postCondition" finished-at="2023-09-22T15:44:26Z" duration-ms="0" status="FAIL">
          <exception class="java.lang.RuntimeException">
            <message>
              <![CDATA[See the reporter for details.]]>
            </message>
            <full-stacktrace>
              <![CDATA[java.lang.RuntimeException: See the reporter for details.
	at com.framework.utils.ExtentReporter.reportStep(ExtentReporter.java:94)
	at com.framework.selenium.api.base.SeleniumBase.close(SeleniumBase.java:948)
	at com.framework.testng.api.base.ProjectHooks.postCondition(ProjectHooks.java:27)
	at java.base/jdk.internal.reflect.NativeMethodAccessorImpl.invoke0(Native Method)
	at java.base/jdk.internal.reflect.NativeMethodAccessorImpl.invoke(NativeMethodAccessorImpl.java:77)
	at java.base/jdk.internal.reflect.DelegatingMethodAccessorImpl.invoke(DelegatingMethodAccessorImpl.java:43)
	at java.base/java.lang.reflect.Method.invoke(Method.java:568)
	at org.testng.internal.MethodInvocationHelper.invokeMethod(MethodInvocationHelper.java:104)
	at org.testng.internal.Invoker.invokeConfigurationMethod(Invoker.java:515)
	at org.testng.internal.Invoker.invokeConfigurations(Invoker.java:217)
	at org.testng.internal.Invoker.invokeMethod(Invoker.java:712)
	at org.testng.internal.Invoker.invokeTestMethod(Invoker.java:851)
	at org.testng.internal.Invoker.invokeTestMethods(Invoker.java:1177)
	at org.testng.internal.TestMethodWorker.invokeTestMethods(TestMethodWorker.java:129)
	at org.testng.internal.TestMethodWorker.run(TestMethodWorker.java:112)
	at org.testng.TestRunner.privateRun(TestRunner.java:756)
	at org.testng.TestRunner.run(TestRunner.java:610)
	at org.testng.SuiteRunner.runTest(SuiteRunner.java:387)
	at org.testng.SuiteRunner.runSequentially(SuiteRunner.java:382)
	at org.testng.SuiteRunner.privateRun(SuiteRunner.java:340)
	at org.testng.SuiteRunner.run(SuiteRunner.java:289)
	at org.testng.SuiteRunnerWorker.runSuite(SuiteRunnerWorker.java:52)
	at org.testng.SuiteRunnerWorker.run(SuiteRunnerWorker.java:86)
	at org.testng.TestNG.runSuitesSequentially(TestNG.java:1293)
	at org.testng.TestNG.runSuitesLocally(TestNG.java:1218)
	at org.testng.TestNG.runSuites(TestNG.java:1133)
	at org.testng.TestNG.run(TestNG.java:1104)
	at org.apache.maven.surefire.testng.TestNGExecutor.run(TestNGExecutor.java:308)
	at org.apache.maven.surefire.testng.TestNGXmlTestSuite.execute(TestNGXmlTestSuite.java:71)
	at org.apache.maven.surefire.testng.TestNGProvider.invoke(TestNGProvider.java:113)
	at org.apache.maven.surefire.booter.ForkedBooter.runSuitesInProcess(ForkedBooter.java:385)
	at org.apache.maven.surefire.booter.ForkedBooter.execute(ForkedBooter.java:162)
	at org.apache.maven.surefire.booter.ForkedBooter.run(ForkedBooter.java:507)
	at org.apache.maven.surefire.booter.ForkedBooter.main(ForkedBooter.java:495)
]]>
            </full-stacktrace>
          </exception> <!-- java.lang.RuntimeException -->
          <reporter-output>
          </reporter-output>
        </test-method> <!-- postCondition -->
        <test-method is-config="true" signature="updateResult()[pri:0, instance:com.leaftaps.testcases.ReadAndWrite@5a7fe64f]" started-at="2023-09-22T15:44:26Z" name="updateResult" finished-at="2023-09-22T15:44:26Z" duration-ms="596" status="PASS">
          <reporter-output>
          </reporter-output>
        </test-method> <!-- updateResult -->
        <test-method is-config="true" signature="tearDownClass()[pri:0, instance:com.leaftaps.testcases.ReadAndWrite@5a7fe64f]" started-at="2023-09-22T15:44:26Z" name="tearDownClass" finished-at="2023-09-22T15:44:26Z" duration-ms="7" status="PASS">
          <reporter-output>
          </reporter-output>
        </test-method> <!-- tearDownClass -->
        <test-method is-config="true" signature="endResult()[pri:0, instance:com.leaftaps.testcases.ReadAndWrite@5a7fe64f]" started-at="2023-09-22T15:44:26Z" name="endResult" finished-at="2023-09-22T15:44:27Z" duration-ms="427" status="PASS">
          <reporter-output>
          </reporter-output>
        </test-method> <!-- endResult -->
      </class> <!-- com.leaftaps.testcases.ReadAndWrite -->
    </test> <!-- Leads -->
  </suite> <!-- Leaftaps -->
</testng-results>
