<?xml version="1.0" encoding="UTF-8"?>
<testng-results ignored="0" total="1" passed="1" failed="0" skipped="0">
  <reporter-output>
  </reporter-output>
  <suite started-at="2023-09-24T18:16:02Z" name="Molecules" finished-at="2023-09-24T18:18:32Z" duration-ms="149594">
    <groups>
      <group name="cucumber">
        <method signature="AbstractTestNGCucumberTests.runScenario(cucumber.api.testng.PickleEventWrapper, cucumber.api.testng.CucumberFeatureWrapper)[pri:0, instance:com.leaftaps.testcases.OneMg_VANCOMYCIN1GM@3932c79a]" name="runScenario" class="cucumber.api.testng.AbstractTestNGCucumberTests"/>
      </group> <!-- cucumber -->
    </groups>
    <test started-at="2023-09-24T18:16:02Z" name="Fetch Text From Websites" finished-at="2023-09-24T18:18:32Z" duration-ms="149594">
      <class name="com.leaftaps.testcases.OneMg_VANCOMYCIN1GM">
        <test-method is-config="true" signature="startReport()[pri:0, instance:com.leaftaps.testcases.OneMg_VANCOMYCIN1GM@3932c79a]" started-at="2023-09-24T23:46:02Z" name="startReport" finished-at="2023-09-24T23:46:02Z" duration-ms="369" status="PASS">
          <reporter-output>
          </reporter-output>
        </test-method> <!-- startReport -->
        <test-method is-config="true" signature="setValues()[pri:0, instance:com.leaftaps.testcases.OneMg_VANCOMYCIN1GM@3932c79a]" started-at="2023-09-24T23:46:02Z" name="setValues" finished-at="2023-09-24T23:46:02Z" duration-ms="0" status="PASS">
          <reporter-output>
          </reporter-output>
        </test-method> <!-- setValues -->
        <test-method is-config="true" signature="setUpClass()[pri:0, instance:com.leaftaps.testcases.OneMg_VANCOMYCIN1GM@3932c79a]" started-at="2023-09-24T23:46:02Z" name="setUpClass" finished-at="2023-09-24T23:46:03Z" duration-ms="272" status="PASS">
          <reporter-output>
          </reporter-output>
        </test-method> <!-- setUpClass -->
        <test-method is-config="true" signature="startTestCase()[pri:0, instance:com.leaftaps.testcases.OneMg_VANCOMYCIN1GM@3932c79a]" started-at="2023-09-24T23:46:03Z" name="startTestCase" finished-at="2023-09-24T23:46:03Z" duration-ms="14" status="PASS">
          <reporter-output>
          </reporter-output>
        </test-method> <!-- startTestCase -->
        <test-method is-config="true" signature="preCondition(java.lang.String)[pri:0, instance:com.leaftaps.testcases.OneMg_VANCOMYCIN1GM@3932c79a]" started-at="2023-09-24T23:46:03Z" name="preCondition" finished-at="2023-09-24T23:46:15Z" duration-ms="12027" status="PASS">
          <params>
            <param index="0">
              <value>
                <![CDATA[https://www.1mg.com/]]>
              </value>
            </param>
          </params>
          <reporter-output>
          </reporter-output>
        </test-method> <!-- preCondition -->
        <test-method signature="runTests()[pri:0, instance:com.leaftaps.testcases.OneMg_VANCOMYCIN1GM@3932c79a]" started-at="2023-09-24T23:46:15Z" name="runTests" finished-at="2023-09-24T23:48:26Z" duration-ms="131476" status="PASS">
          <reporter-output>
          </reporter-output>
        </test-method> <!-- runTests -->
        <test-method is-config="true" signature="postCondition()[pri:0, instance:com.leaftaps.testcases.OneMg_VANCOMYCIN1GM@3932c79a]" started-at="2023-09-24T23:48:26Z" name="postCondition" finished-at="2023-09-24T23:48:32Z" duration-ms="5244" status="PASS">
          <reporter-output>
          </reporter-output>
        </test-method> <!-- postCondition -->
        <test-method is-config="true" signature="updateResult()[pri:0, instance:com.leaftaps.testcases.OneMg_VANCOMYCIN1GM@3932c79a]" started-at="2023-09-24T23:48:32Z" name="updateResult" finished-at="2023-09-24T23:48:32Z" duration-ms="468" status="PASS">
          <reporter-output>
          </reporter-output>
        </test-method> <!-- updateResult -->
        <test-method is-config="true" signature="tearDownClass()[pri:0, instance:com.leaftaps.testcases.OneMg_VANCOMYCIN1GM@3932c79a]" started-at="2023-09-24T23:48:32Z" name="tearDownClass" finished-at="2023-09-24T23:48:32Z" duration-ms="5" status="PASS">
          <reporter-output>
          </reporter-output>
        </test-method> <!-- tearDownClass -->
        <test-method is-config="true" signature="endResult()[pri:0, instance:com.leaftaps.testcases.OneMg_VANCOMYCIN1GM@3932c79a]" started-at="2023-09-24T23:48:32Z" name="endResult" finished-at="2023-09-24T23:48:33Z" duration-ms="647" status="PASS">
          <reporter-output>
          </reporter-output>
        </test-method> <!-- endResult -->
      </class> <!-- com.leaftaps.testcases.OneMg_VANCOMYCIN1GM -->
    </test> <!-- Fetch Text From Websites -->
  </suite> <!-- Molecules -->
</testng-results>
