<?xml version="1.0" encoding="UTF-8"?>
<testng-results ignored="0" total="1" passed="0" failed="1" skipped="0">
  <reporter-output>
  </reporter-output>
  <suite started-at="2023-09-23T18:58:08Z" name="Molecules" finished-at="2023-09-23T19:09:00Z" duration-ms="652117">
    <groups>
      <group name="cucumber">
        <method signature="AbstractTestNGCucumberTests.runScenario(cucumber.api.testng.PickleEventWrapper, cucumber.api.testng.CucumberFeatureWrapper)[pri:0, instance:com.leaftaps.testcases.OneMg_DOXYCYCLINE_100MG@3932c79a]" name="runScenario" class="cucumber.api.testng.AbstractTestNGCucumberTests"/>
      </group> <!-- cucumber -->
    </groups>
    <test started-at="2023-09-23T18:58:08Z" name="Fetch Text From Websites" finished-at="2023-09-23T19:09:00Z" duration-ms="652117">
      <class name="com.leaftaps.testcases.OneMg_DOXYCYCLINE_100MG">
        <test-method is-config="true" signature="startReport()[pri:0, instance:com.leaftaps.testcases.OneMg_DOXYCYCLINE_100MG@3932c79a]" started-at="2023-09-24T00:28:08Z" name="startReport" finished-at="2023-09-24T00:28:08Z" duration-ms="144" status="PASS">
          <reporter-output>
          </reporter-output>
        </test-method> <!-- startReport -->
        <test-method is-config="true" signature="setValues()[pri:0, instance:com.leaftaps.testcases.OneMg_DOXYCYCLINE_100MG@3932c79a]" started-at="2023-09-24T00:28:08Z" name="setValues" finished-at="2023-09-24T00:28:08Z" duration-ms="0" status="PASS">
          <reporter-output>
          </reporter-output>
        </test-method> <!-- setValues -->
        <test-method is-config="true" signature="setUpClass()[pri:0, instance:com.leaftaps.testcases.OneMg_DOXYCYCLINE_100MG@3932c79a]" started-at="2023-09-24T00:28:08Z" name="setUpClass" finished-at="2023-09-24T00:28:08Z" duration-ms="92" status="PASS">
          <reporter-output>
          </reporter-output>
        </test-method> <!-- setUpClass -->
        <test-method is-config="true" signature="startTestCase()[pri:0, instance:com.leaftaps.testcases.OneMg_DOXYCYCLINE_100MG@3932c79a]" started-at="2023-09-24T00:28:08Z" name="startTestCase" finished-at="2023-09-24T00:28:08Z" duration-ms="7" status="PASS">
          <reporter-output>
          </reporter-output>
        </test-method> <!-- startTestCase -->
        <test-method is-config="true" signature="preCondition(java.lang.String)[pri:0, instance:com.leaftaps.testcases.OneMg_DOXYCYCLINE_100MG@3932c79a]" started-at="2023-09-24T00:28:08Z" name="preCondition" finished-at="2023-09-24T00:28:16Z" duration-ms="7594" status="PASS">
          <params>
            <param index="0">
              <value>
                <![CDATA[https://www.1mg.com/]]>
              </value>
            </param>
          </params>
          <reporter-output>
          </reporter-output>
        </test-method> <!-- preCondition -->
        <test-method signature="runTests()[pri:0, instance:com.leaftaps.testcases.OneMg_DOXYCYCLINE_100MG@3932c79a]" started-at="2023-09-24T00:28:16Z" name="runTests" finished-at="2023-09-24T00:38:55Z" duration-ms="639040" status="FAIL">
          <exception class="java.lang.RuntimeException">
            <message>
              <![CDATA[See the reporter for details.]]>
            </message>
            <full-stacktrace>
              <![CDATA[java.lang.RuntimeException: See the reporter for details.
	at com.framework.utils.ExtentReporter.reportStep(ExtentReporter.java:94)
	at com.framework.utils.ExtentReporter.reportStep(ExtentReporter.java:115)
	at com.framework.selenium.api.base.SeleniumBase.OneMG_GetEachAlternativesText_StoreInMap(SeleniumBase.java:1522)
	at com.leaftaps.pages.OneMG_MainPage.get_AlternativesDetails_StoreInMap(OneMG_MainPage.java:72)
	at com.leaftaps.testcases.OneMg_DOXYCYCLINE_100MG.runTests(OneMg_DOXYCYCLINE_100MG.java:29)
	at java.base/jdk.internal.reflect.NativeMethodAccessorImpl.invoke0(Native Method)
	at java.base/jdk.internal.reflect.NativeMethodAccessorImpl.invoke(NativeMethodAccessorImpl.java:64)
	at java.base/jdk.internal.reflect.DelegatingMethodAccessorImpl.invoke(DelegatingMethodAccessorImpl.java:43)
	at java.base/java.lang.reflect.Method.invoke(Method.java:564)
	at org.testng.internal.MethodInvocationHelper.invokeMethod(MethodInvocationHelper.java:104)
	at org.testng.internal.Invoker.invokeMethod(Invoker.java:645)
	at org.testng.internal.Invoker.invokeTestMethod(Invoker.java:851)
	at org.testng.internal.Invoker.invokeTestMethods(Invoker.java:1177)
	at org.testng.internal.TestMethodWorker.invokeTestMethods(TestMethodWorker.java:129)
	at org.testng.internal.TestMethodWorker.run(TestMethodWorker.java:112)
	at org.testng.TestRunner.privateRun(TestRunner.java:756)
	at org.testng.TestRunner.run(TestRunner.java:610)
	at org.testng.SuiteRunner.runTest(SuiteRunner.java:387)
	at org.testng.SuiteRunner.runSequentially(SuiteRunner.java:382)
	at org.testng.SuiteRunner.privateRun(SuiteRunner.java:340)
	at org.testng.SuiteRunner.run(SuiteRunner.java:289)
	at org.testng.SuiteRunnerWorker.runSuite(SuiteRunnerWorker.java:52)
	at org.testng.SuiteRunnerWorker.run(SuiteRunnerWorker.java:86)
	at org.testng.TestNG.runSuitesSequentially(TestNG.java:1293)
	at org.testng.TestNG.runSuitesLocally(TestNG.java:1218)
	at org.testng.TestNG.runSuites(TestNG.java:1133)
	at org.testng.TestNG.run(TestNG.java:1104)
	at org.testng.remote.AbstractRemoteTestNG.run(AbstractRemoteTestNG.java:115)
	at org.testng.remote.RemoteTestNG.initAndRun(RemoteTestNG.java:251)
	at org.testng.remote.RemoteTestNG.main(RemoteTestNG.java:77)
]]>
            </full-stacktrace>
          </exception> <!-- java.lang.RuntimeException -->
          <reporter-output>
          </reporter-output>
        </test-method> <!-- runTests -->
        <test-method is-config="true" signature="postCondition()[pri:0, instance:com.leaftaps.testcases.OneMg_DOXYCYCLINE_100MG@3932c79a]" started-at="2023-09-24T00:38:55Z" name="postCondition" finished-at="2023-09-24T00:39:00Z" duration-ms="5057" status="PASS">
          <reporter-output>
          </reporter-output>
        </test-method> <!-- postCondition -->
        <test-method is-config="true" signature="updateResult()[pri:0, instance:com.leaftaps.testcases.OneMg_DOXYCYCLINE_100MG@3932c79a]" started-at="2023-09-24T00:39:00Z" name="updateResult" finished-at="2023-09-24T00:39:00Z" duration-ms="289" status="PASS">
          <reporter-output>
          </reporter-output>
        </test-method> <!-- updateResult -->
        <test-method is-config="true" signature="tearDownClass()[pri:0, instance:com.leaftaps.testcases.OneMg_DOXYCYCLINE_100MG@3932c79a]" started-at="2023-09-24T00:39:00Z" name="tearDownClass" finished-at="2023-09-24T00:39:00Z" duration-ms="3" status="PASS">
          <reporter-output>
          </reporter-output>
        </test-method> <!-- tearDownClass -->
        <test-method is-config="true" signature="endResult()[pri:0, instance:com.leaftaps.testcases.OneMg_DOXYCYCLINE_100MG@3932c79a]" started-at="2023-09-24T00:39:00Z" name="endResult" finished-at="2023-09-24T00:39:01Z" duration-ms="1244" status="PASS">
          <reporter-output>
          </reporter-output>
        </test-method> <!-- endResult -->
      </class> <!-- com.leaftaps.testcases.OneMg_DOXYCYCLINE_100MG -->
    </test> <!-- Fetch Text From Websites -->
  </suite> <!-- Molecules -->
</testng-results>
