<?xml version="1.0" encoding="UTF-8"?>
<!-- Generated by org.testng.reporters.JUnitXMLReporter -->
<testsuite ignored="0" hostname="DESKTOP-2PIKAKN" failures="1" tests="1" name="Leads" time="23.68" errors="0" timestamp="22 Sep 2023 10:14:26 GMT">
  <testcase classname="com.framework.testng.api.base.ProjectHooks" name="@AfterMethod postCondition" time="0.0">
    <failure type="java.lang.RuntimeException" message="See the reporter for details.">
      <![CDATA[java.lang.RuntimeException: See the reporter for details.
	at com.framework.utils.ExtentReporter.reportStep(ExtentReporter.java:94)
	at com.framework.selenium.api.base.SeleniumBase.close(SeleniumBase.java:948)
	at com.framework.testng.api.base.ProjectHooks.postCondition(ProjectHooks.java:27)
... Removed 31 stack frames]]>
    </failure>
  </testcase> <!-- @AfterMethod postCondition -->
  <testcase classname="com.leaftaps.testcases.ReadAndWrite" name="runTests" time="7.183">
    <failure type="java.lang.StackOverflowError">
      <![CDATA[java.lang.StackOverflowError
	at org.openqa.selenium.remote.RemoteWebDriver.execute(RemoteWebDriver.java:636)
	at org.openqa.selenium.remote.RemoteWebDriver.execute(RemoteWebDriver.java:675)
	at org.openqa.selenium.remote.RemoteWebDriver.execute(RemoteWebDriver.java:679)
	at org.openqa.selenium.remote.RemoteWebDriver.getScreenshotAs(RemoteWebDriver.java:325)
	at com.framework.selenium.api.base.SeleniumBase.takeSnap(SeleniumBase.java:932)
	at com.framework.utils.ExtentReporter.reportStep(ExtentReporter.java:82)
	at com.framework.utils.ExtentReporter.reportStep(ExtentReporter.java:115)
	at com.framework.selenium.api.base.SeleniumBase.takeSnap(SeleniumBase.java:935)
	at com.framework.utils.ExtentReporter.reportStep(ExtentReporter.java:82)
	at com.framework.utils.ExtentReporter.reportStep(ExtentReporter.java:115)
	at com.framework.selenium.api.base.SeleniumBase.takeSnap(SeleniumBase.java:935)
	at com.framework.utils.ExtentReporter.reportStep(ExtentReporter.java:82)
	at com.framework.utils.ExtentReporter.reportStep(ExtentReporter.java:115)
	at com.framework.selenium.api.base.SeleniumBase.takeSnap(SeleniumBase.java:935)
	at com.framework.utils.ExtentReporter.reportStep(ExtentReporter.java:82)
	at com.framework.utils.ExtentReporter.reportStep(ExtentReporter.java:115)
	at com.framework.selenium.api.base.SeleniumBase.takeSnap(SeleniumBase.java:935)
	at com.framework.utils.ExtentReporter.reportStep(ExtentReporter.java:82)
	at com.framework.utils.ExtentReporter.reportStep(ExtentReporter.java:115)
	at com.framework.selenium.api.base.SeleniumBase.takeSnap(SeleniumBase.java:935)
	at com.framework.utils.ExtentReporter.reportStep(ExtentReporter.java:82)
	at com.framework.utils.ExtentReporter.reportStep(ExtentReporter.java:115)
	at com.framework.selenium.api.base.SeleniumBase.takeSnap(SeleniumBase.java:935)
	at com.framework.utils.ExtentReporter.reportStep(ExtentReporter.java:82)
	at com.framework.utils.ExtentReporter.reportStep(ExtentReporter.java:115)
	at com.framework.selenium.api.base.SeleniumBase.takeSnap(SeleniumBase.java:935)
	at com.framework.utils.ExtentReporter.reportStep(ExtentReporter.java:82)
	at com.framework.utils.ExtentReporter.reportStep(ExtentReporter.java:115)
	at com.framework.selenium.api.base.SeleniumBase.takeSnap(SeleniumBase.java:935)
	at com.framework.utils.ExtentReporter.reportStep(ExtentReporter.java:82)
	at com.framework.utils.ExtentReporter.reportStep(ExtentReporter.java:115)
	at com.framework.selenium.api.base.SeleniumBase.takeSnap(SeleniumBase.java:935)
	at com.framework.utils.ExtentReporter.reportStep(ExtentReporter.java:82)
	at com.framework.utils.ExtentReporter.reportStep(ExtentReporter.java:115)
	at com.framework.selenium.api.base.SeleniumBase.takeSnap(SeleniumBase.java:935)
	at com.framework.utils.ExtentReporter.reportStep(ExtentReporter.java:82)
	at com.framework.utils.ExtentReporter.reportStep(ExtentReporter.java:115)
	at com.framework.selenium.api.base.SeleniumBase.takeSnap(SeleniumBase.java:935)
	at com.framework.utils.ExtentReporter.reportStep(ExtentReporter.java:82)
	at com.framework.utils.ExtentReporter.reportStep(ExtentReporter.java:115)
	at com.framework.selenium.api.base.SeleniumBase.takeSnap(SeleniumBase.java:935)
	at com.framework.utils.ExtentReporter.reportStep(ExtentReporter.java:82)
	at com.framework.utils.ExtentReporter.reportStep(ExtentReporter.java:115)
	at com.framework.selenium.api.base.SeleniumBase.takeSnap(SeleniumBase.java:935)
	at com.framework.utils.ExtentReporter.reportStep(ExtentReporter.java:82)
	at com.framework.utils.ExtentReporter.reportStep(ExtentReporter.java:115)
	at com.framework.selenium.api.base.SeleniumBase.takeSnap(SeleniumBase.java:935)
	at com.framework.utils.ExtentReporter.reportStep(ExtentReporter.java:82)
	at com.framework.utils.ExtentReporter.reportStep(ExtentReporter.java:115)
	at com.framework.selenium.api.base.SeleniumBase.takeSnap(SeleniumBase.java:935)
	at com.framework.utils.ExtentReporter.reportStep(ExtentReporter.java:82)
	at com.framework.utils.ExtentReporter.reportStep(ExtentReporter.java:115)
	at com.framework.selenium.api.base.SeleniumBase.takeSnap(SeleniumBase.java:935)
	at com.framework.utils.ExtentReporter.reportStep(ExtentReporter.java:82)
	at com.framework.utils.ExtentReporter.reportStep(ExtentReporter.java:115)
	at com.framework.selenium.api.base.SeleniumBase.takeSnap(SeleniumBase.java:935)
	at com.framework.utils.ExtentReporter.reportStep(ExtentReporter.java:82)
	at com.framework.utils.ExtentReporter.reportStep(ExtentReporter.java:115)
	at com.framework.selenium.api.base.SeleniumBase.takeSnap(SeleniumBase.java:935)
	at com.framework.utils.ExtentReporter.reportStep(ExtentReporter.java:82)
	at com.framework.utils.ExtentReporter.reportStep(ExtentReporter.java:115)
	at com.framework.selenium.api.base.SeleniumBase.takeSnap(SeleniumBase.java:935)
	at com.framework.utils.ExtentReporter.reportStep(ExtentReporter.java:82)
	at com.framework.utils.ExtentReporter.reportStep(ExtentReporter.java:115)
	at com.framework.selenium.api.base.SeleniumBase.takeSnap(SeleniumBase.java:935)
	at com.framework.utils.ExtentReporter.reportStep(ExtentReporter.java:82)
	at com.framework.utils.ExtentReporter.reportStep(ExtentReporter.java:115)
	at com.framework.selenium.api.base.SeleniumBase.takeSnap(SeleniumBase.java:935)
	at com.framework.utils.ExtentReporter.reportStep(ExtentReporter.java:82)
	at com.framework.utils.ExtentReporter.reportStep(ExtentReporter.java:115)
	at com.framework.selenium.api.base.SeleniumBase.takeSnap(SeleniumBase.java:935)
	at com.framework.utils.ExtentReporter.reportStep(ExtentReporter.java:82)
	at com.framework.utils.ExtentReporter.reportStep(ExtentReporter.java:115)
	at com.framework.selenium.api.base.SeleniumBase.takeSnap(SeleniumBase.java:935)
	at com.framework.utils.ExtentReporter.reportStep(ExtentReporter.java:82)
	at com.framework.utils.ExtentReporter.reportStep(ExtentReporter.java:115)
	at com.framework.selenium.api.base.SeleniumBase.takeSnap(SeleniumBase.java:935)
	at com.framework.utils.ExtentReporter.reportStep(ExtentReporter.java:82)
	at com.framework.utils.ExtentReporter.reportStep(ExtentReporter.java:115)
	at com.framework.selenium.api.base.SeleniumBase.takeSnap(SeleniumBase.java:935)
	at com.framework.utils.ExtentReporter.reportStep(ExtentReporter.java:82)
	at com.framework.utils.ExtentReporter.reportStep(ExtentReporter.java:115)
	at com.framework.selenium.api.base.SeleniumBase.takeSnap(SeleniumBase.java:935)
	at com.framework.utils.ExtentReporter.reportStep(ExtentReporter.java:82)
	at com.framework.utils.ExtentReporter.reportStep(ExtentReporter.java:115)
	at com.framework.selenium.api.base.SeleniumBase.takeSnap(SeleniumBase.java:935)
	at com.framework.utils.ExtentReporter.reportStep(ExtentReporter.java:82)
	at com.framework.utils.ExtentReporter.reportStep(ExtentReporter.java:115)
	at com.framework.selenium.api.base.SeleniumBase.takeSnap(SeleniumBase.java:935)
	at com.framework.utils.ExtentReporter.reportStep(ExtentReporter.java:82)
	at com.framework.utils.ExtentReporter.reportStep(ExtentReporter.java:115)
	at com.framework.selenium.api.base.SeleniumBase.takeSnap(SeleniumBase.java:935)
	at com.framework.utils.ExtentReporter.reportStep(ExtentReporter.java:82)
	at com.framework.utils.ExtentReporter.reportStep(ExtentReporter.java:115)
	at com.framework.selenium.api.base.SeleniumBase.takeSnap(SeleniumBase.java:935)
	at com.framework.utils.ExtentReporter.reportStep(ExtentReporter.java:82)
	at com.framework.utils.ExtentReporter.reportStep(ExtentReporter.java:115)
	at com.framework.selenium.api.base.SeleniumBase.takeSnap(SeleniumBase.java:935)
	at com.framework.utils.ExtentReporter.reportStep(ExtentReporter.java:82)
	at com.framework.utils.ExtentReporter.reportStep(ExtentReporter.java:115)
	at com.framework.selenium.api.base.SeleniumBase.takeSnap(SeleniumBase.java:935)
	at com.framework.utils.ExtentReporter.reportStep(ExtentReporter.java:82)
	at com.framework.utils.ExtentReporter.reportStep(ExtentReporter.java:115)
	at com.framework.selenium.api.base.SeleniumBase.takeSnap(SeleniumBase.java:935)
	at com.framework.utils.ExtentReporter.reportStep(ExtentReporter.java:82)
	at com.framework.utils.ExtentReporter.reportStep(ExtentReporter.java:115)
	at com.framework.selenium.api.base.SeleniumBase.takeSnap(SeleniumBase.java:935)
	at com.framework.utils.ExtentReporter.reportStep(ExtentReporter.java:82)
	at com.framework.utils.ExtentReporter.reportStep(ExtentReporter.java:115)
	at com.framework.selenium.api.base.SeleniumBase.takeSnap(SeleniumBase.java:935)
	at com.framework.utils.ExtentReporter.reportStep(ExtentReporter.java:82)
	at com.framework.utils.ExtentReporter.reportStep(ExtentReporter.java:115)
	at com.framework.selenium.api.base.SeleniumBase.takeSnap(SeleniumBase.java:935)
	at com.framework.utils.ExtentReporter.reportStep(ExtentReporter.java:82)
	at com.framework.utils.ExtentReporter.reportStep(ExtentReporter.java:115)
	at com.framework.selenium.api.base.SeleniumBase.takeSnap(SeleniumBase.java:935)
	at com.framework.utils.ExtentReporter.reportStep(ExtentReporter.java:82)
	at com.framework.utils.ExtentReporter.reportStep(ExtentReporter.java:115)
	at com.framework.selenium.api.base.SeleniumBase.takeSnap(SeleniumBase.java:935)
	at com.framework.utils.ExtentReporter.reportStep(ExtentReporter.java:82)
	at com.framework.utils.ExtentReporter.reportStep(ExtentReporter.java:115)
	at com.framework.selenium.api.base.SeleniumBase.takeSnap(SeleniumBase.java:935)
	at com.framework.utils.ExtentReporter.reportStep(ExtentReporter.java:82)
	at com.framework.utils.ExtentReporter.reportStep(ExtentReporter.java:115)
	at com.framework.selenium.api.base.SeleniumBase.takeSnap(SeleniumBase.java:935)
	at com.framework.utils.ExtentReporter.reportStep(ExtentReporter.java:82)
	at com.framework.utils.ExtentReporter.reportStep(ExtentReporter.java:115)
	at com.framework.selenium.api.base.SeleniumBase.takeSnap(SeleniumBase.java:935)
	at com.framework.utils.ExtentReporter.reportStep(ExtentReporter.java:82)
	at com.framework.utils.ExtentReporter.reportStep(ExtentReporter.java:115)
	at com.framework.selenium.api.base.SeleniumBase.takeSnap(SeleniumBase.java:935)
	at com.framework.utils.ExtentReporter.reportStep(ExtentReporter.java:82)
	at com.framework.utils.ExtentReporter.reportStep(ExtentReporter.java:115)
	at com.framework.selenium.api.base.SeleniumBase.takeSnap(SeleniumBase.java:935)
	at com.framework.utils.ExtentReporter.reportStep(ExtentReporter.java:82)
	at com.framework.utils.ExtentReporter.reportStep(ExtentReporter.java:115)
	at com.framework.selenium.api.base.SeleniumBase.takeSnap(SeleniumBase.java:935)
	at com.framework.utils.ExtentReporter.reportStep(ExtentReporter.java:82)
	at com.framework.utils.ExtentReporter.reportStep(ExtentReporter.java:115)
	at com.framework.selenium.api.base.SeleniumBase.takeSnap(SeleniumBase.java:935)
	at com.framework.utils.ExtentReporter.reportStep(ExtentReporter.java:82)
	at com.framework.utils.ExtentReporter.reportStep(ExtentReporter.java:115)
	at com.framework.selenium.api.base.SeleniumBase.takeSnap(SeleniumBase.java:935)
	at com.framework.utils.ExtentReporter.reportStep(ExtentReporter.java:82)
	at com.framework.utils.ExtentReporter.reportStep(ExtentReporter.java:115)
	at com.framework.selenium.api.base.SeleniumBase.takeSnap(SeleniumBase.java:935)
	at com.framework.utils.ExtentReporter.reportStep(ExtentReporter.java:82)
	at com.framework.utils.ExtentReporter.reportStep(ExtentReporter.java:115)
	at com.framework.selenium.api.base.SeleniumBase.takeSnap(SeleniumBase.java:935)
	at com.framework.utils.ExtentReporter.reportStep(ExtentReporter.java:82)
	at com.framework.utils.ExtentReporter.reportStep(ExtentReporter.java:115)
	at com.framework.selenium.api.base.SeleniumBase.takeSnap(SeleniumBase.java:935)
	at com.framework.utils.ExtentReporter.reportStep(ExtentReporter.java:82)
	at com.framework.utils.ExtentReporter.reportStep(ExtentReporter.java:115)
	at com.framework.selenium.api.base.SeleniumBase.takeSnap(SeleniumBase.java:935)
	at com.framework.utils.ExtentReporter.reportStep(ExtentReporter.java:82)
	at com.framework.utils.ExtentReporter.reportStep(ExtentReporter.java:115)
	at com.framework.selenium.api.base.SeleniumBase.takeSnap(SeleniumBase.java:935)
	at com.framework.utils.ExtentReporter.reportStep(ExtentReporter.java:82)
	at com.framework.utils.ExtentReporter.reportStep(ExtentReporter.java:115)
	at com.framework.selenium.api.base.SeleniumBase.takeSnap(SeleniumBase.java:935)
	at com.framework.utils.ExtentReporter.reportStep(ExtentReporter.java:82)
	at com.framework.utils.ExtentReporter.reportStep(ExtentReporter.java:115)
	at com.framework.selenium.api.base.SeleniumBase.takeSnap(SeleniumBase.java:935)
	at com.framework.utils.ExtentReporter.reportStep(ExtentReporter.java:82)
	at com.framework.utils.ExtentReporter.reportStep(ExtentReporter.java:115)
	at com.framework.selenium.api.base.SeleniumBase.takeSnap(SeleniumBase.java:935)
	at com.framework.utils.ExtentReporter.reportStep(ExtentReporter.java:82)
	at com.framework.utils.ExtentReporter.reportStep(ExtentReporter.java:115)
	at com.framework.selenium.api.base.SeleniumBase.takeSnap(SeleniumBase.java:935)
	at com.framework.utils.ExtentReporter.reportStep(ExtentReporter.java:82)
	at com.framework.utils.ExtentReporter.reportStep(ExtentReporter.java:115)
	at com.framework.selenium.api.base.SeleniumBase.takeSnap(SeleniumBase.java:935)
	at com.framework.utils.ExtentReporter.reportStep(ExtentReporter.java:82)
	at com.framework.utils.ExtentReporter.reportStep(ExtentReporter.java:115)
	at com.framework.selenium.api.base.SeleniumBase.takeSnap(SeleniumBase.java:935)
	at com.framework.utils.ExtentReporter.reportStep(ExtentReporter.java:82)
	at com.framework.utils.ExtentReporter.reportStep(ExtentReporter.java:115)
	at com.framework.selenium.api.base.SeleniumBase.takeSnap(SeleniumBase.java:935)
	at com.framework.utils.ExtentReporter.reportStep(ExtentReporter.java:82)
	at com.framework.utils.ExtentReporter.reportStep(ExtentReporter.java:115)
	at com.framework.selenium.api.base.SeleniumBase.takeSnap(SeleniumBase.java:935)
	at com.framework.utils.ExtentReporter.reportStep(ExtentReporter.java:82)
	at com.framework.utils.ExtentReporter.reportStep(ExtentReporter.java:115)
	at com.framework.selenium.api.base.SeleniumBase.takeSnap(SeleniumBase.java:935)
	at com.framework.utils.ExtentReporter.reportStep(ExtentReporter.java:82)
	at com.framework.utils.ExtentReporter.reportStep(ExtentReporter.java:115)
	at com.framework.selenium.api.base.SeleniumBase.takeSnap(SeleniumBase.java:935)
	at com.framework.utils.ExtentReporter.reportStep(ExtentReporter.java:82)
	at com.framework.utils.ExtentReporter.reportStep(ExtentReporter.java:115)
	at com.framework.selenium.api.base.SeleniumBase.takeSnap(SeleniumBase.java:935)
	at com.framework.utils.ExtentReporter.reportStep(ExtentReporter.java:82)
	at com.framework.utils.ExtentReporter.reportStep(ExtentReporter.java:115)
	at com.framework.selenium.api.base.SeleniumBase.takeSnap(SeleniumBase.java:935)
	at com.framework.utils.ExtentReporter.reportStep(ExtentReporter.java:82)
	at com.framework.utils.ExtentReporter.reportStep(ExtentReporter.java:115)
	at com.framework.selenium.api.base.SeleniumBase.takeSnap(SeleniumBase.java:935)
	at com.framework.utils.ExtentReporter.reportStep(ExtentReporter.java:82)
	at com.framework.utils.ExtentReporter.reportStep(ExtentReporter.java:115)
	at com.framework.selenium.api.base.SeleniumBase.takeSnap(SeleniumBase.java:935)
	at com.framework.utils.ExtentReporter.reportStep(ExtentReporter.java:82)
	at com.framework.utils.ExtentReporter.reportStep(ExtentReporter.java:115)
	at com.framework.selenium.api.base.SeleniumBase.takeSnap(SeleniumBase.java:935)
	at com.framework.utils.ExtentReporter.reportStep(ExtentReporter.java:82)
	at com.framework.utils.ExtentReporter.reportStep(ExtentReporter.java:115)
	at com.framework.selenium.api.base.SeleniumBase.takeSnap(SeleniumBase.java:935)
	at com.framework.utils.ExtentReporter.reportStep(ExtentReporter.java:82)
	at com.framework.utils.ExtentReporter.reportStep(ExtentReporter.java:115)
	at com.framework.selenium.api.base.SeleniumBase.takeSnap(SeleniumBase.java:935)
	at com.framework.utils.ExtentReporter.reportStep(ExtentReporter.java:82)
	at com.framework.utils.ExtentReporter.reportStep(ExtentReporter.java:115)
	at com.framework.selenium.api.base.SeleniumBase.takeSnap(SeleniumBase.java:935)
	at com.framework.utils.ExtentReporter.reportStep(ExtentReporter.java:82)
	at com.framework.utils.ExtentReporter.reportStep(ExtentReporter.java:115)
	at com.framework.selenium.api.base.SeleniumBase.takeSnap(SeleniumBase.java:935)
	at com.framework.utils.ExtentReporter.reportStep(ExtentReporter.java:82)
	at com.framework.utils.ExtentReporter.reportStep(ExtentReporter.java:115)
	at com.framework.selenium.api.base.SeleniumBase.takeSnap(SeleniumBase.java:935)
	at com.framework.utils.ExtentReporter.reportStep(ExtentReporter.java:82)
	at com.framework.utils.ExtentReporter.reportStep(ExtentReporter.java:115)
	at com.framework.selenium.api.base.SeleniumBase.takeSnap(SeleniumBase.java:935)
	at com.framework.utils.ExtentReporter.reportStep(ExtentReporter.java:82)
	at com.framework.utils.ExtentReporter.reportStep(ExtentReporter.java:115)
	at com.framework.selenium.api.base.SeleniumBase.takeSnap(SeleniumBase.java:935)
	at com.framework.utils.ExtentReporter.reportStep(ExtentReporter.java:82)
	at com.framework.utils.ExtentReporter.reportStep(ExtentReporter.java:115)
	at com.framework.selenium.api.base.SeleniumBase.takeSnap(SeleniumBase.java:935)
	at com.framework.utils.ExtentReporter.reportStep(ExtentReporter.java:82)
	at com.framework.utils.ExtentReporter.reportStep(ExtentReporter.java:115)
	at com.framework.selenium.api.base.SeleniumBase.takeSnap(SeleniumBase.java:935)
	at com.framework.utils.ExtentReporter.reportStep(ExtentReporter.java:82)
	at com.framework.utils.ExtentReporter.reportStep(ExtentReporter.java:115)
	at com.framework.selenium.api.base.SeleniumBase.takeSnap(SeleniumBase.java:935)
	at com.framework.utils.ExtentReporter.reportStep(ExtentReporter.java:82)
	at com.framework.utils.ExtentReporter.reportStep(ExtentReporter.java:115)
	at com.framework.selenium.api.base.SeleniumBase.takeSnap(SeleniumBase.java:935)
	at com.framework.utils.ExtentReporter.reportStep(ExtentReporter.java:82)
	at com.framework.utils.ExtentReporter.reportStep(ExtentReporter.java:115)
	at com.framework.selenium.api.base.SeleniumBase.takeSnap(SeleniumBase.java:935)
	at com.framework.utils.ExtentReporter.reportStep(ExtentReporter.java:82)
	at com.framework.utils.ExtentReporter.reportStep(ExtentReporter.java:115)
	at com.framework.selenium.api.base.SeleniumBase.takeSnap(SeleniumBase.java:935)
	at com.framework.utils.ExtentReporter.reportStep(ExtentReporter.java:82)
	at com.framework.utils.ExtentReporter.reportStep(ExtentReporter.java:115)
	at com.framework.selenium.api.base.SeleniumBase.takeSnap(SeleniumBase.java:935)
	at com.framework.utils.ExtentReporter.reportStep(ExtentReporter.java:82)
	at com.framework.utils.ExtentReporter.reportStep(ExtentReporter.java:115)
	at com.framework.selenium.api.base.SeleniumBase.takeSnap(SeleniumBase.java:935)
	at com.framework.utils.ExtentReporter.reportStep(ExtentReporter.java:82)
	at com.framework.utils.ExtentReporter.reportStep(ExtentReporter.java:115)
	at com.framework.selenium.api.base.SeleniumBase.takeSnap(SeleniumBase.java:935)
	at com.framework.utils.ExtentReporter.reportStep(ExtentReporter.java:82)
	at com.framework.utils.ExtentReporter.reportStep(ExtentReporter.java:115)
	at com.framework.selenium.api.base.SeleniumBase.takeSnap(SeleniumBase.java:935)
	at com.framework.utils.ExtentReporter.reportStep(ExtentReporter.java:82)
	at com.framework.utils.ExtentReporter.reportStep(ExtentReporter.java:115)
	at com.framework.selenium.api.base.SeleniumBase.takeSnap(SeleniumBase.java:935)
	at com.framework.utils.ExtentReporter.reportStep(ExtentReporter.java:82)
	at com.framework.utils.ExtentReporter.reportStep(ExtentReporter.java:115)
	at com.framework.selenium.api.base.SeleniumBase.takeSnap(SeleniumBase.java:935)
	at com.framework.utils.ExtentReporter.reportStep(ExtentReporter.java:82)
	at com.framework.utils.ExtentReporter.reportStep(ExtentReporter.java:115)
	at com.framework.selenium.api.base.SeleniumBase.takeSnap(SeleniumBase.java:935)
	at com.framework.utils.ExtentReporter.reportStep(ExtentReporter.java:82)
	at com.framework.utils.ExtentReporter.reportStep(ExtentReporter.java:115)
	at com.framework.selenium.api.base.SeleniumBase.takeSnap(SeleniumBase.java:935)
	at com.framework.utils.ExtentReporter.reportStep(ExtentReporter.java:82)
	at com.framework.utils.ExtentReporter.reportStep(ExtentReporter.java:115)
	at com.framework.selenium.api.base.SeleniumBase.takeSnap(SeleniumBase.java:935)
	at com.framework.utils.ExtentReporter.reportStep(ExtentReporter.java:82)
	at com.framework.utils.ExtentReporter.reportStep(ExtentReporter.java:115)
	at com.framework.selenium.api.base.SeleniumBase.takeSnap(SeleniumBase.java:935)
	at com.framework.utils.ExtentReporter.reportStep(ExtentReporter.java:82)
	at com.framework.utils.ExtentReporter.reportStep(ExtentReporter.java:115)
	at com.framework.selenium.api.base.SeleniumBase.takeSnap(SeleniumBase.java:935)
	at com.framework.utils.ExtentReporter.reportStep(ExtentReporter.java:82)
	at com.framework.utils.ExtentReporter.reportStep(ExtentReporter.java:115)
	at com.framework.selenium.api.base.SeleniumBase.takeSnap(SeleniumBase.java:935)
	at com.framework.utils.ExtentReporter.reportStep(ExtentReporter.java:82)
	at com.framework.utils.ExtentReporter.reportStep(ExtentReporter.java:115)
	at com.framework.selenium.api.base.SeleniumBase.takeSnap(SeleniumBase.java:935)
	at com.framework.utils.ExtentReporter.reportStep(ExtentReporter.java:82)
	at com.framework.utils.ExtentReporter.reportStep(ExtentReporter.java:115)
	at com.framework.selenium.api.base.SeleniumBase.takeSnap(SeleniumBase.java:935)
	at com.framework.utils.ExtentReporter.reportStep(ExtentReporter.java:82)
	at com.framework.utils.ExtentReporter.reportStep(ExtentReporter.java:115)
	at com.framework.selenium.api.base.SeleniumBase.takeSnap(SeleniumBase.java:935)
	at com.framework.utils.ExtentReporter.reportStep(ExtentReporter.java:82)
	at com.framework.utils.ExtentReporter.reportStep(ExtentReporter.java:115)
	at com.framework.selenium.api.base.SeleniumBase.takeSnap(SeleniumBase.java:935)
	at com.framework.utils.ExtentReporter.reportStep(ExtentReporter.java:82)
	at com.framework.utils.ExtentReporter.reportStep(ExtentReporter.java:115)
	at com.framework.selenium.api.base.SeleniumBase.takeSnap(SeleniumBase.java:935)
	at com.framework.utils.ExtentReporter.reportStep(ExtentReporter.java:82)
	at com.framework.utils.ExtentReporter.reportStep(ExtentReporter.java:115)
	at com.framework.selenium.api.base.SeleniumBase.takeSnap(SeleniumBase.java:935)
	at com.framework.utils.ExtentReporter.reportStep(ExtentReporter.java:82)
	at com.framework.utils.ExtentReporter.reportStep(ExtentReporter.java:115)
	at com.framework.selenium.api.base.SeleniumBase.takeSnap(SeleniumBase.java:935)
	at com.framework.utils.ExtentReporter.reportStep(ExtentReporter.java:82)
	at com.framework.utils.ExtentReporter.reportStep(ExtentReporter.java:115)
	at com.framework.selenium.api.base.SeleniumBase.takeSnap(SeleniumBase.java:935)
	at com.framework.utils.ExtentReporter.reportStep(ExtentReporter.java:82)
	at com.framework.utils.ExtentReporter.reportStep(ExtentReporter.java:115)
	at com.framework.selenium.api.base.SeleniumBase.takeSnap(SeleniumBase.java:935)
	at com.framework.utils.ExtentReporter.reportStep(ExtentReporter.java:82)
	at com.framework.utils.ExtentReporter.reportStep(ExtentReporter.java:115)
	at com.framework.selenium.api.base.SeleniumBase.takeSnap(SeleniumBase.java:935)
	at com.framework.utils.ExtentReporter.reportStep(ExtentReporter.java:82)
	at com.framework.utils.ExtentReporter.reportStep(ExtentReporter.java:115)
	at com.framework.selenium.api.base.SeleniumBase.takeSnap(SeleniumBase.java:935)
	at com.framework.utils.ExtentReporter.reportStep(ExtentReporter.java:82)
	at com.framework.utils.ExtentReporter.reportStep(ExtentReporter.java:115)
	at com.framework.selenium.api.base.SeleniumBase.takeSnap(SeleniumBase.java:935)
	at com.framework.utils.ExtentReporter.reportStep(ExtentReporter.java:82)
	at com.framework.utils.ExtentReporter.reportStep(ExtentReporter.java:115)
	at com.framework.selenium.api.base.SeleniumBase.takeSnap(SeleniumBase.java:935)
	at com.framework.utils.ExtentReporter.reportStep(ExtentReporter.java:82)
	at com.framework.utils.ExtentReporter.reportStep(ExtentReporter.java:115)
	at com.framework.selenium.api.base.SeleniumBase.takeSnap(SeleniumBase.java:935)
	at com.framework.utils.ExtentReporter.reportStep(ExtentReporter.java:82)
	at com.framework.utils.ExtentReporter.reportStep(ExtentReporter.java:115)
	at com.framework.selenium.api.base.SeleniumBase.takeSnap(SeleniumBase.java:935)
	at com.framework.utils.ExtentReporter.reportStep(ExtentReporter.java:82)
	at com.framework.utils.ExtentReporter.reportStep(ExtentReporter.java:115)
	at com.framework.selenium.api.base.SeleniumBase.takeSnap(SeleniumBase.java:935)
	at com.framework.utils.ExtentReporter.reportStep(ExtentReporter.java:82)
	at com.framework.utils.ExtentReporter.reportStep(ExtentReporter.java:115)
	at com.framework.selenium.api.base.SeleniumBase.takeSnap(SeleniumBase.java:935)
	at com.framework.utils.ExtentReporter.reportStep(ExtentReporter.java:82)
	at com.framework.utils.ExtentReporter.reportStep(ExtentReporter.java:115)
	at com.framework.selenium.api.base.SeleniumBase.takeSnap(SeleniumBase.java:935)
	at com.framework.utils.ExtentReporter.reportStep(ExtentReporter.java:82)
	at com.framework.utils.ExtentReporter.reportStep(ExtentReporter.java:115)
	at com.framework.selenium.api.base.SeleniumBase.takeSnap(SeleniumBase.java:935)
	at com.framework.utils.ExtentReporter.reportStep(ExtentReporter.java:82)
	at com.framework.utils.ExtentReporter.reportStep(ExtentReporter.java:115)
	at com.framework.selenium.api.base.SeleniumBase.takeSnap(SeleniumBase.java:935)
	at com.framework.utils.ExtentReporter.reportStep(ExtentReporter.java:82)
	at com.framework.utils.ExtentReporter.reportStep(ExtentReporter.java:115)
	at com.framework.selenium.api.base.SeleniumBase.takeSnap(SeleniumBase.java:935)
	at com.framework.utils.ExtentReporter.reportStep(ExtentReporter.java:82)
	at com.framework.utils.ExtentReporter.reportStep(ExtentReporter.java:115)
	at com.framework.selenium.api.base.SeleniumBase.takeSnap(SeleniumBase.java:935)
	at com.framework.utils.ExtentReporter.reportStep(ExtentReporter.java:82)
	at com.framework.utils.ExtentReporter.reportStep(ExtentReporter.java:115)
	at com.framework.selenium.api.base.SeleniumBase.takeSnap(SeleniumBase.java:935)
	at com.framework.utils.ExtentReporter.reportStep(ExtentReporter.java:82)
	at com.framework.utils.ExtentReporter.reportStep(ExtentReporter.java:115)
	at com.framework.selenium.api.base.SeleniumBase.takeSnap(SeleniumBase.java:935)
	at com.framework.utils.ExtentReporter.reportStep(ExtentReporter.java:82)
	at com.framework.utils.ExtentReporter.reportStep(ExtentReporter.java:115)
	at com.framework.selenium.api.base.SeleniumBase.takeSnap(SeleniumBase.java:935)
	at com.framework.utils.ExtentReporter.reportStep(ExtentReporter.java:82)
	at com.framework.utils.ExtentReporter.reportStep(ExtentReporter.java:115)
	at com.framework.selenium.api.base.SeleniumBase.takeSnap(SeleniumBase.java:935)
	at com.framework.utils.ExtentReporter.reportStep(ExtentReporter.java:82)
	at com.framework.utils.ExtentReporter.reportStep(ExtentReporter.java:115)
	at com.framework.selenium.api.base.SeleniumBase.takeSnap(SeleniumBase.java:935)
	at com.framework.utils.ExtentReporter.reportStep(ExtentReporter.java:82)
	at com.framework.utils.ExtentReporter.reportStep(ExtentReporter.java:115)
	at com.framework.selenium.api.base.SeleniumBase.takeSnap(SeleniumBase.java:935)
	at com.framework.utils.ExtentReporter.reportStep(ExtentReporter.java:82)
	at com.framework.utils.ExtentReporter.reportStep(ExtentReporter.java:115)
	at com.framework.selenium.api.base.SeleniumBase.takeSnap(SeleniumBase.java:935)
	at com.framework.utils.ExtentReporter.reportStep(ExtentReporter.java:82)
	at com.framework.utils.ExtentReporter.reportStep(ExtentReporter.java:115)
	at com.framework.selenium.api.base.SeleniumBase.takeSnap(SeleniumBase.java:935)
	at com.framework.utils.ExtentReporter.reportStep(ExtentReporter.java:82)
	at com.framework.utils.ExtentReporter.reportStep(ExtentReporter.java:115)
	at com.framework.selenium.api.base.SeleniumBase.takeSnap(SeleniumBase.java:935)
	at com.framework.utils.ExtentReporter.reportStep(ExtentReporter.java:82)
	at com.framework.utils.ExtentReporter.reportStep(ExtentReporter.java:115)
	at com.framework.selenium.api.base.SeleniumBase.takeSnap(SeleniumBase.java:935)
	at com.framework.utils.ExtentReporter.reportStep(ExtentReporter.java:82)
	at com.framework.utils.ExtentReporter.reportStep(ExtentReporter.java:115)
	at com.framework.selenium.api.base.SeleniumBase.takeSnap(SeleniumBase.java:935)
	at com.framework.utils.ExtentReporter.reportStep(ExtentReporter.java:82)
	at com.framework.utils.ExtentReporter.reportStep(ExtentReporter.java:115)
	at com.framework.selenium.api.base.SeleniumBase.takeSnap(SeleniumBase.java:935)
	at com.framework.utils.ExtentReporter.reportStep(ExtentReporter.java:82)
	at com.framework.utils.ExtentReporter.reportStep(ExtentReporter.java:115)
	at com.framework.selenium.api.base.SeleniumBase.takeSnap(SeleniumBase.java:935)
	at com.framework.utils.ExtentReporter.reportStep(ExtentReporter.java:82)
	at com.framework.utils.ExtentReporter.reportStep(ExtentReporter.java:115)
	at com.framework.selenium.api.base.SeleniumBase.takeSnap(SeleniumBase.java:935)
	at com.framework.utils.ExtentReporter.reportStep(ExtentReporter.java:82)
	at com.framework.utils.ExtentReporter.reportStep(ExtentReporter.java:115)
	at com.framework.selenium.api.base.SeleniumBase.takeSnap(SeleniumBase.java:935)
	at com.framework.utils.ExtentReporter.reportStep(ExtentReporter.java:82)
	at com.framework.utils.ExtentReporter.reportStep(ExtentReporter.java:115)
	at com.framework.selenium.api.base.SeleniumBase.takeSnap(SeleniumBase.java:935)
	at com.framework.utils.ExtentReporter.reportStep(ExtentReporter.java:82)
	at com.framework.utils.ExtentReporter.reportStep(ExtentReporter.java:115)
	at com.framework.selenium.api.base.SeleniumBase.takeSnap(SeleniumBase.java:935)
	at com.framework.utils.ExtentReporter.reportStep(ExtentReporter.java:82)
	at com.framework.utils.ExtentReporter.reportStep(ExtentReporter.java:115)
	at com.framework.selenium.api.base.SeleniumBase.takeSnap(SeleniumBase.java:935)
	at com.framework.utils.ExtentReporter.reportStep(ExtentReporter.java:82)
	at com.framework.utils.ExtentReporter.reportStep(ExtentReporter.java:115)
	at com.framework.selenium.api.base.SeleniumBase.takeSnap(SeleniumBase.java:935)
	at com.framework.utils.ExtentReporter.reportStep(ExtentReporter.java:82)
	at com.framework.utils.ExtentReporter.reportStep(ExtentReporter.java:115)
	at com.framework.selenium.api.base.SeleniumBase.takeSnap(SeleniumBase.java:935)
	at com.framework.utils.ExtentReporter.reportStep(ExtentReporter.java:82)
	at com.framework.utils.ExtentReporter.reportStep(ExtentReporter.java:115)
	at com.framework.selenium.api.base.SeleniumBase.takeSnap(SeleniumBase.java:935)
	at com.framework.utils.ExtentReporter.reportStep(ExtentReporter.java:82)
	at com.framework.utils.ExtentReporter.reportStep(ExtentReporter.java:115)
	at com.framework.selenium.api.base.SeleniumBase.takeSnap(SeleniumBase.java:935)
	at com.framework.utils.ExtentReporter.reportStep(ExtentReporter.java:82)
	at com.framework.utils.ExtentReporter.reportStep(ExtentReporter.java:115)
	at com.framework.selenium.api.base.SeleniumBase.takeSnap(SeleniumBase.java:935)
	at com.framework.utils.ExtentReporter.reportStep(ExtentReporter.java:82)
	at com.framework.utils.ExtentReporter.reportStep(ExtentReporter.java:115)
	at com.framework.selenium.api.base.SeleniumBase.takeSnap(SeleniumBase.java:935)
	at com.framework.utils.ExtentReporter.reportStep(ExtentReporter.java:82)
	at com.framework.utils.ExtentReporter.reportStep(ExtentReporter.java:115)
	at com.framework.selenium.api.base.SeleniumBase.takeSnap(SeleniumBase.java:935)
	at com.framework.utils.ExtentReporter.reportStep(ExtentReporter.java:82)
	at com.framework.utils.ExtentReporter.reportStep(ExtentReporter.java:115)
	at com.framework.selenium.api.base.SeleniumBase.takeSnap(SeleniumBase.java:935)
	at com.framework.utils.ExtentReporter.reportStep(ExtentReporter.java:82)
	at com.framework.utils.ExtentReporter.reportStep(ExtentReporter.java:115)
	at com.framework.selenium.api.base.SeleniumBase.takeSnap(SeleniumBase.java:935)
	at com.framework.utils.ExtentReporter.reportStep(ExtentReporter.java:82)
	at com.framework.utils.ExtentReporter.reportStep(ExtentReporter.java:115)
	at com.framework.selenium.api.base.SeleniumBase.takeSnap(SeleniumBase.java:935)
	at com.framework.utils.ExtentReporter.reportStep(ExtentReporter.java:82)
	at com.framework.utils.ExtentReporter.reportStep(ExtentReporter.java:115)
	at com.framework.selenium.api.base.SeleniumBase.takeSnap(SeleniumBase.java:935)
	at com.framework.utils.ExtentReporter.reportStep(ExtentReporter.java:82)
	at com.framework.utils.ExtentReporter.reportStep(ExtentReporter.java:115)
	at com.framework.selenium.api.base.SeleniumBase.takeSnap(SeleniumBase.java:935)
	at com.framework.utils.ExtentReporter.reportStep(ExtentReporter.java:82)
	at com.framework.utils.ExtentReporter.reportStep(ExtentReporter.java:115)
	at com.framework.selenium.api.base.SeleniumBase.takeSnap(SeleniumBase.java:935)
	at com.framework.utils.ExtentReporter.reportStep(ExtentReporter.java:82)
	at com.framework.utils.ExtentReporter.reportStep(ExtentReporter.java:115)
	at com.framework.selenium.api.base.SeleniumBase.takeSnap(SeleniumBase.java:935)
	at com.framework.utils.ExtentReporter.reportStep(ExtentReporter.java:82)
	at com.framework.utils.ExtentReporter.reportStep(ExtentReporter.java:115)
	at com.framework.selenium.api.base.SeleniumBase.takeSnap(SeleniumBase.java:935)
	at com.framework.utils.ExtentReporter.reportStep(ExtentReporter.java:82)
	at com.framework.utils.ExtentReporter.reportStep(ExtentReporter.java:115)
	at com.framework.selenium.api.base.SeleniumBase.takeSnap(SeleniumBase.java:935)
	at com.framework.utils.ExtentReporter.reportStep(ExtentReporter.java:82)
	at com.framework.utils.ExtentReporter.reportStep(ExtentReporter.java:115)
	at com.framework.selenium.api.base.SeleniumBase.takeSnap(SeleniumBase.java:935)
	at com.framework.utils.ExtentReporter.reportStep(ExtentReporter.java:82)
	at com.framework.utils.ExtentReporter.reportStep(ExtentReporter.java:115)
	at com.framework.selenium.api.base.SeleniumBase.takeSnap(SeleniumBase.java:935)
	at com.framework.utils.ExtentReporter.reportStep(ExtentReporter.java:82)
	at com.framework.utils.ExtentReporter.reportStep(ExtentReporter.java:115)
	at com.framework.selenium.api.base.SeleniumBase.takeSnap(SeleniumBase.java:935)
	at com.framework.utils.ExtentReporter.reportStep(ExtentReporter.java:82)
	at com.framework.utils.ExtentReporter.reportStep(ExtentReporter.java:115)
	at com.framework.selenium.api.base.SeleniumBase.takeSnap(SeleniumBase.java:935)
	at com.framework.utils.ExtentReporter.reportStep(ExtentReporter.java:82)
	at com.framework.utils.ExtentReporter.reportStep(ExtentReporter.java:115)
	at com.framework.selenium.api.base.SeleniumBase.takeSnap(SeleniumBase.java:935)
	at com.framework.utils.ExtentReporter.reportStep(ExtentReporter.java:82)
	at com.framework.utils.ExtentReporter.reportStep(ExtentReporter.java:115)
	at com.framework.selenium.api.base.SeleniumBase.takeSnap(SeleniumBase.java:935)
	at com.framework.utils.ExtentReporter.reportStep(ExtentReporter.java:82)
	at com.framework.utils.ExtentReporter.reportStep(ExtentReporter.java:115)
	at com.framework.selenium.api.base.SeleniumBase.takeSnap(SeleniumBase.java:935)
	at com.framework.utils.ExtentReporter.reportStep(ExtentReporter.java:82)
	at com.framework.utils.ExtentReporter.reportStep(ExtentReporter.java:115)
	at com.framework.selenium.api.base.SeleniumBase.takeSnap(SeleniumBase.java:935)
	at com.framework.utils.ExtentReporter.reportStep(ExtentReporter.java:82)
	at com.framework.utils.ExtentReporter.reportStep(ExtentReporter.java:115)
	at com.framework.selenium.api.base.SeleniumBase.takeSnap(SeleniumBase.java:935)
	at com.framework.utils.ExtentReporter.reportStep(ExtentReporter.java:82)
	at com.framework.utils.ExtentReporter.reportStep(ExtentReporter.java:115)
	at com.framework.selenium.api.base.SeleniumBase.takeSnap(SeleniumBase.java:935)
	at com.framework.utils.ExtentReporter.reportStep(ExtentReporter.java:82)
	at com.framework.utils.ExtentReporter.reportStep(ExtentReporter.java:115)
	at com.framework.selenium.api.base.SeleniumBase.takeSnap(SeleniumBase.java:935)
	at com.framework.utils.ExtentReporter.reportStep(ExtentReporter.java:82)
	at com.framework.utils.ExtentReporter.reportStep(ExtentReporter.java:115)
	at com.framework.selenium.api.base.SeleniumBase.takeSnap(SeleniumBase.java:935)
	at com.framework.utils.ExtentReporter.reportStep(ExtentReporter.java:82)
	at com.framework.utils.ExtentReporter.reportStep(ExtentReporter.java:115)
	at com.framework.selenium.api.base.SeleniumBase.takeSnap(SeleniumBase.java:935)
	at com.framework.utils.ExtentReporter.reportStep(ExtentReporter.java:82)
	at com.framework.utils.ExtentReporter.reportStep(ExtentReporter.java:115)
	at com.framework.selenium.api.base.SeleniumBase.takeSnap(SeleniumBase.java:935)
	at com.framework.utils.ExtentReporter.reportStep(ExtentReporter.java:82)
	at com.framework.utils.ExtentReporter.reportStep(ExtentReporter.java:115)
	at com.framework.selenium.api.base.SeleniumBase.takeSnap(SeleniumBase.java:935)
	at com.framework.utils.ExtentReporter.reportStep(ExtentReporter.java:82)
	at com.framework.utils.ExtentReporter.reportStep(ExtentReporter.java:115)
	at com.framework.selenium.api.base.SeleniumBase.takeSnap(SeleniumBase.java:935)
	at com.framework.utils.ExtentReporter.reportStep(ExtentReporter.java:82)
	at com.framework.utils.ExtentReporter.reportStep(ExtentReporter.java:115)
	at com.framework.selenium.api.base.SeleniumBase.takeSnap(SeleniumBase.java:935)
	at com.framework.utils.ExtentReporter.reportStep(ExtentReporter.java:82)
	at com.framework.utils.ExtentReporter.reportStep(ExtentReporter.java:115)
	at com.framework.selenium.api.base.SeleniumBase.takeSnap(SeleniumBase.java:935)
	at com.framework.utils.ExtentReporter.reportStep(ExtentReporter.java:82)
	at com.framework.utils.ExtentReporter.reportStep(ExtentReporter.java:115)
	at com.framework.selenium.api.base.SeleniumBase.takeSnap(SeleniumBase.java:935)
	at com.framework.utils.ExtentReporter.reportStep(ExtentReporter.java:82)
	at com.framework.utils.ExtentReporter.reportStep(ExtentReporter.java:115)
	at com.framework.selenium.api.base.SeleniumBase.takeSnap(SeleniumBase.java:935)
	at com.framework.utils.ExtentReporter.reportStep(ExtentReporter.java:82)
	at com.framework.utils.ExtentReporter.reportStep(ExtentReporter.java:115)
	at com.framework.selenium.api.base.SeleniumBase.takeSnap(SeleniumBase.java:935)
	at com.framework.utils.ExtentReporter.reportStep(ExtentReporter.java:82)
	at com.framework.utils.ExtentReporter.reportStep(ExtentReporter.java:115)
	at com.framework.selenium.api.base.SeleniumBase.takeSnap(SeleniumBase.java:935)
	at com.framework.utils.ExtentReporter.reportStep(ExtentReporter.java:82)
	at com.framework.utils.ExtentReporter.reportStep(ExtentReporter.java:115)
	at com.framework.selenium.api.base.SeleniumBase.takeSnap(SeleniumBase.java:935)
	at com.framework.utils.ExtentReporter.reportStep(ExtentReporter.java:82)
	at com.framework.utils.ExtentReporter.reportStep(ExtentReporter.java:115)
	at com.framework.selenium.api.base.SeleniumBase.takeSnap(SeleniumBase.java:935)
	at com.framework.utils.ExtentReporter.reportStep(ExtentReporter.java:82)
	at com.framework.utils.ExtentReporter.reportStep(ExtentReporter.java:115)
	at com.framework.selenium.api.base.SeleniumBase.takeSnap(SeleniumBase.java:935)
	at com.framework.utils.ExtentReporter.reportStep(ExtentReporter.java:82)
	at com.framework.utils.ExtentReporter.reportStep(ExtentReporter.java:115)
	at com.framework.selenium.api.base.SeleniumBase.takeSnap(SeleniumBase.java:935)
	at com.framework.utils.ExtentReporter.reportStep(ExtentReporter.java:82)
	at com.framework.utils.ExtentReporter.reportStep(ExtentReporter.java:115)
	at com.framework.selenium.api.base.SeleniumBase.takeSnap(SeleniumBase.java:935)
	at com.framework.utils.ExtentReporter.reportStep(ExtentReporter.java:82)
	at com.framework.utils.ExtentReporter.reportStep(ExtentReporter.java:115)
	at com.framework.selenium.api.base.SeleniumBase.takeSnap(SeleniumBase.java:935)
	at com.framework.utils.ExtentReporter.reportStep(ExtentReporter.java:82)
	at com.framework.utils.ExtentReporter.reportStep(ExtentReporter.java:115)
	at com.framework.selenium.api.base.SeleniumBase.takeSnap(SeleniumBase.java:935)
	at com.framework.utils.ExtentReporter.reportStep(ExtentReporter.java:82)
	at com.framework.utils.ExtentReporter.reportStep(ExtentReporter.java:115)
	at com.framework.selenium.api.base.SeleniumBase.takeSnap(SeleniumBase.java:935)
	at com.framework.utils.ExtentReporter.reportStep(ExtentReporter.java:82)
	at com.framework.utils.ExtentReporter.reportStep(ExtentReporter.java:115)
	at com.framework.selenium.api.base.SeleniumBase.takeSnap(SeleniumBase.java:935)
	at com.framework.utils.ExtentReporter.reportStep(ExtentReporter.java:82)
	at com.framework.utils.ExtentReporter.reportStep(ExtentReporter.java:115)
	at com.framework.selenium.api.base.SeleniumBase.takeSnap(SeleniumBase.java:935)
	at com.framework.utils.ExtentReporter.reportStep(ExtentReporter.java:82)
	at com.framework.utils.ExtentReporter.reportStep(ExtentReporter.java:115)
	at com.framework.selenium.api.base.SeleniumBase.takeSnap(SeleniumBase.java:935)
	at com.framework.utils.ExtentReporter.reportStep(ExtentReporter.java:82)
	at com.framework.utils.ExtentReporter.reportStep(ExtentReporter.java:115)
	at com.framework.selenium.api.base.SeleniumBase.takeSnap(SeleniumBase.java:935)
	at com.framework.utils.ExtentReporter.reportStep(ExtentReporter.java:82)
	at com.framework.utils.ExtentReporter.reportStep(ExtentReporter.java:115)
	at com.framework.selenium.api.base.SeleniumBase.takeSnap(SeleniumBase.java:935)
	at com.framework.utils.ExtentReporter.reportStep(ExtentReporter.java:82)
	at com.framework.utils.ExtentReporter.reportStep(ExtentReporter.java:115)
	at com.framework.selenium.api.base.SeleniumBase.takeSnap(SeleniumBase.java:935)
	at com.framework.utils.ExtentReporter.reportStep(ExtentReporter.java:82)
	at com.framework.utils.ExtentReporter.reportStep(ExtentReporter.java:115)
	at com.framework.selenium.api.base.SeleniumBase.takeSnap(SeleniumBase.java:935)
	at com.framework.utils.ExtentReporter.reportStep(ExtentReporter.java:82)
	at com.framework.utils.ExtentReporter.reportStep(ExtentReporter.java:115)
	at com.framework.selenium.api.base.SeleniumBase.takeSnap(SeleniumBase.java:935)
	at com.framework.utils.ExtentReporter.reportStep(ExtentReporter.java:82)
	at com.framework.utils.ExtentReporter.reportStep(ExtentReporter.java:115)
	at com.framework.selenium.api.base.SeleniumBase.takeSnap(SeleniumBase.java:935)
	at com.framework.utils.ExtentReporter.reportStep(ExtentReporter.java:82)
	at com.framework.utils.ExtentReporter.reportStep(ExtentReporter.java:115)
	at com.framework.selenium.api.base.SeleniumBase.takeSnap(SeleniumBase.java:935)
	at com.framework.utils.ExtentReporter.reportStep(ExtentReporter.java:82)
	at com.framework.utils.ExtentReporter.reportStep(ExtentReporter.java:115)
	at com.framework.selenium.api.base.SeleniumBase.takeSnap(SeleniumBase.java:935)
	at com.framework.utils.ExtentReporter.reportStep(ExtentReporter.java:82)
	at com.framework.utils.ExtentReporter.reportStep(ExtentReporter.java:115)
	at com.framework.selenium.api.base.SeleniumBase.takeSnap(SeleniumBase.java:935)
	at com.framework.utils.ExtentReporter.reportStep(ExtentReporter.java:82)
	at com.framework.utils.ExtentReporter.reportStep(ExtentReporter.java:115)
	at com.framework.selenium.api.base.SeleniumBase.takeSnap(SeleniumBase.java:935)
	at com.framework.utils.ExtentReporter.reportStep(ExtentReporter.java:82)
	at com.framework.utils.ExtentReporter.reportStep(ExtentReporter.java:115)
	at com.framework.selenium.api.base.SeleniumBase.takeSnap(SeleniumBase.java:935)
	at com.framework.utils.ExtentReporter.reportStep(ExtentReporter.java:82)
	at com.framework.utils.ExtentReporter.reportStep(ExtentReporter.java:115)
	at com.framework.selenium.api.base.SeleniumBase.takeSnap(SeleniumBase.java:935)
	at com.framework.utils.ExtentReporter.reportStep(ExtentReporter.java:82)
	at com.framework.utils.ExtentReporter.reportStep(ExtentReporter.java:115)
	at com.framework.selenium.api.base.SeleniumBase.takeSnap(SeleniumBase.java:935)
	at com.framework.utils.ExtentReporter.reportStep(ExtentReporter.java:82)
	at com.framework.utils.ExtentReporter.reportStep(ExtentReporter.java:115)
	at com.framework.selenium.api.base.SeleniumBase.takeSnap(SeleniumBase.java:935)
	at com.framework.utils.ExtentReporter.reportStep(ExtentReporter.java:82)
	at com.framework.utils.ExtentReporter.reportStep(ExtentReporter.java:115)
	at com.framework.selenium.api.base.SeleniumBase.takeSnap(SeleniumBase.java:935)
	at com.framework.utils.ExtentReporter.reportStep(ExtentReporter.java:82)
	at com.framework.utils.ExtentReporter.reportStep(ExtentReporter.java:115)
	at com.framework.selenium.api.base.SeleniumBase.takeSnap(SeleniumBase.java:935)
	at com.framework.utils.ExtentReporter.reportStep(ExtentReporter.java:82)
	at com.framework.utils.ExtentReporter.reportStep(ExtentReporter.java:115)
	at com.framework.selenium.api.base.SeleniumBase.takeSnap(SeleniumBase.java:935)
	at com.framework.utils.ExtentReporter.reportStep(ExtentReporter.java:82)
	at com.framework.utils.ExtentReporter.reportStep(ExtentReporter.java:115)
	at com.framework.selenium.api.base.SeleniumBase.takeSnap(SeleniumBase.java:935)
	at com.framework.utils.ExtentReporter.reportStep(ExtentReporter.java:82)
	at com.framework.utils.ExtentReporter.reportStep(ExtentReporter.java:115)
	at com.framework.selenium.api.base.SeleniumBase.takeSnap(SeleniumBase.java:935)
	at com.framework.utils.ExtentReporter.reportStep(ExtentReporter.java:82)
	at com.framework.utils.ExtentReporter.reportStep(ExtentReporter.java:115)
	at com.framework.selenium.api.base.SeleniumBase.takeSnap(SeleniumBase.java:935)
	at com.framework.utils.ExtentReporter.reportStep(ExtentReporter.java:82)
	at com.framework.utils.ExtentReporter.reportStep(ExtentReporter.java:115)
	at com.framework.selenium.api.base.SeleniumBase.takeSnap(SeleniumBase.java:935)
	at com.framework.utils.ExtentReporter.reportStep(ExtentReporter.java:82)
	at com.framework.utils.ExtentReporter.reportStep(ExtentReporter.java:115)
	at com.framework.selenium.api.base.SeleniumBase.takeSnap(SeleniumBase.java:935)
	at com.framework.utils.ExtentReporter.reportStep(ExtentReporter.java:82)
	at com.framework.utils.ExtentReporter.reportStep(ExtentReporter.java:115)
	at com.framework.selenium.api.base.SeleniumBase.takeSnap(SeleniumBase.java:935)
	at com.framework.utils.ExtentReporter.reportStep(ExtentReporter.java:82)
	at com.framework.utils.ExtentReporter.reportStep(ExtentReporter.java:115)
	at com.framework.selenium.api.base.SeleniumBase.takeSnap(SeleniumBase.java:935)
	at com.framework.utils.ExtentReporter.reportStep(ExtentReporter.java:82)
	at com.framework.utils.ExtentReporter.reportStep(ExtentReporter.java:115)
	at com.framework.selenium.api.base.SeleniumBase.takeSnap(SeleniumBase.java:935)
	at com.framework.utils.ExtentReporter.reportStep(ExtentReporter.java:82)
	at com.framework.utils.ExtentReporter.reportStep(ExtentReporter.java:115)
	at com.framework.selenium.api.base.SeleniumBase.takeSnap(SeleniumBase.java:935)
	at com.framework.utils.ExtentReporter.reportStep(ExtentReporter.java:82)
	at com.framework.utils.ExtentReporter.reportStep(ExtentReporter.java:115)
	at com.framework.selenium.api.base.SeleniumBase.takeSnap(SeleniumBase.java:935)
	at com.framework.utils.ExtentReporter.reportStep(ExtentReporter.java:82)
	at com.framework.utils.ExtentReporter.reportStep(ExtentReporter.java:115)
	at com.framework.selenium.api.base.SeleniumBase.takeSnap(SeleniumBase.java:935)
	at com.framework.utils.ExtentReporter.reportStep(ExtentReporter.java:82)
	at com.framework.utils.ExtentReporter.reportStep(ExtentReporter.java:115)
	at com.framework.selenium.api.base.SeleniumBase.takeSnap(SeleniumBase.java:935)
	at com.framework.utils.ExtentReporter.reportStep(ExtentReporter.java:82)
	at com.framework.utils.ExtentReporter.reportStep(ExtentReporter.java:115)
	at com.framework.selenium.api.base.SeleniumBase.takeSnap(SeleniumBase.java:935)
	at com.framework.utils.ExtentReporter.reportStep(ExtentReporter.java:82)
	at com.framework.utils.ExtentReporter.reportStep(ExtentReporter.java:115)
	at com.framework.selenium.api.base.SeleniumBase.takeSnap(SeleniumBase.java:935)
	at com.framework.utils.ExtentReporter.reportStep(ExtentReporter.java:82)
	at com.framework.utils.ExtentReporter.reportStep(ExtentReporter.java:115)
	at com.framework.selenium.api.base.SeleniumBase.takeSnap(SeleniumBase.java:935)
	at com.framework.utils.ExtentReporter.reportStep(ExtentReporter.java:82)
	at com.framework.utils.ExtentReporter.reportStep(ExtentReporter.java:115)
	at com.framework.selenium.api.base.SeleniumBase.takeSnap(SeleniumBase.java:935)
	at com.framework.utils.ExtentReporter.reportStep(ExtentReporter.java:82)
	at com.framework.utils.ExtentReporter.reportStep(ExtentReporter.java:115)
	at com.framework.selenium.api.base.SeleniumBase.takeSnap(SeleniumBase.java:935)
	at com.framework.utils.ExtentReporter.reportStep(ExtentReporter.java:82)
	at com.framework.utils.ExtentReporter.reportStep(ExtentReporter.java:115)
	at com.framework.selenium.api.base.SeleniumBase.takeSnap(SeleniumBase.java:935)
	at com.framework.utils.ExtentReporter.reportStep(ExtentReporter.java:82)
	at com.framework.utils.ExtentReporter.reportStep(ExtentReporter.java:115)
	at com.framework.selenium.api.base.SeleniumBase.takeSnap(SeleniumBase.java:935)
	at com.framework.utils.ExtentReporter.reportStep(ExtentReporter.java:82)
	at com.framework.utils.ExtentReporter.reportStep(ExtentReporter.java:115)
	at com.framework.selenium.api.base.SeleniumBase.takeSnap(SeleniumBase.java:935)
	at com.framework.utils.ExtentReporter.reportStep(ExtentReporter.java:82)
	at com.framework.utils.ExtentReporter.reportStep(ExtentReporter.java:115)
	at com.framework.selenium.api.base.SeleniumBase.takeSnap(SeleniumBase.java:935)
	at com.framework.utils.ExtentReporter.reportStep(ExtentReporter.java:82)
	at com.framework.utils.ExtentReporter.reportStep(ExtentReporter.java:115)
	at com.framework.selenium.api.base.SeleniumBase.takeSnap(SeleniumBase.java:935)
	at com.framework.utils.ExtentReporter.reportStep(ExtentReporter.java:82)
	at com.framework.utils.ExtentReporter.reportStep(ExtentReporter.java:115)
	at com.framework.selenium.api.base.SeleniumBase.takeSnap(SeleniumBase.java:935)
	at com.framework.utils.ExtentReporter.reportStep(ExtentReporter.java:82)
	at com.framework.utils.ExtentReporter.reportStep(ExtentReporter.java:115)
	at com.framework.selenium.api.base.SeleniumBase.takeSnap(SeleniumBase.java:935)
	at com.framework.utils.ExtentReporter.reportStep(ExtentReporter.java:82)
	at com.framework.utils.ExtentReporter.reportStep(ExtentReporter.java:115)
	at com.framework.selenium.api.base.SeleniumBase.takeSnap(SeleniumBase.java:935)
	at com.framework.utils.ExtentReporter.reportStep(ExtentReporter.java:82)
	at com.framework.utils.ExtentReporter.reportStep(ExtentReporter.java:115)
	at com.framework.selenium.api.base.SeleniumBase.takeSnap(SeleniumBase.java:935)
	at com.framework.utils.ExtentReporter.reportStep(ExtentReporter.java:82)
	at com.framework.utils.ExtentReporter.reportStep(ExtentReporter.java:115)
	at com.framework.selenium.api.base.SeleniumBase.takeSnap(SeleniumBase.java:935)
	at com.framework.utils.ExtentReporter.reportStep(ExtentReporter.java:82)
	at com.framework.utils.ExtentReporter.reportStep(ExtentReporter.java:115)
	at com.framework.selenium.api.base.SeleniumBase.takeSnap(SeleniumBase.java:935)
	at com.framework.utils.ExtentReporter.reportStep(ExtentReporter.java:82)
	at com.framework.utils.ExtentReporter.reportStep(ExtentReporter.java:115)
	at com.framework.selenium.api.base.SeleniumBase.takeSnap(SeleniumBase.java:935)
	at com.framework.utils.ExtentReporter.reportStep(ExtentReporter.java:82)
	at com.framework.utils.ExtentReporter.reportStep(ExtentReporter.java:115)
	at com.framework.selenium.api.base.SeleniumBase.takeSnap(SeleniumBase.java:935)
	at com.framework.utils.ExtentReporter.reportStep(ExtentReporter.java:82)
	at com.framework.utils.ExtentReporter.reportStep(ExtentReporter.java:115)
	at com.framework.selenium.api.base.SeleniumBase.takeSnap(SeleniumBase.java:935)
	at com.framework.utils.ExtentReporter.reportStep(ExtentReporter.java:82)
	at com.framework.utils.ExtentReporter.reportStep(ExtentReporter.java:115)
	at com.framework.selenium.api.base.SeleniumBase.takeSnap(SeleniumBase.java:935)
	at com.framework.utils.ExtentReporter.reportStep(ExtentReporter.java:82)
	at com.framework.utils.ExtentReporter.reportStep(ExtentReporter.java:115)
	at com.framework.selenium.api.base.SeleniumBase.takeSnap(SeleniumBase.java:935)
	at com.framework.utils.ExtentReporter.reportStep(ExtentReporter.java:82)
	at com.framework.utils.ExtentReporter.reportStep(ExtentReporter.java:115)
	at com.framework.selenium.api.base.SeleniumBase.takeSnap(SeleniumBase.java:935)
	at com.framework.utils.ExtentReporter.reportStep(ExtentReporter.java:82)
	at com.framework.utils.ExtentReporter.reportStep(ExtentReporter.java:115)
	at com.framework.selenium.api.base.SeleniumBase.takeSnap(SeleniumBase.java:935)
	at com.framework.utils.ExtentReporter.reportStep(ExtentReporter.java:82)
	at com.framework.utils.ExtentReporter.reportStep(ExtentReporter.java:115)
	at com.framework.selenium.api.base.SeleniumBase.takeSnap(SeleniumBase.java:935)
	at com.framework.utils.ExtentReporter.reportStep(ExtentReporter.java:82)
	at com.framework.utils.ExtentReporter.reportStep(ExtentReporter.java:115)
	at com.framework.selenium.api.base.SeleniumBase.takeSnap(SeleniumBase.java:935)
	at com.framework.utils.ExtentReporter.reportStep(ExtentReporter.java:82)
	at com.framework.utils.ExtentReporter.reportStep(ExtentReporter.java:115)
	at com.framework.selenium.api.base.SeleniumBase.takeSnap(SeleniumBase.java:935)
	at com.framework.utils.ExtentReporter.reportStep(ExtentReporter.java:82)
	at com.framework.utils.ExtentReporter.reportStep(ExtentReporter.java:115)
	at com.framework.selenium.api.base.SeleniumBase.takeSnap(SeleniumBase.java:935)
	at com.framework.utils.ExtentReporter.reportStep(ExtentReporter.java:82)
	at com.framework.utils.ExtentReporter.reportStep(ExtentReporter.java:115)
	at com.framework.selenium.api.base.SeleniumBase.takeSnap(SeleniumBase.java:935)
	at com.framework.utils.ExtentReporter.reportStep(ExtentReporter.java:82)
	at com.framework.utils.ExtentReporter.reportStep(ExtentReporter.java:115)
	at com.framework.selenium.api.base.SeleniumBase.takeSnap(SeleniumBase.java:935)
	at com.framework.utils.ExtentReporter.reportStep(ExtentReporter.java:82)
	at com.framework.utils.ExtentReporter.reportStep(ExtentReporter.java:115)
	at com.framework.selenium.api.base.SeleniumBase.takeSnap(SeleniumBase.java:935)
	at com.framework.utils.ExtentReporter.reportStep(ExtentReporter.java:82)
	at com.framework.utils.ExtentReporter.reportStep(ExtentReporter.java:115)
	at com.framework.selenium.api.base.SeleniumBase.takeSnap(SeleniumBase.java:935)
	at com.framework.utils.ExtentReporter.reportStep(ExtentReporter.java:82)
	at com.framework.utils.ExtentReporter.reportStep(ExtentReporter.java:115)
	at com.framework.selenium.api.base.SeleniumBase.takeSnap(SeleniumBase.java:935)
	at com.framework.utils.ExtentReporter.reportStep(ExtentReporter.java:82)
	at com.framework.utils.ExtentReporter.reportStep(ExtentReporter.java:115)
	at com.framework.selenium.api.base.SeleniumBase.takeSnap(SeleniumBase.java:935)
	at com.framework.utils.ExtentReporter.reportStep(ExtentReporter.java:82)
	at com.framework.utils.ExtentReporter.reportStep(ExtentReporter.java:115)
	at com.framework.selenium.api.base.SeleniumBase.takeSnap(SeleniumBase.java:935)
	at com.framework.utils.ExtentReporter.reportStep(ExtentReporter.java:82)
	at com.framework.utils.ExtentReporter.reportStep(ExtentReporter.java:115)
	at com.framework.selenium.api.base.SeleniumBase.takeSnap(SeleniumBase.java:935)
	at com.framework.utils.ExtentReporter.reportStep(ExtentReporter.java:82)
	at com.framework.utils.ExtentReporter.reportStep(ExtentReporter.java:115)
	at com.framework.selenium.api.base.SeleniumBase.takeSnap(SeleniumBase.java:935)
	at com.framework.utils.ExtentReporter.reportStep(ExtentReporter.java:82)
	at com.framework.utils.ExtentReporter.reportStep(ExtentReporter.java:115)
	at com.framework.selenium.api.base.SeleniumBase.takeSnap(SeleniumBase.java:935)
	at com.framework.utils.ExtentReporter.reportStep(ExtentReporter.java:82)
	at com.framework.utils.ExtentReporter.reportStep(ExtentReporter.java:115)
	at com.framework.selenium.api.base.SeleniumBase.takeSnap(SeleniumBase.java:935)
	at com.framework.utils.ExtentReporter.reportStep(ExtentReporter.java:82)
	at com.framework.utils.ExtentReporter.reportStep(ExtentReporter.java:115)
	at com.framework.selenium.api.base.SeleniumBase.takeSnap(SeleniumBase.java:935)
	at com.framework.utils.ExtentReporter.reportStep(ExtentReporter.java:82)
	at com.framework.utils.ExtentReporter.reportStep(ExtentReporter.java:115)
	at com.framework.selenium.api.base.SeleniumBase.takeSnap(SeleniumBase.java:935)
	at com.framework.utils.ExtentReporter.reportStep(ExtentReporter.java:82)
	at com.framework.utils.ExtentReporter.reportStep(ExtentReporter.java:115)
	at com.framework.selenium.api.base.SeleniumBase.takeSnap(SeleniumBase.java:935)
	at com.framework.utils.ExtentReporter.reportStep(ExtentReporter.java:82)
	at com.framework.utils.ExtentReporter.reportStep(ExtentReporter.java:115)
	at com.framework.selenium.api.base.SeleniumBase.takeSnap(SeleniumBase.java:935)
	at com.framework.utils.ExtentReporter.reportStep(ExtentReporter.java:82)
	at com.framework.utils.ExtentReporter.reportStep(ExtentReporter.java:115)
	at com.framework.selenium.api.base.SeleniumBase.takeSnap(SeleniumBase.java:935)
	at com.framework.utils.ExtentReporter.reportStep(ExtentReporter.java:82)
	at com.framework.utils.ExtentReporter.reportStep(ExtentReporter.java:115)
	at com.framework.selenium.api.base.SeleniumBase.takeSnap(SeleniumBase.java:935)
	at com.framework.utils.ExtentReporter.reportStep(ExtentReporter.java:82)
	at com.framework.utils.ExtentReporter.reportStep(ExtentReporter.java:115)
	at com.framework.selenium.api.base.SeleniumBase.takeSnap(SeleniumBase.java:935)
	at com.framework.utils.ExtentReporter.reportStep(ExtentReporter.java:82)
	at com.framework.utils.ExtentReporter.reportStep(ExtentReporter.java:115)
	at com.framework.selenium.api.base.SeleniumBase.takeSnap(SeleniumBase.java:935)
	at com.framework.utils.ExtentReporter.reportStep(ExtentReporter.java:82)
	at com.framework.utils.ExtentReporter.reportStep(ExtentReporter.java:115)
	at com.framework.selenium.api.base.SeleniumBase.takeSnap(SeleniumBase.java:935)
	at com.framework.utils.ExtentReporter.reportStep(ExtentReporter.java:82)
	at com.framework.utils.ExtentReporter.reportStep(ExtentReporter.java:115)
	at com.framework.selenium.api.base.SeleniumBase.takeSnap(SeleniumBase.java:935)
	at com.framework.utils.ExtentReporter.reportStep(ExtentReporter.java:82)
	at com.framework.utils.ExtentReporter.reportStep(ExtentReporter.java:115)
	at com.framework.selenium.api.base.SeleniumBase.takeSnap(SeleniumBase.java:935)
	at com.framework.utils.ExtentReporter.reportStep(ExtentReporter.java:82)
	at com.framework.utils.ExtentReporter.reportStep(ExtentReporter.java:115)
	at com.framework.selenium.api.base.SeleniumBase.takeSnap(SeleniumBase.java:935)
	at com.framework.utils.ExtentReporter.reportStep(ExtentReporter.java:82)
	at com.framework.utils.ExtentReporter.reportStep(ExtentReporter.java:115)
	at com.framework.selenium.api.base.SeleniumBase.takeSnap(SeleniumBase.java:935)
	at com.framework.utils.ExtentReporter.reportStep(ExtentReporter.java:82)
	at com.framework.utils.ExtentReporter.reportStep(ExtentReporter.java:115)
	at com.framework.selenium.api.base.SeleniumBase.takeSnap(SeleniumBase.java:935)
	at com.framework.utils.ExtentReporter.reportStep(ExtentReporter.java:82)
	at com.framework.utils.ExtentReporter.reportStep(ExtentReporter.java:115)
	at com.framework.selenium.api.base.SeleniumBase.takeSnap(SeleniumBase.java:935)
	at com.framework.utils.ExtentReporter.reportStep(ExtentReporter.java:82)
	at com.framework.utils.ExtentReporter.reportStep(ExtentReporter.java:115)
	at com.framework.selenium.api.base.SeleniumBase.takeSnap(SeleniumBase.java:935)
	at com.framework.utils.ExtentReporter.reportStep(ExtentReporter.java:82)
	at com.framework.utils.ExtentReporter.reportStep(ExtentReporter.java:115)
	at com.framework.selenium.api.base.SeleniumBase.takeSnap(SeleniumBase.java:935)
	at com.framework.utils.ExtentReporter.reportStep(ExtentReporter.java:82)
	at com.framework.utils.ExtentReporter.reportStep(ExtentReporter.java:115)
	at com.framework.selenium.api.base.SeleniumBase.takeSnap(SeleniumBase.java:935)
	at com.framework.utils.ExtentReporter.reportStep(ExtentReporter.java:82)
	at com.framework.utils.ExtentReporter.reportStep(ExtentReporter.java:115)
	at com.framework.selenium.api.base.SeleniumBase.takeSnap(SeleniumBase.java:935)
	at com.framework.utils.ExtentReporter.reportStep(ExtentReporter.java:82)
	at com.framework.utils.ExtentReporter.reportStep(ExtentReporter.java:115)
	at com.framework.selenium.api.base.SeleniumBase.takeSnap(SeleniumBase.java:935)
	at com.framework.utils.ExtentReporter.reportStep(ExtentReporter.java:82)
	at com.framework.utils.ExtentReporter.reportStep(ExtentReporter.java:115)
	at com.framework.selenium.api.base.SeleniumBase.takeSnap(SeleniumBase.java:935)
	at com.framework.utils.ExtentReporter.reportStep(ExtentReporter.java:82)
	at com.framework.utils.ExtentReporter.reportStep(ExtentReporter.java:115)
	at com.framework.selenium.api.base.SeleniumBase.takeSnap(SeleniumBase.java:935)
	at com.framework.utils.ExtentReporter.reportStep(ExtentReporter.java:82)
	at com.framework.utils.ExtentReporter.reportStep(ExtentReporter.java:115)
	at com.framework.selenium.api.base.SeleniumBase.takeSnap(SeleniumBase.java:935)
	at com.framework.utils.ExtentReporter.reportStep(ExtentReporter.java:82)
	at com.framework.utils.ExtentReporter.reportStep(ExtentReporter.java:115)
	at com.framework.selenium.api.base.SeleniumBase.takeSnap(SeleniumBase.java:935)
	at com.framework.utils.ExtentReporter.reportStep(ExtentReporter.java:82)
	at com.framework.utils.ExtentReporter.reportStep(ExtentReporter.java:115)
	at com.framework.selenium.api.base.SeleniumBase.takeSnap(SeleniumBase.java:935)
	at com.framework.utils.ExtentReporter.reportStep(ExtentReporter.java:82)
	at com.framework.utils.ExtentReporter.reportStep(ExtentReporter.java:115)
	at com.framework.selenium.api.base.SeleniumBase.takeSnap(SeleniumBase.java:935)
	at com.framework.utils.ExtentReporter.reportStep(ExtentReporter.java:82)
	at com.framework.utils.ExtentReporter.reportStep(ExtentReporter.java:115)
	at com.framework.selenium.api.base.SeleniumBase.takeSnap(SeleniumBase.java:935)
	at com.framework.utils.ExtentReporter.reportStep(ExtentReporter.java:82)
	at com.framework.utils.ExtentReporter.reportStep(ExtentReporter.java:115)
	at com.framework.selenium.api.base.SeleniumBase.takeSnap(SeleniumBase.java:935)
	at com.framework.utils.ExtentReporter.reportStep(ExtentReporter.java:82)
	at com.framework.utils.ExtentReporter.reportStep(ExtentReporter.java:115)
	at com.framework.selenium.api.base.SeleniumBase.takeSnap(SeleniumBase.java:935)
	at com.framework.utils.ExtentReporter.reportStep(ExtentReporter.java:82)
	at com.framework.utils.ExtentReporter.reportStep(ExtentReporter.java:115)
	at com.framework.selenium.api.base.SeleniumBase.takeSnap(SeleniumBase.java:935)
	at com.framework.utils.ExtentReporter.reportStep(ExtentReporter.java:82)
	at com.framework.utils.ExtentReporter.reportStep(ExtentReporter.java:115)
	at com.framework.selenium.api.base.SeleniumBase.takeSnap(SeleniumBase.java:935)
	at com.framework.utils.ExtentReporter.reportStep(ExtentReporter.java:82)
	at com.framework.utils.ExtentReporter.reportStep(ExtentReporter.java:115)
	at com.framework.selenium.api.base.SeleniumBase.takeSnap(SeleniumBase.java:935)
	at com.framework.utils.ExtentReporter.reportStep(ExtentReporter.java:82)
	at com.framework.utils.ExtentReporter.reportStep(ExtentReporter.java:115)
	at com.framework.selenium.api.base.SeleniumBase.takeSnap(SeleniumBase.java:935)
	at com.framework.utils.ExtentReporter.reportStep(ExtentReporter.java:82)
	at com.framework.utils.ExtentReporter.reportStep(ExtentReporter.java:115)
	at com.framework.selenium.api.base.SeleniumBase.takeSnap(SeleniumBase.java:935)
	at com.framework.utils.ExtentReporter.reportStep(ExtentReporter.java:82)
	at com.framework.utils.ExtentReporter.reportStep(ExtentReporter.java:115)
	at com.framework.selenium.api.base.SeleniumBase.takeSnap(SeleniumBase.java:935)
	at com.framework.utils.ExtentReporter.reportStep(ExtentReporter.java:82)
	at com.framework.utils.ExtentReporter.reportStep(ExtentReporter.java:115)
	at com.framework.selenium.api.base.SeleniumBase.takeSnap(SeleniumBase.java:935)
	at com.framework.utils.ExtentReporter.reportStep(ExtentReporter.java:82)
	at com.framework.utils.ExtentReporter.reportStep(ExtentReporter.java:115)
	at com.framework.selenium.api.base.SeleniumBase.takeSnap(SeleniumBase.java:935)
	at com.framework.utils.ExtentReporter.reportStep(ExtentReporter.java:82)
	at com.framework.utils.ExtentReporter.reportStep(ExtentReporter.java:115)
	at com.framework.selenium.api.base.SeleniumBase.takeSnap(SeleniumBase.java:935)
	at com.framework.utils.ExtentReporter.reportStep(ExtentReporter.java:82)
	at com.framework.utils.ExtentReporter.reportStep(ExtentReporter.java:115)
	at com.framework.selenium.api.base.SeleniumBase.takeSnap(SeleniumBase.java:935)
	at com.framework.utils.ExtentReporter.reportStep(ExtentReporter.java:82)
	at com.framework.utils.ExtentReporter.reportStep(ExtentReporter.java:115)
	at com.framework.selenium.api.base.SeleniumBase.takeSnap(SeleniumBase.java:935)
	at com.framework.utils.ExtentReporter.reportStep(ExtentReporter.java:82)
	at com.framework.utils.ExtentReporter.reportStep(ExtentReporter.java:115)
	at com.framework.selenium.api.base.SeleniumBase.takeSnap(SeleniumBase.java:935)
	at com.framework.utils.ExtentReporter.reportStep(ExtentReporter.java:82)
	at com.framework.utils.ExtentReporter.reportStep(ExtentReporter.java:115)
	at com.framework.selenium.api.base.SeleniumBase.takeSnap(SeleniumBase.java:935)
	at com.framework.utils.ExtentReporter.reportStep(ExtentReporter.java:82)
	at com.framework.utils.ExtentReporter.reportStep(ExtentReporter.java:115)
	at com.framework.selenium.api.base.SeleniumBase.takeSnap(SeleniumBase.java:935)
	at com.framework.utils.ExtentReporter.reportStep(ExtentReporter.java:82)
	at com.framework.utils.ExtentReporter.reportStep(ExtentReporter.java:115)
	at com.framework.selenium.api.base.SeleniumBase.takeSnap(SeleniumBase.java:935)
	at com.framework.utils.ExtentReporter.reportStep(ExtentReporter.java:82)
	at com.framework.utils.ExtentReporter.reportStep(ExtentReporter.java:115)
	at com.framework.selenium.api.base.SeleniumBase.takeSnap(SeleniumBase.java:935)
	at com.framework.utils.ExtentReporter.reportStep(ExtentReporter.java:82)
	at com.framework.utils.ExtentReporter.reportStep(ExtentReporter.java:115)
	at com.framework.selenium.api.base.SeleniumBase.takeSnap(SeleniumBase.java:935)
	at com.framework.utils.ExtentReporter.reportStep(ExtentReporter.java:82)
	at com.framework.utils.ExtentReporter.reportStep(ExtentReporter.java:115)
	at com.framework.selenium.api.base.SeleniumBase.takeSnap(SeleniumBase.java:935)
	at com.framework.utils.ExtentReporter.reportStep(ExtentReporter.java:82)
	at com.framework.utils.ExtentReporter.reportStep(ExtentReporter.java:115)
	at com.framework.selenium.api.base.SeleniumBase.takeSnap(SeleniumBase.java:935)
	at com.framework.utils.ExtentReporter.reportStep(ExtentReporter.java:82)
	at com.framework.utils.ExtentReporter.reportStep(ExtentReporter.java:115)
	at com.framework.selenium.api.base.SeleniumBase.takeSnap(SeleniumBase.java:935)
	at com.framework.utils.ExtentReporter.reportStep(ExtentReporter.java:82)
	at com.framework.utils.ExtentReporter.reportStep(ExtentReporter.java:115)
	at com.framework.selenium.api.base.SeleniumBase.takeSnap(SeleniumBase.java:935)
	at com.framework.utils.ExtentReporter.reportStep(ExtentReporter.java:82)
	at com.framework.utils.ExtentReporter.reportStep(ExtentReporter.java:115)
	at com.framework.selenium.api.base.SeleniumBase.takeSnap(SeleniumBase.java:935)
	at com.framework.utils.ExtentReporter.reportStep(ExtentReporter.java:82)
	at com.framework.utils.ExtentReporter.reportStep(ExtentReporter.java:115)
	at com.framework.selenium.api.base.SeleniumBase.takeSnap(SeleniumBase.java:935)
	at com.framework.utils.ExtentReporter.reportStep(ExtentReporter.java:82)
	at com.framework.utils.ExtentReporter.reportStep(ExtentReporter.java:115)
	at com.framework.selenium.api.base.SeleniumBase.takeSnap(SeleniumBase.java:935)
	at com.framework.utils.ExtentReporter.reportStep(ExtentReporter.java:82)
	at com.framework.utils.ExtentReporter.reportStep(ExtentReporter.java:115)
	at com.framework.selenium.api.base.SeleniumBase.takeSnap(SeleniumBase.java:935)
	at com.framework.utils.ExtentReporter.reportStep(ExtentReporter.java:82)
	at com.framework.utils.ExtentReporter.reportStep(ExtentReporter.java:115)
	at com.framework.selenium.api.base.SeleniumBase.takeSnap(SeleniumBase.java:935)
	at com.framework.utils.ExtentReporter.reportStep(ExtentReporter.java:82)
	at com.framework.utils.ExtentReporter.reportStep(ExtentReporter.java:115)
	at com.framework.selenium.api.base.SeleniumBase.takeSnap(SeleniumBase.java:935)
	at com.framework.utils.ExtentReporter.reportStep(ExtentReporter.java:82)
	at com.framework.utils.ExtentReporter.reportStep(ExtentReporter.java:115)
	at com.framework.selenium.api.base.SeleniumBase.takeSnap(SeleniumBase.java:935)
	at com.framework.utils.ExtentReporter.reportStep(ExtentReporter.java:82)
	at com.framework.utils.ExtentReporter.reportStep(ExtentReporter.java:115)
	at com.framework.selenium.api.base.SeleniumBase.takeSnap(SeleniumBase.java:935)
	at com.framework.utils.ExtentReporter.reportStep(ExtentReporter.java:82)
	at com.framework.utils.ExtentReporter.reportStep(ExtentReporter.java:115)
	at com.framework.selenium.api.base.SeleniumBase.takeSnap(SeleniumBase.java:935)
	at com.framework.utils.ExtentReporter.reportStep(ExtentReporter.java:82)
	at com.framework.utils.ExtentReporter.reportStep(ExtentReporter.java:115)
	at com.framework.selenium.api.base.SeleniumBase.takeSnap(SeleniumBase.java:935)
	at com.framework.utils.ExtentReporter.reportStep(ExtentReporter.java:82)
	at com.framework.utils.ExtentReporter.reportStep(ExtentReporter.java:115)
	at com.framework.selenium.api.base.SeleniumBase.takeSnap(SeleniumBase.java:935)
	at com.framework.utils.ExtentReporter.reportStep(ExtentReporter.java:82)
	at com.framework.utils.ExtentReporter.reportStep(ExtentReporter.java:115)
	at com.framework.selenium.api.base.SeleniumBase.takeSnap(SeleniumBase.java:935)
	at com.framework.utils.ExtentReporter.reportStep(ExtentReporter.java:82)
	at com.framework.utils.ExtentReporter.reportStep(ExtentReporter.java:115)
	at com.framework.selenium.api.base.SeleniumBase.takeSnap(SeleniumBase.java:935)
	at com.framework.utils.ExtentReporter.reportStep(ExtentReporter.java:82)
	at com.framework.utils.ExtentReporter.reportStep(ExtentReporter.java:115)
	at com.framework.selenium.api.base.SeleniumBase.takeSnap(SeleniumBase.java:935)
	at com.framework.utils.ExtentReporter.reportStep(ExtentReporter.java:82)
	at com.framework.utils.ExtentReporter.reportStep(ExtentReporter.java:115)
	at com.framework.selenium.api.base.SeleniumBase.takeSnap(SeleniumBase.java:935)
	at com.framework.utils.ExtentReporter.reportStep(ExtentReporter.java:82)
	at com.framework.utils.ExtentReporter.reportStep(ExtentReporter.java:115)
	at com.framework.selenium.api.base.SeleniumBase.takeSnap(SeleniumBase.java:935)
	at com.framework.utils.ExtentReporter.reportStep(ExtentReporter.java:82)
	at com.framework.utils.ExtentReporter.reportStep(ExtentReporter.java:115)
	at com.framework.selenium.api.base.SeleniumBase.takeSnap(SeleniumBase.java:935)
	at com.framework.utils.ExtentReporter.reportStep(ExtentReporter.java:82)
	at com.framework.utils.ExtentReporter.reportStep(ExtentReporter.java:115)
	at com.framework.selenium.api.base.SeleniumBase.takeSnap(SeleniumBase.java:935)
	at com.framework.utils.ExtentReporter.reportStep(ExtentReporter.java:82)
	at com.framework.utils.ExtentReporter.reportStep(ExtentReporter.java:115)
	at com.framework.selenium.api.base.SeleniumBase.takeSnap(SeleniumBase.java:935)
	at com.framework.utils.ExtentReporter.reportStep(ExtentReporter.java:82)
	at com.framework.utils.ExtentReporter.reportStep(ExtentReporter.java:115)
	at com.framework.selenium.api.base.SeleniumBase.takeSnap(SeleniumBase.java:935)
	at com.framework.utils.ExtentReporter.reportStep(ExtentReporter.java:82)
	at com.framework.utils.ExtentReporter.reportStep(ExtentReporter.java:115)
	at com.framework.selenium.api.base.SeleniumBase.takeSnap(SeleniumBase.java:935)
	at com.framework.utils.ExtentReporter.reportStep(ExtentReporter.java:82)
	at com.framework.utils.ExtentReporter.reportStep(ExtentReporter.java:115)
	at com.framework.selenium.api.base.SeleniumBase.takeSnap(SeleniumBase.java:935)
	at com.framework.utils.ExtentReporter.reportStep(ExtentReporter.java:82)
	at com.framework.utils.ExtentReporter.reportStep(ExtentReporter.java:115)
	at com.framework.selenium.api.base.SeleniumBase.takeSnap(SeleniumBase.java:935)
	at com.framework.utils.ExtentReporter.reportStep(ExtentReporter.java:82)
	at com.framework.utils.ExtentReporter.reportStep(ExtentReporter.java:115)
	at com.framework.selenium.api.base.SeleniumBase.takeSnap(SeleniumBase.java:935)
	at com.framework.utils.ExtentReporter.reportStep(ExtentReporter.java:82)
	at com.framework.utils.ExtentReporter.reportStep(ExtentReporter.java:115)
	at com.framework.selenium.api.base.SeleniumBase.takeSnap(SeleniumBase.java:935)
	at com.framework.utils.ExtentReporter.reportStep(ExtentReporter.java:82)
	at com.framework.utils.ExtentReporter.reportStep(ExtentReporter.java:115)
	at com.framework.selenium.api.base.SeleniumBase.takeSnap(SeleniumBase.java:935)
	at com.framework.utils.ExtentReporter.reportStep(ExtentReporter.java:82)
	at com.framework.utils.ExtentReporter.reportStep(ExtentReporter.java:115)
	at com.framework.selenium.api.base.SeleniumBase.takeSnap(SeleniumBase.java:935)
	at com.framework.utils.ExtentReporter.reportStep(ExtentReporter.java:82)
	at com.framework.utils.ExtentReporter.reportStep(ExtentReporter.java:115)
	at com.framework.selenium.api.base.SeleniumBase.takeSnap(SeleniumBase.java:935)
	at com.framework.utils.ExtentReporter.reportStep(ExtentReporter.java:82)
	at com.framework.utils.ExtentReporter.reportStep(ExtentReporter.java:115)
	at com.framework.selenium.api.base.SeleniumBase.takeSnap(SeleniumBase.java:935)
	at com.framework.utils.ExtentReporter.reportStep(ExtentReporter.java:82)
	at com.framework.utils.ExtentReporter.reportStep(ExtentReporter.java:115)
	at com.framework.selenium.api.base.SeleniumBase.takeSnap(SeleniumBase.java:935)
	at com.framework.utils.ExtentReporter.reportStep(ExtentReporter.java:82)
	at com.framework.utils.ExtentReporter.reportStep(ExtentReporter.java:115)
	at com.framework.selenium.api.base.SeleniumBase.takeSnap(SeleniumBase.java:935)
	at com.framework.utils.ExtentReporter.reportStep(ExtentReporter.java:82)
	at com.framework.utils.ExtentReporter.reportStep(ExtentReporter.java:115)
	at com.framework.selenium.api.base.SeleniumBase.takeSnap(SeleniumBase.java:935)
	at com.framework.utils.ExtentReporter.reportStep(ExtentReporter.java:82)
	at com.framework.utils.ExtentReporter.reportStep(ExtentReporter.java:115)
	at com.framework.selenium.api.base.SeleniumBase.takeSnap(SeleniumBase.java:935)
	at com.framework.utils.ExtentReporter.reportStep(ExtentReporter.java:82)
	at com.framework.utils.ExtentReporter.reportStep(ExtentReporter.java:115)
	at com.framework.selenium.api.base.SeleniumBase.takeSnap(SeleniumBase.java:935)
	at com.framework.utils.ExtentReporter.reportStep(ExtentReporter.java:82)
	at com.framework.utils.ExtentReporter.reportStep(ExtentReporter.java:115)
	at com.framework.selenium.api.base.SeleniumBase.takeSnap(SeleniumBase.java:935)
	at com.framework.utils.ExtentReporter.reportStep(ExtentReporter.java:82)
	at com.framework.utils.ExtentReporter.reportStep(ExtentReporter.java:115)
	at com.framework.selenium.api.base.SeleniumBase.takeSnap(SeleniumBase.java:935)
	at com.framework.utils.ExtentReporter.reportStep(ExtentReporter.java:82)
	at com.framework.utils.ExtentReporter.reportStep(ExtentReporter.java:115)
	at com.framework.selenium.api.base.SeleniumBase.takeSnap(SeleniumBase.java:935)
	at com.framework.utils.ExtentReporter.reportStep(ExtentReporter.java:82)
	at com.framework.utils.ExtentReporter.reportStep(ExtentReporter.java:115)
	at com.framework.selenium.api.base.SeleniumBase.takeSnap(SeleniumBase.java:935)
	at com.framework.utils.ExtentReporter.reportStep(ExtentReporter.java:82)
	at com.framework.utils.ExtentReporter.reportStep(ExtentReporter.java:115)
	at com.framework.selenium.api.base.SeleniumBase.takeSnap(SeleniumBase.java:935)
	at com.framework.utils.ExtentReporter.reportStep(ExtentReporter.java:82)
	at com.framework.utils.ExtentReporter.reportStep(ExtentReporter.java:115)
	at com.framework.selenium.api.base.SeleniumBase.takeSnap(SeleniumBase.java:935)
	at com.framework.utils.ExtentReporter.reportStep(ExtentReporter.java:82)
	at com.framework.utils.ExtentReporter.reportStep(ExtentReporter.java:115)
	at com.framework.selenium.api.base.SeleniumBase.takeSnap(SeleniumBase.java:935)
	at com.framework.utils.ExtentReporter.reportStep(ExtentReporter.java:82)
	at com.framework.utils.ExtentReporter.reportStep(ExtentReporter.java:115)
	at com.framework.selenium.api.base.SeleniumBase.takeSnap(SeleniumBase.java:935)
	at com.framework.utils.ExtentReporter.reportStep(ExtentReporter.java:82)
	at com.framework.utils.ExtentReporter.reportStep(ExtentReporter.java:115)
]]>
    </failure>
  </testcase> <!-- runTests -->
</testsuite> <!-- Leads -->
